[2013.09.28 18:59:46] (Coverage): Failed to load coverage data from file: /home/maxim/.IntelliJIdea12/system/coverage/alltasks$MainHttpd.coverage
java.io.EOFException
	at java.io.DataInputStream.readUnsignedByte(DataInputStream.java:290)
	at com.intellij.rt.coverage.util.CoverageIOUtil.readINT(CoverageIOUtil.java:114)
	at com.intellij.rt.coverage.util.ProjectDataLoader.load(ProjectDataLoader.java:22)
	at com.intellij.coverage.IDEACoverageRunner.loadCoverageData(IDEACoverageRunner.java:22)
	at com.intellij.coverage.BaseCoverageSuite.loadProjectInfo(BaseCoverageSuite.java:245)
	at com.intellij.coverage.JavaCoverageSuite.getCoverageData(JavaCoverageSuite.java:130)
	at com.intellij.coverage.CoverageSuitesBundle.getCoverageData(CoverageSuitesBundle.java:83)
	at com.intellij.coverage.PackageAnnotator.annotate(PackageAnnotator.java:93)
	at com.intellij.coverage.JavaCoverageAnnotator$1.run(JavaCoverageAnnotator.java:128)
	at com.intellij.coverage.BaseCoverageAnnotator$1.run(BaseCoverageAnnotator.java:36)
	at com.intellij.openapi.progress.impl.ProgressManagerImpl$TaskRunnable.run(ProgressManagerImpl.java:495)
	at com.intellij.openapi.progress.impl.ProgressManagerImpl$2.run(ProgressManagerImpl.java:185)
	at com.intellij.openapi.progress.impl.ProgressManagerImpl.executeProcessUnderProgress(ProgressManagerImpl.java:226)
	at com.intellij.openapi.progress.impl.ProgressManagerImpl.runProcess(ProgressManagerImpl.java:175)
	at com.intellij.openapi.progress.impl.ProgressManagerImpl$8.run(ProgressManagerImpl.java:400)
	at com.intellij.openapi.application.impl.ApplicationImpl$8.run(ApplicationImpl.java:454)
	at java.util.concurrent.Executors$RunnableAdapter.call(Executors.java:471)
	at java.util.concurrent.FutureTask$Sync.innerRun(FutureTask.java:334)
	at java.util.concurrent.FutureTask.run(FutureTask.java:166)
	at java.util.concurrent.ThreadPoolExecutor.runWorker(ThreadPoolExecutor.java:1145)
	at java.util.concurrent.ThreadPoolExecutor$Worker.run(ThreadPoolExecutor.java:615)
	at java.lang.Thread.run(Thread.java:724)
	at com.intellij.openapi.application.impl.ApplicationImpl$1$1.run(ApplicationImpl.java:152)
[2013.09.28 19:49:18] (Coverage): Failed to load coverage data from file: /home/maxim/.IntelliJIdea12/system/coverage/alltasks$MainHttpd.coverage
java.io.EOFException
	at java.io.DataInputStream.readUnsignedByte(DataInputStream.java:290)
	at com.intellij.rt.coverage.util.CoverageIOUtil.readINT(CoverageIOUtil.java:114)
	at com.intellij.rt.coverage.util.ProjectDataLoader.load(ProjectDataLoader.java:22)
	at com.intellij.coverage.IDEACoverageRunner.loadCoverageData(IDEACoverageRunner.java:22)
	at com.intellij.coverage.BaseCoverageSuite.loadProjectInfo(BaseCoverageSuite.java:245)
	at com.intellij.coverage.JavaCoverageSuite.getCoverageData(JavaCoverageSuite.java:130)
	at com.intellij.coverage.CoverageSuitesBundle.getCoverageData(CoverageSuitesBundle.java:83)
	at com.intellij.coverage.SrcFileAnnotator.showCoverageInformation(SrcFileAnnotator.java:232)
	at com.intellij.coverage.CoverageDataManagerImpl.editorCreated(CoverageDataManagerImpl.java:455)
	at com.intellij.coverage.CoverageDataManagerImpl.access$400(CoverageDataManagerImpl.java:69)
	at com.intellij.coverage.CoverageDataManagerImpl$7$1.run(CoverageDataManagerImpl.java:476)
	at com.intellij.openapi.application.impl.ApplicationImpl$8.run(ApplicationImpl.java:454)
	at java.util.concurrent.Executors$RunnableAdapter.call(Executors.java:471)
	at java.util.concurrent.FutureTask$Sync.innerRun(FutureTask.java:334)
	at java.util.concurrent.FutureTask.run(FutureTask.java:166)
	at java.util.concurrent.ThreadPoolExecutor.runWorker(ThreadPoolExecutor.java:1145)
	at java.util.concurrent.ThreadPoolExecutor$Worker.run(ThreadPoolExecutor.java:615)
	at java.lang.Thread.run(Thread.java:724)
	at com.intellij.openapi.application.impl.ApplicationImpl$1$1.run(ApplicationImpl.java:152)
[2013.09.28 20:12:00] (Coverage): Failed to load coverage data from file: /home/maxim/.IntelliJIdea12/system/coverage/alltasks$MainHttpd.coverage
java.io.EOFException
	at java.io.DataInputStream.readUnsignedByte(DataInputStream.java:290)
	at com.intellij.rt.coverage.util.CoverageIOUtil.readINT(CoverageIOUtil.java:114)
	at com.intellij.rt.coverage.util.ProjectDataLoader.load(ProjectDataLoader.java:22)
	at com.intellij.coverage.IDEACoverageRunner.loadCoverageData(IDEACoverageRunner.java:22)
	at com.intellij.coverage.BaseCoverageSuite.loadProjectInfo(BaseCoverageSuite.java:245)
	at com.intellij.coverage.JavaCoverageSuite.getCoverageData(JavaCoverageSuite.java:130)
	at com.intellij.coverage.CoverageSuitesBundle.getCoverageData(CoverageSuitesBundle.java:83)
	at com.intellij.coverage.SrcFileAnnotator.showCoverageInformation(SrcFileAnnotator.java:232)
	at com.intellij.coverage.CoverageDataManagerImpl.editorCreated(CoverageDataManagerImpl.java:455)
	at com.intellij.coverage.CoverageDataManagerImpl.access$400(CoverageDataManagerImpl.java:69)
	at com.intellij.coverage.CoverageDataManagerImpl$7$1.run(CoverageDataManagerImpl.java:476)
	at com.intellij.openapi.application.impl.ApplicationImpl$8.run(ApplicationImpl.java:454)
	at java.util.concurrent.Executors$RunnableAdapter.call(Executors.java:471)
	at java.util.concurrent.FutureTask$Sync.innerRun(FutureTask.java:334)
	at java.util.concurrent.FutureTask.run(FutureTask.java:166)
	at java.util.concurrent.ThreadPoolExecutor.runWorker(ThreadPoolExecutor.java:1145)
	at java.util.concurrent.ThreadPoolExecutor$Worker.run(ThreadPoolExecutor.java:615)
	at java.lang.Thread.run(Thread.java:724)
	at com.intellij.openapi.application.impl.ApplicationImpl$1$1.run(ApplicationImpl.java:152)
