#
# A fatal error has been detected by the Java Runtime Environment:
#
#  SIGSEGV (0xb) at pc=0x00007f970b8ef4c9, pid=6486, tid=140286440826624
#
# JRE version: 7.0_25-b15
# Java VM: Java HotSpot(TM) 64-Bit Server VM (23.25-b01 mixed mode linux-amd64 compressed oops)
# Problematic frame:
# V  [libjvm.so+0x5514c9]  java_lang_String::utf8_length(oopDesc*)+0xd9
#
# Failed to write core dump. Core dumps have been disabled. To enable core dumping, try "ulimit -c unlimited" before starting Java again
#
# If you would like to submit a bug report, please visit:
#   http://bugreport.sun.com/bugreport/crash.jsp
#

---------------  T H R E A D  ---------------

Current thread (0x00007f97040f4800):  JavaThread "JDWP Transport Listener: dt_socket" daemon [_thread_in_vm, id=6494, stack(0x00007f96fb68e000,0x00007f96fb78f000)]

siginfo:si_signo=SIGSEGV: si_errno=0, si_code=1 (SEGV_MAPERR), si_addr=0x000000000000000c

Registers:
RAX=0x000000000000000c, RBX=0x00007f97040f4800, RCX=0x0000000000000000, RDX=0x0000000000000000
RSP=0x00007f96fb78da70, RBP=0x00007f96fb78da80, RSI=0x000000000000000c, RDI=0x00000007d67afa10
R8 =0x0000000000000000, R9 =0x0000000000000001, R10=0x0000000000000000, R11=0x00007f970b8ff780
R12=0x0000000000000000, R13=0x00007f97040a9170, R14=0x00007f96fb78db80, R15=0x00000007d67afa10
RIP=0x00007f970b8ef4c9, EFLAGS=0x0000000000010246, CSGSFS=0x0000000000000033, ERR=0x0000000000000004
  TRAPNO=0x000000000000000e

Top of Stack: (sp=0x00007f96fb78da70)
0x00007f96fb78da70:   00007f97040f4800 00007f97040a9170
0x00007f96fb78da80:   00007f96fb78db00 00007f970b91635b
0x00007f96fb78da90:   00007f97040f49d8 0000000000000000
0x00007f96fb78daa0:   00007f97040f4800 0000000000000000
0x00007f96fb78dab0:   00007f96fb78db00 00007f970a84de12
0x00007f96fb78dac0:   00007f97040f4800 000000000000000a
0x00007f96fb78dad0:   00007f96fb78db00 00007f96fb78dd10
0x00007f96fb78dae0:   00007f97040f49d8 00007f97040a9170
0x00007f96fb78daf0:   00007f96fb78db80 00007f970aa60e40
0x00007f96fb78db00:   00007f96fb78db40 00007f970a8302d2
0x00007f96fb78db10:   0000000000009945 000000000000000a
0x00007f96fb78db20:   0000000000000001 000000000000000a
0x00007f96fb78db30:   0000000000010a00 0000000000000001
0x00007f96fb78db40:   00007f96fb78dd90 00007f970a838806
0x00007f96fb78db50:   0000994500000013 00007f970b010a00
0x00007f96fb78db60:   00007f96d8000ba0 00007f97040f5850
0x00007f96fb78db70:   00007f96fb78db80 00007f96fb78dd10
0x00007f96fb78db80:   00007f96fb78dbd0 00007f970000012c
0x00007f96fb78db90:   00007f96fb78db98 00007f9700000000
0x00007f96fb78dba0:   00007f96fb78dbd0 0000000000000000
0x00007f96fb78dbb0:   00007f0000000000 0000994500000014
0x00007f96fb78dbc0:   00007f960000db80 00007f96fb78dbd0
0x00007f96fb78dbd0:   0000000000000001 0000000105002bb1
0x00007f96fb78dbe0:   7f00004500000000 000000e8c000d496
0x00007f96fb78dbf0:   0900003400000000 00000010e2010000
0x00007f96fb78dc00:   003e74696e693c06 76616a4c28150000
0x00007f96fb78dc10:   532f676e616c2f61 56293b676e697274
0x00007f96fb78dc20:   0100000000000000 08a601e0967f0000
0x00007f96fb78dc30:   696e693c06000000 5b28050000003e74
0x00007f96fb78dc40:   0000000000562943 e0967f0000010000
0x00007f96fb78dc50:   3c0600000000a601 0000003e74696e69
0x00007f96fb78dc60:   56294949435b2807 0100000000000000 

Instructions: (pc=0x00007f970b8ef4c9)
0x00007f970b8ef4a9:   08 48 d3 e2 48 03 10 b8 0c 00 00 00 eb 12 66 0f
0x00007f970b8ef4b9:   1f 84 00 00 00 00 00 48 8b 14 37 b8 10 00 00 00
0x00007f970b8ef4c9:   8b 1c 02 e9 6b ff ff ff 90 66 66 66 66 66 2e 0f
0x00007f970b8ef4d9:   1f 84 00 00 00 00 00 55 48 8b 05 f0 c0 76 00 48 

Register to memory mapping:

RAX=0x000000000000000c is an unknown value
RBX=0x00007f97040f4800 is a thread
RCX=0x0000000000000000 is an unknown value
RDX=0x0000000000000000 is an unknown value
RSP=0x00007f96fb78da70 is pointing into the stack for thread: 0x00007f97040f4800
RBP=0x00007f96fb78da80 is pointing into the stack for thread: 0x00007f97040f4800
RSI=0x000000000000000c is an unknown value
RDI=0x00000007d67afa10 is an oop
java.lang.String 
 - klass: 'java/lang/String'
R8 =0x0000000000000000 is an unknown value
R9 =0x0000000000000001 is an unknown value
R10=0x0000000000000000 is an unknown value
R11=0x00007f970b8ff780: <offset 0x561780> in /usr/lib/jvm/jdk1.7.0_25/jre/lib/amd64/server/libjvm.so at 0x00007f970b39e000
R12=0x0000000000000000 is an unknown value
R13=0x00007f97040a9170 is a global jni handle
R14=0x00007f96fb78db80 is pointing into the stack for thread: 0x00007f97040f4800
R15=0x00000007d67afa10 is an oop
java.lang.String 
 - klass: 'java/lang/String'


Stack: [0x00007f96fb68e000,0x00007f96fb78f000],  sp=0x00007f96fb78da70,  free space=1022k
Native frames: (J=compiled Java code, j=interpreted, Vv=VM code, C=native code)
V  [libjvm.so+0x5514c9]  java_lang_String::utf8_length(oopDesc*)+0xd9
V  [libjvm.so+0x57835b]  jni_GetStringUTFChars+0xab
C  [libjdwp.so+0x92d2]  value+0x92
C  [libjdwp.so+0x11806]  debugLoop_run+0x2b6
C  [libjdwp.so+0x2422f]  attachThread+0x2f
V  [libjvm.so+0x623217]  JvmtiAgentThread::call_start_function()+0x97
V  [libjvm.so+0x861bc8]  JavaThread::thread_main_inner()+0xc8
V  [libjvm.so+0x861d18]  JavaThread::run()+0x138
V  [libjvm.so+0x744270]  java_start(Thread*)+0x100


---------------  P R O C E S S  ---------------

Java Threads: ( => current thread )
  0x00007f97040ff800 JavaThread "Service Thread" daemon [_thread_blocked, id=6501, stack(0x00007f96fb189000,0x00007f96fb28a000)]
  0x00007f97040fd000 JavaThread "C2 CompilerThread1" daemon [_thread_blocked, id=6500, stack(0x00007f96fb28a000,0x00007f96fb38b000)]
  0x00007f97040fa800 JavaThread "C2 CompilerThread0" daemon [_thread_blocked, id=6499, stack(0x00007f96fb38b000,0x00007f96fb48c000)]
  0x00007f96e0001000 JavaThread "JDWP Command Reader" daemon [_thread_in_native, id=6498, stack(0x00007f96fb48c000,0x00007f96fb58d000)]
  0x00007f97040f8000 JavaThread "JDWP Event Helper Thread" daemon [_thread_blocked, id=6497, stack(0x00007f96fb58d000,0x00007f96fb68e000)]
=>0x00007f97040f4800 JavaThread "JDWP Transport Listener: dt_socket" daemon [_thread_in_vm, id=6494, stack(0x00007f96fb68e000,0x00007f96fb78f000)]
  0x00007f97040e7800 JavaThread "Signal Dispatcher" daemon [_thread_blocked, id=6493, stack(0x00007f96fb993000,0x00007f96fba94000)]
  0x00007f970409a800 JavaThread "Finalizer" daemon [_thread_blocked, id=6492, stack(0x00007f96fba94000,0x00007f96fbb95000)]
  0x00007f9704098800 JavaThread "Reference Handler" daemon [_thread_blocked, id=6491, stack(0x00007f96fbb95000,0x00007f96fbc96000)]
  0x00007f970400b800 JavaThread "main" [_thread_blocked, id=6487, stack(0x00007f970cbac000,0x00007f970ccad000)]

Other Threads:
  0x00007f9704091000 VMThread [stack: 0x00007f96fbc96000,0x00007f96fbd97000] [id=6490]
  0x00007f970410a000 WatcherThread [stack: 0x00007f96fb088000,0x00007f96fb189000] [id=6502]

VM state:not at safepoint (normal execution)

VM Mutex/Monitor currently owned by a thread: None

Heap
 PSYoungGen      total 37248K, used 1924K [0x00000007d6600000, 0x00000007d8f90000, 0x0000000800000000)
  eden space 31936K, 6% used [0x00000007d6600000,0x00000007d67e1138,0x00000007d8530000)
  from space 5312K, 0% used [0x00000007d8a60000,0x00000007d8a60000,0x00000007d8f90000)
  to   space 5312K, 0% used [0x00000007d8530000,0x00000007d8530000,0x00000007d8a60000)
 ParOldGen       total 85248K, used 0K [0x0000000783200000, 0x0000000788540000, 0x00000007d6600000)
  object space 85248K, 0% used [0x0000000783200000,0x0000000783200000,0x0000000788540000)
 PSPermGen       total 21248K, used 3061K [0x000000077e000000, 0x000000077f4c0000, 0x0000000783200000)
  object space 21248K, 14% used [0x000000077e000000,0x000000077e2fd758,0x000000077f4c0000)

Card table byte_map: [0x00007f9708f6b000,0x00007f970937c000] byte_map_base: 0x00007f970537b000

Polling page: 0x00007f970ccd4000

Code Cache  [0x00007f9701000000, 0x00007f9701270000, 0x00007f9704000000)
 total_blobs=184 nmethods=5 adapters=140 free_code_cache=48762Kb largest_free_block=49911744

Compilation events (10 events):
Event: 0.168 Thread 0x00007f97040fa800    1             sun.nio.cs.UTF_8$Encoder::encode (361 bytes)
Event: 0.185 Thread 0x00007f97040fd000    2             java.lang.String::hashCode (55 bytes)
Event: 0.188 Thread 0x00007f97040fd000 nmethod 2 0x00007f970105f9d0 code [0x00007f970105fb20, 0x00007f970105fcd8]
Event: 0.195 Thread 0x00007f97040fa800 nmethod 1 0x00007f970105ed10 code [0x00007f970105eea0, 0x00007f970105f588]
Event: 0.210 Thread 0x00007f97040fd000    3             java.lang.String::indexOf (70 bytes)
Event: 0.215 Thread 0x00007f97040fd000 nmethod 3 0x00007f970105e8d0 code [0x00007f970105ea20, 0x00007f970105ec08]
Event: 0.243 Thread 0x00007f97040fa800    4             java.lang.String::charAt (29 bytes)
Event: 0.244 Thread 0x00007f97040fa800 nmethod 4 0x00007f9701061c10 code [0x00007f9701061d60, 0x00007f9701061e58]
Event: 0.250 Thread 0x00007f97040fa800    5             java.lang.String::indexOf (166 bytes)
Event: 0.259 Thread 0x00007f97040fa800 nmethod 5 0x00007f970105ff90 code [0x00007f97010600e0, 0x00007f97010605b8]

GC Heap History (0 events):
No events

Deoptimization events (0 events):
No events

Internal exceptions (10 events):
Event: 0.262 Thread 0x00007f970400b800 Threw 0x00000007d6782e90 at /HUDSON/workspace/jdk7u25-2-build-linux-amd64-product/jdk7u25/hotspot/src/share/vm/prims/jvm.cpp:1235
Event: 0.263 Thread 0x00007f970400b800 Threw 0x00000007d67876c0 at /HUDSON/workspace/jdk7u25-2-build-linux-amd64-product/jdk7u25/hotspot/src/share/vm/prims/jvm.cpp:1235
Event: 0.264 Thread 0x00007f970400b800 Threw 0x00000007d678c030 at /HUDSON/workspace/jdk7u25-2-build-linux-amd64-product/jdk7u25/hotspot/src/share/vm/prims/jvm.cpp:1235
Event: 0.265 Thread 0x00007f970400b800 Threw 0x00000007d6790cb8 at /HUDSON/workspace/jdk7u25-2-build-linux-amd64-product/jdk7u25/hotspot/src/share/vm/prims/jvm.cpp:1235
Event: 0.268 Thread 0x00007f970400b800 Threw 0x00000007d67959b0 at /HUDSON/workspace/jdk7u25-2-build-linux-amd64-product/jdk7u25/hotspot/src/share/vm/prims/jvm.cpp:1235
Event: 0.272 Thread 0x00007f970400b800 Threw 0x00000007d679b858 at /HUDSON/workspace/jdk7u25-2-build-linux-amd64-product/jdk7u25/hotspot/src/share/vm/prims/jvm.cpp:1235
Event: 0.276 Thread 0x00007f970400b800 Threw 0x00000007d67a14e8 at /HUDSON/workspace/jdk7u25-2-build-linux-amd64-product/jdk7u25/hotspot/src/share/vm/prims/jvm.cpp:1235
Event: 0.277 Thread 0x00007f970400b800 Threw 0x00000007d67a5f50 at /HUDSON/workspace/jdk7u25-2-build-linux-amd64-product/jdk7u25/hotspot/src/share/vm/prims/jvm.cpp:1235
Event: 0.279 Thread 0x00007f970400b800 Threw 0x00000007d67ac0c0 at /HUDSON/workspace/jdk7u25-2-build-linux-amd64-product/jdk7u25/hotspot/src/share/vm/prims/jvm.cpp:1235
Event: 14.795 Thread 0x00007f970400b800 Threw 0x00000007d67af818 at /HUDSON/workspace/jdk7u25-2-build-linux-amd64-product/jdk7u25/hotspot/src/share/vm/classfile/systemDict

Events (10 events):
Event: 92.543 Executing VM operation: ChangeSingleStep
Event: 92.543 Executing VM operation: ChangeSingleStep done
Event: 92.658 Executing VM operation: GetOrSetLocal
Event: 92.658 Executing VM operation: GetOrSetLocal done
Event: 92.661 Executing VM operation: GetOrSetLocal
Event: 92.661 Executing VM operation: GetOrSetLocal done
Event: 92.662 Executing VM operation: GetOrSetLocal
Event: 92.662 Executing VM operation: GetOrSetLocal done
Event: 92.663 Executing VM operation: GetOrSetLocal
Event: 92.663 Executing VM operation: GetOrSetLocal done


Dynamic libraries:
00400000-00401000 r-xp 00000000 08:02 1714157                            /usr/lib/jvm/jdk1.7.0_25/bin/java
00600000-00601000 rw-p 00000000 08:02 1714157                            /usr/lib/jvm/jdk1.7.0_25/bin/java
01331000-01352000 rw-p 00000000 00:00 0                                  [heap]
77e000000-77f4c0000 rw-p 00000000 00:00 0 
77f4c0000-783200000 rw-p 00000000 00:00 0 
783200000-788540000 rw-p 00000000 00:00 0 
788540000-7d6600000 rw-p 00000000 00:00 0 
7d6600000-7d8f90000 rw-p 00000000 00:00 0 
7d8f90000-800000000 rw-p 00000000 00:00 0 
7f96c4000000-7f96c4021000 rw-p 00000000 00:00 0 
7f96c4021000-7f96c8000000 ---p 00000000 00:00 0 
7f96c8000000-7f96c8021000 rw-p 00000000 00:00 0 
7f96c8021000-7f96cc000000 ---p 00000000 00:00 0 
7f96cc000000-7f96cc109000 rw-p 00000000 00:00 0 
7f96cc109000-7f96d0000000 ---p 00000000 00:00 0 
7f96d0000000-7f96d0055000 rw-p 00000000 00:00 0 
7f96d0055000-7f96d4000000 ---p 00000000 00:00 0 
7f96d4000000-7f96d4021000 rw-p 00000000 00:00 0 
7f96d4021000-7f96d8000000 ---p 00000000 00:00 0 
7f96d8000000-7f96d8021000 rw-p 00000000 00:00 0 
7f96d8021000-7f96dc000000 ---p 00000000 00:00 0 
7f96dc000000-7f96dc021000 rw-p 00000000 00:00 0 
7f96dc021000-7f96e0000000 ---p 00000000 00:00 0 
7f96e0000000-7f96e0024000 rw-p 00000000 00:00 0 
7f96e0024000-7f96e4000000 ---p 00000000 00:00 0 
7f96e4000000-7f96e4021000 rw-p 00000000 00:00 0 
7f96e4021000-7f96e8000000 ---p 00000000 00:00 0 
7f96e8000000-7f96e8021000 rw-p 00000000 00:00 0 
7f96e8021000-7f96ec000000 ---p 00000000 00:00 0 
7f96ec000000-7f96ec021000 rw-p 00000000 00:00 0 
7f96ec021000-7f96f0000000 ---p 00000000 00:00 0 
7f96f0000000-7f96f0021000 rw-p 00000000 00:00 0 
7f96f0021000-7f96f4000000 ---p 00000000 00:00 0 
7f96f4000000-7f96f4021000 rw-p 00000000 00:00 0 
7f96f4021000-7f96f8000000 ---p 00000000 00:00 0 
7f96fada9000-7f96fafa1000 rw-p 00000000 00:00 0 
7f96fafa1000-7f96fafaa000 r--s 00067000 08:02 1719195                    /usr/lib/jvm/jdk1.7.0_25/jre/lib/javaws.jar
7f96fafaa000-7f96fafcf000 rw-p 00000000 00:00 0 
7f96fafcf000-7f96fb05e000 r--s 00dd9000 08:02 1719404                    /usr/lib/jvm/jdk1.7.0_25/jre/lib/jfxrt.jar
7f96fb05e000-7f96fb071000 r--s 000d3000 08:02 1714305                    /usr/lib/jvm/jdk1.7.0_25/jre/lib/plugin.jar
7f96fb071000-7f96fb088000 r--s 001c2000 08:02 1714310                    /usr/lib/jvm/jdk1.7.0_25/jre/lib/deploy.jar
7f96fb088000-7f96fb089000 ---p 00000000 00:00 0 
7f96fb089000-7f96fb189000 rw-p 00000000 00:00 0 
7f96fb189000-7f96fb18c000 ---p 00000000 00:00 0 
7f96fb18c000-7f96fb28a000 rw-p 00000000 00:00 0 
7f96fb28a000-7f96fb28d000 ---p 00000000 00:00 0 
7f96fb28d000-7f96fb38b000 rw-p 00000000 00:00 0 
7f96fb38b000-7f96fb38e000 ---p 00000000 00:00 0 
7f96fb38e000-7f96fb48c000 rw-p 00000000 00:00 0 
7f96fb48c000-7f96fb48f000 ---p 00000000 00:00 0 
7f96fb48f000-7f96fb58d000 rw-p 00000000 00:00 0 
7f96fb58d000-7f96fb590000 ---p 00000000 00:00 0 
7f96fb590000-7f96fb68e000 rw-p 00000000 00:00 0 
7f96fb68e000-7f96fb691000 ---p 00000000 00:00 0 
7f96fb691000-7f96fb78f000 rw-p 00000000 00:00 0 
7f96fb78f000-7f96fb793000 r-xp 00000000 08:02 1719354                    /usr/lib/jvm/jdk1.7.0_25/jre/lib/amd64/libdt_socket.so
7f96fb793000-7f96fb992000 ---p 00004000 08:02 1719354                    /usr/lib/jvm/jdk1.7.0_25/jre/lib/amd64/libdt_socket.so
7f96fb992000-7f96fb993000 rw-p 00003000 08:02 1719354                    /usr/lib/jvm/jdk1.7.0_25/jre/lib/amd64/libdt_socket.so
7f96fb993000-7f96fb996000 ---p 00000000 00:00 0 
7f96fb996000-7f96fba94000 rw-p 00000000 00:00 0 
7f96fba94000-7f96fba97000 ---p 00000000 00:00 0 
7f96fba97000-7f96fbb95000 rw-p 00000000 00:00 0 
7f96fbb95000-7f96fbb98000 ---p 00000000 00:00 0 
7f96fbb98000-7f96fbc96000 rw-p 00000000 00:00 0 
7f96fbc96000-7f96fbc97000 ---p 00000000 00:00 0 
7f96fbc97000-7f9701000000 rw-p 00000000 00:00 0 
7f9701000000-7f9701270000 rwxp 00000000 00:00 0 
7f9701270000-7f9704168000 rw-p 00000000 00:00 0 
7f9704168000-7f9708000000 ---p 00000000 00:00 0 
7f970800e000-7f97088e9000 rw-p 00000000 00:00 0 
7f97088e9000-7f9708aa6000 r--s 039f9000 08:02 1717586                    /usr/lib/jvm/jdk1.7.0_25/jre/lib/rt.jar
7f9708aa6000-7f9708aa7000 ---p 00000000 00:00 0 
7f9708aa7000-7f9708ba7000 rw-p 00000000 00:00 0 
7f9708ba7000-7f9708ba8000 ---p 00000000 00:00 0 
7f9708ba8000-7f9708cb3000 rw-p 00000000 00:00 0 
7f9708cb3000-7f9708cd1000 rw-p 00000000 00:00 0 
7f9708cd1000-7f9708cfb000 rw-p 00000000 00:00 0 
7f9708cfb000-7f9708f6b000 rw-p 00000000 00:00 0 
7f9708f6b000-7f9708f76000 rw-p 00000000 00:00 0 
7f9708f76000-7f9708f94000 rw-p 00000000 00:00 0 
7f9708f94000-7f9708fbe000 rw-p 00000000 00:00 0 
7f9708fbe000-7f970922e000 rw-p 00000000 00:00 0 
7f970922e000-7f9709243000 rw-p 00000000 00:00 0 
7f9709243000-7f970937b000 rw-p 00000000 00:00 0 
7f970937b000-7f970937c000 rw-p 00000000 00:00 0 
7f970937c000-7f9709397000 r-xp 00000000 08:02 1719366                    /usr/lib/jvm/jdk1.7.0_25/jre/lib/amd64/libzip.so
7f9709397000-7f9709596000 ---p 0001b000 08:02 1719366                    /usr/lib/jvm/jdk1.7.0_25/jre/lib/amd64/libzip.so
7f9709596000-7f9709597000 rw-p 0001a000 08:02 1719366                    /usr/lib/jvm/jdk1.7.0_25/jre/lib/amd64/libzip.so
7f9709597000-7f97095a3000 r-xp 00000000 08:02 2621811                    /lib/x86_64-linux-gnu/libnss_files-2.15.so
7f97095a3000-7f97097a2000 ---p 0000c000 08:02 2621811                    /lib/x86_64-linux-gnu/libnss_files-2.15.so
7f97097a2000-7f97097a3000 r--p 0000b000 08:02 2621811                    /lib/x86_64-linux-gnu/libnss_files-2.15.so
7f97097a3000-7f97097a4000 rw-p 0000c000 08:02 2621811                    /lib/x86_64-linux-gnu/libnss_files-2.15.so
7f97097a4000-7f97097ae000 r-xp 00000000 08:02 2621807                    /lib/x86_64-linux-gnu/libnss_nis-2.15.so
7f97097ae000-7f97099ae000 ---p 0000a000 08:02 2621807                    /lib/x86_64-linux-gnu/libnss_nis-2.15.so
7f97099ae000-7f97099af000 r--p 0000a000 08:02 2621807                    /lib/x86_64-linux-gnu/libnss_nis-2.15.so
7f97099af000-7f97099b0000 rw-p 0000b000 08:02 2621807                    /lib/x86_64-linux-gnu/libnss_nis-2.15.so
7f97099b0000-7f97099c7000 r-xp 00000000 08:02 2621820                    /lib/x86_64-linux-gnu/libnsl-2.15.so
7f97099c7000-7f9709bc6000 ---p 00017000 08:02 2621820                    /lib/x86_64-linux-gnu/libnsl-2.15.so
7f9709bc6000-7f9709bc7000 r--p 00016000 08:02 2621820                    /lib/x86_64-linux-gnu/libnsl-2.15.so
7f9709bc7000-7f9709bc8000 rw-p 00017000 08:02 2621820                    /lib/x86_64-linux-gnu/libnsl-2.15.so
7f9709bc8000-7f9709bca000 rw-p 00000000 00:00 0 
7f9709bca000-7f9709bd2000 r-xp 00000000 08:02 2621812                    /lib/x86_64-linux-gnu/libnss_compat-2.15.so
7f9709bd2000-7f9709dd1000 ---p 00008000 08:02 2621812                    /lib/x86_64-linux-gnu/libnss_compat-2.15.so
7f9709dd1000-7f9709dd2000 r--p 00007000 08:02 2621812                    /lib/x86_64-linux-gnu/libnss_compat-2.15.so
7f9709dd2000-7f9709dd3000 rw-p 00008000 08:02 2621812                    /lib/x86_64-linux-gnu/libnss_compat-2.15.so
7f9709dd3000-7f970a624000 r--p 00000000 08:02 1317540                    /usr/lib/locale/locale-archive
7f970a624000-7f970a627000 r-xp 00000000 08:02 1719373                    /usr/lib/jvm/jdk1.7.0_25/jre/lib/amd64/libnpt.so
7f970a627000-7f970a826000 ---p 00003000 08:02 1719373                    /usr/lib/jvm/jdk1.7.0_25/jre/lib/amd64/libnpt.so
7f970a826000-7f970a827000 rw-p 00002000 08:02 1719373                    /usr/lib/jvm/jdk1.7.0_25/jre/lib/amd64/libnpt.so
7f970a827000-7f970a860000 r-xp 00000000 08:02 1719352                    /usr/lib/jvm/jdk1.7.0_25/jre/lib/amd64/libjdwp.so
7f970a860000-7f970aa5f000 ---p 00039000 08:02 1719352                    /usr/lib/jvm/jdk1.7.0_25/jre/lib/amd64/libjdwp.so
7f970aa5f000-7f970aa61000 rw-p 00038000 08:02 1719352                    /usr/lib/jvm/jdk1.7.0_25/jre/lib/amd64/libjdwp.so
7f970aa61000-7f970aa8a000 r-xp 00000000 08:02 1719357                    /usr/lib/jvm/jdk1.7.0_25/jre/lib/amd64/libjava.so
7f970aa8a000-7f970ac8a000 ---p 00029000 08:02 1719357                    /usr/lib/jvm/jdk1.7.0_25/jre/lib/amd64/libjava.so
7f970ac8a000-7f970ac8c000 rw-p 00029000 08:02 1719357                    /usr/lib/jvm/jdk1.7.0_25/jre/lib/amd64/libjava.so
7f970ac8c000-7f970ac99000 r-xp 00000000 08:02 1719346                    /usr/lib/jvm/jdk1.7.0_25/jre/lib/amd64/libverify.so
7f970ac99000-7f970ae98000 ---p 0000d000 08:02 1719346                    /usr/lib/jvm/jdk1.7.0_25/jre/lib/amd64/libverify.so
7f970ae98000-7f970ae9a000 rw-p 0000c000 08:02 1719346                    /usr/lib/jvm/jdk1.7.0_25/jre/lib/amd64/libverify.so
7f970ae9a000-7f970aea1000 r-xp 00000000 08:02 2621805                    /lib/x86_64-linux-gnu/librt-2.15.so
7f970aea1000-7f970b0a0000 ---p 00007000 08:02 2621805                    /lib/x86_64-linux-gnu/librt-2.15.so
7f970b0a0000-7f970b0a1000 r--p 00006000 08:02 2621805                    /lib/x86_64-linux-gnu/librt-2.15.so
7f970b0a1000-7f970b0a2000 rw-p 00007000 08:02 2621805                    /lib/x86_64-linux-gnu/librt-2.15.so
7f970b0a2000-7f970b19d000 r-xp 00000000 08:02 2621809                    /lib/x86_64-linux-gnu/libm-2.15.so
7f970b19d000-7f970b39c000 ---p 000fb000 08:02 2621809                    /lib/x86_64-linux-gnu/libm-2.15.so
7f970b39c000-7f970b39d000 r--p 000fa000 08:02 2621809                    /lib/x86_64-linux-gnu/libm-2.15.so
7f970b39d000-7f970b39e000 rw-p 000fb000 08:02 2621809                    /lib/x86_64-linux-gnu/libm-2.15.so
7f970b39e000-7f970bddf000 r-xp 00000000 08:02 1719364                    /usr/lib/jvm/jdk1.7.0_25/jre/lib/amd64/server/libjvm.so
7f970bddf000-7f970bfdf000 ---p 00a41000 08:02 1719364                    /usr/lib/jvm/jdk1.7.0_25/jre/lib/amd64/server/libjvm.so
7f970bfdf000-7f970c082000 rw-p 00a41000 08:02 1719364                    /usr/lib/jvm/jdk1.7.0_25/jre/lib/amd64/server/libjvm.so
7f970c082000-7f970c0be000 rw-p 00000000 00:00 0 
7f970c0be000-7f970c273000 r-xp 00000000 08:02 2621799                    /lib/x86_64-linux-gnu/libc-2.15.so
7f970c273000-7f970c472000 ---p 001b5000 08:02 2621799                    /lib/x86_64-linux-gnu/libc-2.15.so
7f970c472000-7f970c476000 r--p 001b4000 08:02 2621799                    /lib/x86_64-linux-gnu/libc-2.15.so
7f970c476000-7f970c478000 rw-p 001b8000 08:02 2621799                    /lib/x86_64-linux-gnu/libc-2.15.so
7f970c478000-7f970c47d000 rw-p 00000000 00:00 0 
7f970c47d000-7f970c47f000 r-xp 00000000 08:02 2621796                    /lib/x86_64-linux-gnu/libdl-2.15.so
7f970c47f000-7f970c67f000 ---p 00002000 08:02 2621796                    /lib/x86_64-linux-gnu/libdl-2.15.so
7f970c67f000-7f970c680000 r--p 00002000 08:02 2621796                    /lib/x86_64-linux-gnu/libdl-2.15.so
7f970c680000-7f970c681000 rw-p 00003000 08:02 2621796                    /lib/x86_64-linux-gnu/libdl-2.15.so
7f970c681000-7f970c697000 r-xp 00000000 08:02 1719386                    /usr/lib/jvm/jdk1.7.0_25/jre/lib/amd64/jli/libjli.so
7f970c697000-7f970c897000 ---p 00016000 08:02 1719386                    /usr/lib/jvm/jdk1.7.0_25/jre/lib/amd64/jli/libjli.so
7f970c897000-7f970c898000 rw-p 00016000 08:02 1719386                    /usr/lib/jvm/jdk1.7.0_25/jre/lib/amd64/jli/libjli.so
7f970c898000-7f970c8b0000 r-xp 00000000 08:02 2621803                    /lib/x86_64-linux-gnu/libpthread-2.15.so
7f970c8b0000-7f970caaf000 ---p 00018000 08:02 2621803                    /lib/x86_64-linux-gnu/libpthread-2.15.so
7f970caaf000-7f970cab0000 r--p 00017000 08:02 2621803                    /lib/x86_64-linux-gnu/libpthread-2.15.so
7f970cab0000-7f970cab1000 rw-p 00018000 08:02 2621803                    /lib/x86_64-linux-gnu/libpthread-2.15.so
7f970cab1000-7f970cab5000 rw-p 00000000 00:00 0 
7f970cab5000-7f970cad7000 r-xp 00000000 08:02 2621815                    /lib/x86_64-linux-gnu/ld-2.15.so
7f970cae2000-7f970caec000 r--s 00371000 08:02 1714342                    /usr/lib/jvm/jdk1.7.0_25/jre/lib/charsets.jar
7f970caec000-7f970caf6000 rw-p 00000000 00:00 0 
7f970caf6000-7f970cbac000 rw-p 00000000 00:00 0 
7f970cbac000-7f970cbaf000 ---p 00000000 00:00 0 
7f970cbaf000-7f970ccb1000 rw-p 00000000 00:00 0 
7f970ccb4000-7f970ccb6000 rw-p 00000000 00:00 0 
7f970ccb6000-7f970ccb7000 r--s 00000000 08:02 1719336                    /usr/lib/jvm/jdk1.7.0_25/jre/lib/management-agent.jar
7f970ccb7000-7f970ccb9000 r--s 00019000 08:02 1717975                    /usr/lib/jvm/jdk1.7.0_25/jre/lib/jce.jar
7f970ccb9000-7f970ccbd000 r--s 0006d000 08:02 1719289                    /usr/lib/jvm/jdk1.7.0_25/jre/lib/jfr.jar
7f970ccbd000-7f970ccc7000 r--s 00254000 08:02 1719193                    /usr/lib/jvm/jdk1.7.0_25/jre/lib/resources.jar
7f970ccc7000-7f970cccb000 r--s 0008a000 08:02 1719306                    /usr/lib/jvm/jdk1.7.0_25/jre/lib/jsse.jar
7f970cccb000-7f970ccd3000 rw-s 00000000 08:02 3146002                    /tmp/hsperfdata_maxim/6486
7f970ccd3000-7f970ccd4000 rw-p 00000000 00:00 0 
7f970ccd4000-7f970ccd5000 r--p 00000000 00:00 0 
7f970ccd5000-7f970ccd7000 rw-p 00000000 00:00 0 
7f970ccd7000-7f970ccd8000 r--p 00022000 08:02 2621815                    /lib/x86_64-linux-gnu/ld-2.15.so
7f970ccd8000-7f970ccda000 rw-p 00023000 08:02 2621815                    /lib/x86_64-linux-gnu/ld-2.15.so
7fff433a0000-7fff433c2000 rw-p 00000000 00:00 0                          [stack]
7fff433ff000-7fff43400000 r-xp 00000000 00:00 0                          [vdso]
ffffffffff600000-ffffffffff601000 r-xp 00000000 00:00 0                  [vsyscall]

VM Arguments:
jvm_args: -agentlib:jdwp=transport=dt_socket,address=127.0.0.1:53969,suspend=y,server=n -Dfile.encoding=UTF-8 
java_command: im.kmg.sibniar2.MainPushCalculator test.txt
Launcher Type: SUN_STANDARD

Environment Variables:
CLASSPATH=/home/maxim/bin/idea-IU-129.713/bin/../lib/bootstrap.jar:/home/maxim/bin/idea-IU-129.713/bin/../lib/extensions.jar:/home/maxim/bin/idea-IU-129.713/bin/../lib/util.jar:/home/maxim/bin/idea-IU-129.713/bin/../lib/jdom.jar:/home/maxim/bin/idea-IU-129.713/bin/../lib/log4j.jar:/home/maxim/bin/idea-IU-129.713/bin/../lib/trove4j.jar:/home/maxim/bin/idea-IU-129.713/bin/../lib/jna.jar:/usr/lib/jvm/jdk1.7.0_25/lib/tools.jar
PATH=/home/maxim/bin/idea-IU-129.713/bin/:/home/maxim/bin/netbeans-7.3/java/maven/bin/:/home/maxim/bin:/usr/lib/lightdm/lightdm:/usr/local/sbin:/usr/local/bin:/usr/sbin:/usr/bin:/sbin:/bin:/usr/games
LD_LIBRARY_PATH=/home/maxim/bin/idea-IU-129.713/bin:
SHELL=/bin/bash
DISPLAY=:0

Signal Handlers:
SIGSEGV: [libjvm.so+0x8a26a0], sa_mask[0]=0x7ffbfeff, sa_flags=0x10000004
SIGBUS: [libjvm.so+0x8a26a0], sa_mask[0]=0x7ffbfeff, sa_flags=0x10000004
SIGFPE: [libjvm.so+0x73f3d0], sa_mask[0]=0x7ffbfeff, sa_flags=0x10000004
SIGPIPE: [libjvm.so+0x73f3d0], sa_mask[0]=0x7ffbfeff, sa_flags=0x10000004
SIGXFSZ: [libjvm.so+0x73f3d0], sa_mask[0]=0x7ffbfeff, sa_flags=0x10000004
SIGILL: [libjvm.so+0x73f3d0], sa_mask[0]=0x7ffbfeff, sa_flags=0x10000004
SIGUSR1: SIG_DFL, sa_mask[0]=0x00000000, sa_flags=0x00000000
SIGUSR2: [libjvm.so+0x73ed20], sa_mask[0]=0x00000004, sa_flags=0x10000004
SIGHUP: [libjvm.so+0x7410b0], sa_mask[0]=0x7ffbfeff, sa_flags=0x10000004
SIGINT: [libjvm.so+0x7410b0], sa_mask[0]=0x7ffbfeff, sa_flags=0x10000004
SIGTERM: [libjvm.so+0x7410b0], sa_mask[0]=0x7ffbfeff, sa_flags=0x10000004
SIGQUIT: [libjvm.so+0x7410b0], sa_mask[0]=0x7ffbfeff, sa_flags=0x10000004


---------------  S Y S T E M  ---------------

OS:wheezy/sid

uname:Linux 3.2.0-53-generic #81-Ubuntu SMP Thu Aug 22 21:01:03 UTC 2013 x86_64
libc:glibc 2.15 NPTL 2.15 
rlimit: STACK 8192k, CORE 0k, NPROC 63726, NOFILE 4096, AS infinity
load average:1.12 1.07 0.82

/proc/meminfo:
MemTotal:        8176960 kB
MemFree:         4116464 kB
Buffers:          409196 kB
Cached:          1299992 kB
SwapCached:            0 kB
Active:          2348672 kB
Inactive:        1142196 kB
Active(anon):    1783564 kB
Inactive(anon):    15948 kB
Active(file):     565108 kB
Inactive(file):  1126248 kB
Unevictable:           0 kB
Mlocked:               0 kB
SwapTotal:             0 kB
SwapFree:              0 kB
Dirty:              1180 kB
Writeback:             0 kB
AnonPages:       1781684 kB
Mapped:           342348 kB
Shmem:             17908 kB
Slab:             207744 kB
SReclaimable:     176732 kB
SUnreclaim:        31012 kB
KernelStack:        4928 kB
PageTables:        35972 kB
NFS_Unstable:          0 kB
Bounce:                0 kB
WritebackTmp:          0 kB
CommitLimit:     4088480 kB
Committed_AS:    5463176 kB
VmallocTotal:   34359738367 kB
VmallocUsed:      118820 kB
VmallocChunk:   34359613312 kB
HardwareCorrupted:     0 kB
AnonHugePages:         0 kB
HugePages_Total:       0
HugePages_Free:        0
HugePages_Rsvd:        0
HugePages_Surp:        0
Hugepagesize:       2048 kB
DirectMap4k:      225640 kB
DirectMap2M:     8161280 kB


CPU:total 2 (2 cores per cpu, 1 threads per core) family 6 model 23 stepping 6, cmov, cx8, fxsr, mmx, sse, sse2, sse3, ssse3, sse4.1, tsc

/proc/cpuinfo:
processor	: 0
vendor_id	: GenuineIntel
cpu family	: 6
model		: 23
model name	: Intel(R) Core(TM)2 Duo CPU     T9500  @ 2.60GHz
stepping	: 6
microcode	: 0x60c
cpu MHz		: 1200.000
cache size	: 6144 KB
physical id	: 0
siblings	: 2
core id		: 0
cpu cores	: 2
apicid		: 0
initial apicid	: 0
fpu		: yes
fpu_exception	: yes
cpuid level	: 10
wp		: yes
flags		: fpu vme de pse tsc msr pae mce cx8 apic sep mtrr pge mca cmov pat pse36 clflush dts acpi mmx fxsr sse sse2 ss ht tm pbe syscall nx lm constant_tsc arch_perfmon pebs bts rep_good nopl aperfmperf pni dtes64 monitor ds_cpl vmx est tm2 ssse3 cx16 xtpr pdcm sse4_1 lahf_lm ida dtherm tpr_shadow vnmi flexpriority
bogomips	: 5187.15
clflush size	: 64
cache_alignment	: 64
address sizes	: 36 bits physical, 48 bits virtual
power management:

processor	: 1
vendor_id	: GenuineIntel
cpu family	: 6
model		: 23
model name	: Intel(R) Core(TM)2 Duo CPU     T9500  @ 2.60GHz
stepping	: 6
microcode	: 0x60c
cpu MHz		: 2000.000
cache size	: 6144 KB
physical id	: 0
siblings	: 2
core id		: 1
cpu cores	: 2
apicid		: 1
initial apicid	: 1
fpu		: yes
fpu_exception	: yes
cpuid level	: 10
wp		: yes
flags		: fpu vme de pse tsc msr pae mce cx8 apic sep mtrr pge mca cmov pat pse36 clflush dts acpi mmx fxsr sse sse2 ss ht tm pbe syscall nx lm constant_tsc arch_perfmon pebs bts rep_good nopl aperfmperf pni dtes64 monitor ds_cpl vmx est tm2 ssse3 cx16 xtpr pdcm sse4_1 lahf_lm ida dtherm tpr_shadow vnmi flexpriority
bogomips	: 5186.93
clflush size	: 64
cache_alignment	: 64
address sizes	: 36 bits physical, 48 bits virtual
power management:



Memory: 4k page, physical 8176960k(4116464k free), swap 0k(0k free)

vm_info: Java HotSpot(TM) 64-Bit Server VM (23.25-b01) for linux-amd64 JRE (1.7.0_25-b15), built on Jun  5 2013 20:48:36 by "java_re" with gcc 4.3.0 20080428 (Red Hat 4.3.0-8)

time: Sun Sep 15 12:19:44 2013
elapsed time: 92 seconds

