21:04:55,227  INFO main MainHttpd:main:37 - Start httpd
21:05:07,068 DEBUG Client Client:run:41 - Enter: 
21:05:07,070  INFO Client Client:getHeaders:133 - Enter: 
21:05:07,077  INFO Client Client:getHeaders:149 - Leave: 
21:05:07,117  WARN Client Client:writeToClient:161 - Enter: 
21:05:07,122  WARN Client Client:writeToClient:170 - Leave: 
21:05:07,132  WARN Client Client:writeToClient:161 - Enter: 
21:05:07,137  WARN Client Client:writeToClient:170 - Leave: 
21:05:10,826 DEBUG Client Client:run:69 - Leave
21:05:20,985 DEBUG Client Client:run:41 - Enter: 
21:05:20,986  INFO Client Client:getHeaders:133 - Enter: 
21:05:20,987  INFO Client Client:getHeaders:149 - Leave: 
21:05:20,987  WARN Client Client:writeToClient:161 - Enter: 
21:05:20,989  WARN Client Client:writeToClient:170 - Leave: 
21:05:20,990  WARN Client Client:writeToClient:161 - Enter: 
21:05:20,992  WARN Client Client:writeToClient:170 - Leave: 
21:05:23,425 DEBUG Client Client:run:69 - Leave
21:05:32,760 DEBUG Client Client:run:41 - Enter: 
21:05:32,761  INFO Client Client:getHeaders:133 - Enter: 
21:05:32,761  INFO Client Client:getHeaders:149 - Leave: 
21:05:32,762  WARN Client Client:writeToClient:161 - Enter: 
21:05:32,763  WARN Client Client:writeToClient:170 - Leave: 
21:05:32,764  WARN Client Client:writeToClient:161 - Enter: 
21:05:32,765  WARN Client Client:writeToClient:170 - Leave: 
21:05:32,766 DEBUG Client Client:run:69 - Leave
21:05:36,520 DEBUG Client Client:run:41 - Enter: 
21:05:36,521  INFO Client Client:getHeaders:133 - Enter: 
21:05:36,523  INFO Client Client:getHeaders:149 - Leave: 
21:05:36,524  WARN Client Client:writeToClient:161 - Enter: 
21:05:36,529  WARN Client Client:writeToClient:170 - Leave: 
21:05:36,532  WARN Client Client:writeToClient:161 - Enter: 
21:05:36,542  WARN Client Client:writeToClient:170 - Leave: 
21:05:36,543 DEBUG Client Client:run:69 - Leave
21:05:37,342 DEBUG Client Client:run:41 - Enter: 
21:05:37,343  INFO Client Client:getHeaders:133 - Enter: 
21:05:37,344  INFO Client Client:getHeaders:149 - Leave: 
21:05:37,344  WARN Client Client:writeToClient:161 - Enter: 
21:05:37,345  WARN Client Client:writeToClient:170 - Leave: 
21:05:37,346  WARN Client Client:writeToClient:161 - Enter: 
21:05:37,348  WARN Client Client:writeToClient:170 - Leave: 
21:05:37,348 DEBUG Client Client:run:69 - Leave
21:05:38,327 DEBUG Client Client:run:41 - Enter: 
21:05:38,327  INFO Client Client:getHeaders:133 - Enter: 
21:05:38,328  INFO Client Client:getHeaders:149 - Leave: 
21:05:38,328  WARN Client Client:writeToClient:161 - Enter: 
21:05:38,329  WARN Client Client:writeToClient:170 - Leave: 
21:05:38,330  WARN Client Client:writeToClient:161 - Enter: 
21:05:38,331  WARN Client Client:writeToClient:170 - Leave: 
21:05:38,332 DEBUG Client Client:run:69 - Leave
21:05:39,898 DEBUG Client Client:run:41 - Enter: 
21:05:39,899  INFO Client Client:getHeaders:133 - Enter: 
21:05:39,908  INFO Client Client:getHeaders:149 - Leave: 
21:05:39,908  WARN Client Client:writeToClient:161 - Enter: 
21:05:39,909  WARN Client Client:writeToClient:170 - Leave: 
21:05:39,910  WARN Client Client:writeToClient:161 - Enter: 
21:05:39,913  WARN Client Client:writeToClient:170 - Leave: 
21:05:39,913 DEBUG Client Client:run:69 - Leave
21:05:40,514 DEBUG Client Client:run:41 - Enter: 
21:05:40,514  INFO Client Client:getHeaders:133 - Enter: 
21:05:40,515  INFO Client Client:getHeaders:149 - Leave: 
21:05:40,515  WARN Client Client:writeToClient:161 - Enter: 
21:05:40,516  WARN Client Client:writeToClient:170 - Leave: 
21:05:40,516  WARN Client Client:writeToClient:161 - Enter: 
21:05:40,517  WARN Client Client:writeToClient:170 - Leave: 
21:05:40,518 DEBUG Client Client:run:69 - Leave
21:05:41,303 DEBUG Client Client:run:41 - Enter: 
21:05:41,304  INFO Client Client:getHeaders:133 - Enter: 
21:05:41,305  INFO Client Client:getHeaders:149 - Leave: 
21:05:41,305  WARN Client Client:writeToClient:161 - Enter: 
21:05:41,307  WARN Client Client:writeToClient:170 - Leave: 
21:05:41,308  WARN Client Client:writeToClient:161 - Enter: 
21:05:41,310  WARN Client Client:writeToClient:170 - Leave: 
21:05:41,311 DEBUG Client Client:run:69 - Leave
21:05:42,073 DEBUG Client Client:run:41 - Enter: 
21:05:42,074  INFO Client Client:getHeaders:133 - Enter: 
21:05:42,075  INFO Client Client:getHeaders:149 - Leave: 
21:05:42,076  WARN Client Client:writeToClient:161 - Enter: 
21:05:42,077  WARN Client Client:writeToClient:170 - Leave: 
21:05:42,078  WARN Client Client:writeToClient:161 - Enter: 
21:05:42,080  WARN Client Client:writeToClient:170 - Leave: 
21:05:42,083 DEBUG Client Client:run:69 - Leave
21:05:43,085 DEBUG Client Client:run:41 - Enter: 
21:05:43,086  INFO Client Client:getHeaders:133 - Enter: 
21:05:43,086  INFO Client Client:getHeaders:149 - Leave: 
21:05:43,086  WARN Client Client:writeToClient:161 - Enter: 
21:05:43,087  WARN Client Client:writeToClient:170 - Leave: 
21:05:43,088  WARN Client Client:writeToClient:161 - Enter: 
21:05:43,089  WARN Client Client:writeToClient:170 - Leave: 
21:05:43,089 DEBUG Client Client:run:69 - Leave
21:05:43,953 DEBUG Client Client:run:41 - Enter: 
21:05:43,953  INFO Client Client:getHeaders:133 - Enter: 
21:05:43,954  INFO Client Client:getHeaders:149 - Leave: 
21:05:43,955  WARN Client Client:writeToClient:161 - Enter: 
21:05:43,956  WARN Client Client:writeToClient:170 - Leave: 
21:05:43,957  WARN Client Client:writeToClient:161 - Enter: 
21:05:43,960  WARN Client Client:writeToClient:170 - Leave: 
21:05:43,962 DEBUG Client Client:run:69 - Leave
21:05:45,295 DEBUG Client Client:run:41 - Enter: 
21:05:45,296  INFO Client Client:getHeaders:133 - Enter: 
21:05:45,297  INFO Client Client:getHeaders:149 - Leave: 
21:05:45,297  WARN Client Client:writeToClient:161 - Enter: 
21:05:45,299  WARN Client Client:writeToClient:170 - Leave: 
21:05:45,300  WARN Client Client:writeToClient:161 - Enter: 
21:05:45,302  WARN Client Client:writeToClient:170 - Leave: 
21:05:45,303 DEBUG Client Client:run:69 - Leave
21:05:46,085 DEBUG Client Client:run:41 - Enter: 
21:05:46,085  INFO Client Client:getHeaders:133 - Enter: 
21:05:46,086  INFO Client Client:getHeaders:149 - Leave: 
21:05:46,086  WARN Client Client:writeToClient:161 - Enter: 
21:05:46,087  WARN Client Client:writeToClient:170 - Leave: 
21:05:46,087  WARN Client Client:writeToClient:161 - Enter: 
21:05:46,089  WARN Client Client:writeToClient:170 - Leave: 
21:05:46,089 DEBUG Client Client:run:69 - Leave
21:05:47,038 DEBUG Client Client:run:41 - Enter: 
21:05:47,038  INFO Client Client:getHeaders:133 - Enter: 
21:05:47,038  INFO Client Client:getHeaders:149 - Leave: 
21:05:47,039  WARN Client Client:writeToClient:161 - Enter: 
21:05:47,039  WARN Client Client:writeToClient:170 - Leave: 
21:05:47,040  WARN Client Client:writeToClient:161 - Enter: 
21:05:47,042  WARN Client Client:writeToClient:170 - Leave: 
21:05:47,042 DEBUG Client Client:run:69 - Leave
21:05:48,038 DEBUG Client Client:run:41 - Enter: 
21:05:48,039  INFO Client Client:getHeaders:133 - Enter: 
21:05:48,040  INFO Client Client:getHeaders:149 - Leave: 
21:05:48,041  WARN Client Client:writeToClient:161 - Enter: 
21:05:48,042  WARN Client Client:writeToClient:170 - Leave: 
21:05:48,044  WARN Client Client:writeToClient:161 - Enter: 
21:05:48,045  WARN Client Client:writeToClient:170 - Leave: 
21:05:48,046 DEBUG Client Client:run:69 - Leave
21:05:50,824 DEBUG Client Client:run:41 - Enter: 
21:05:50,824  INFO Client Client:getHeaders:133 - Enter: 
21:05:50,825  INFO Client Client:getHeaders:149 - Leave: 
21:05:50,825  WARN Client Client:writeToClient:161 - Enter: 
21:05:50,825  WARN Client Client:writeToClient:170 - Leave: 
21:05:50,826  WARN Client Client:writeToClient:161 - Enter: 
21:05:50,827  WARN Client Client:writeToClient:170 - Leave: 
21:05:50,827 DEBUG Client Client:run:69 - Leave
21:05:51,309 DEBUG Client Client:run:41 - Enter: 
21:05:51,309  INFO Client Client:getHeaders:133 - Enter: 
21:05:51,309  INFO Client Client:getHeaders:149 - Leave: 
21:05:51,310  WARN Client Client:writeToClient:161 - Enter: 
21:05:51,310  WARN Client Client:writeToClient:170 - Leave: 
21:05:51,311  WARN Client Client:writeToClient:161 - Enter: 
21:05:51,312  WARN Client Client:writeToClient:170 - Leave: 
21:05:51,312 DEBUG Client Client:run:69 - Leave
21:30:48,522  INFO main MainHttpd:main:37 - Start httpd
21:30:52,999 DEBUG Client Client:run:41 - Enter: 
21:30:53,000  INFO Client Client:getHeaders:76 - Enter: 
21:30:53,001  INFO Client Client:getHeaders:92 - Leave: 
21:30:53,014  WARN Client Client:writeToClient:104 - Enter: 
21:30:53,015  WARN Client Client:writeToClient:113 - Leave: 
21:30:53,018 DEBUG Client Client:run:66 - Leave
21:31:01,599 DEBUG Client Client:run:41 - Enter: 
21:31:01,600  INFO Client Client:getHeaders:76 - Enter: 
21:31:01,601  INFO Client Client:getHeaders:92 - Leave: 
21:31:01,601  WARN Client Client:writeToClient:104 - Enter: 
21:31:01,603  WARN Client Client:writeToClient:113 - Leave: 
21:31:01,606 DEBUG Client Client:run:66 - Leave
21:31:19,485  INFO main MainHttpd:main:37 - Start httpd
21:31:23,727 DEBUG Client Client:run:41 - Enter: 
21:31:23,730  INFO Client Client:getHeaders:76 - Enter: 
21:31:23,732  INFO Client Client:getHeaders:92 - Leave: 
21:31:23,740 DEBUG Client Client:run:66 - Leave
21:31:34,138 DEBUG Client Client:run:41 - Enter: 
21:31:34,140  INFO Client Client:getHeaders:76 - Enter: 
21:31:34,140  INFO Client Client:getHeaders:92 - Leave: 
21:31:34,142 DEBUG Client Client:run:66 - Leave
21:36:34,506  INFO main MainHttpd:main:37 - Start httpd
21:36:40,714 DEBUG Client Client:run:41 - Enter: 
21:36:40,716  WARN Client Client:writeToClient:112 - Enter: 
21:36:40,718  WARN Client Client:writeToClient:121 - Leave: 
21:36:40,729 DEBUG Client Client:run:74 - Leave
21:36:43,974 DEBUG Client Client:run:41 - Enter: 
21:36:43,975  WARN Client Client:writeToClient:112 - Enter: 
21:36:43,976  WARN Client Client:writeToClient:121 - Leave: 
21:36:43,977 DEBUG Client Client:run:74 - Leave
21:37:33,650  INFO main MainHttpd:main:37 - Start httpd
21:37:36,623 DEBUG Client Client:run:41 - Enter: 
21:37:36,625  WARN Client Client:writeToClient:113 - Enter: 
21:37:36,626  WARN Client Client:writeToClient:122 - Leave: 
21:37:36,628 DEBUG Client Client:run:75 - Leave
21:37:39,342 DEBUG Client Client:run:41 - Enter: 
21:37:39,344  WARN Client Client:writeToClient:113 - Enter: 
21:37:39,345  WARN Client Client:writeToClient:122 - Leave: 
21:37:39,346 DEBUG Client Client:run:75 - Leave
21:37:40,727 DEBUG Client Client:run:41 - Enter: 
21:37:40,728  WARN Client Client:writeToClient:113 - Enter: 
21:37:40,730  WARN Client Client:writeToClient:122 - Leave: 
21:37:40,733 DEBUG Client Client:run:75 - Leave
21:37:41,853 DEBUG Client Client:run:41 - Enter: 
21:37:41,854  WARN Client Client:writeToClient:113 - Enter: 
21:37:41,854  WARN Client Client:writeToClient:122 - Leave: 
21:37:41,856 DEBUG Client Client:run:75 - Leave
21:40:10,252  INFO main MainHttpd:main:37 - Start httpd
21:40:13,655 DEBUG Client Client:run:41 - Enter: 
21:40:13,662  WARN Client Client:writeToClient:115 - Enter: 
21:40:13,668  WARN Client Client:writeToClient:124 - Leave: 
21:40:13,670 DEBUG Client Client:run:77 - Leave
21:40:16,765 DEBUG Client Client:run:41 - Enter: 
21:40:16,766  WARN Client Client:writeToClient:115 - Enter: 
21:40:16,767  WARN Client Client:writeToClient:124 - Leave: 
21:40:16,770 DEBUG Client Client:run:77 - Leave
21:40:18,363 DEBUG Client Client:run:41 - Enter: 
21:40:18,363  WARN Client Client:writeToClient:115 - Enter: 
21:40:18,364  WARN Client Client:writeToClient:124 - Leave: 
21:40:18,366 DEBUG Client Client:run:77 - Leave
21:42:14,478  INFO main MainHttpd:main:37 - Start httpd
21:42:17,458 DEBUG Client Client:run:41 - Enter: 
21:42:17,482  WARN Client Client:writeToClient:113 - Enter: 
21:42:17,483  WARN Client Client:writeToClient:122 - Leave: 
21:42:17,485 DEBUG Client Client:run:75 - Leave
21:42:20,253 DEBUG Client Client:run:41 - Enter: 
21:42:20,255  WARN Client Client:writeToClient:113 - Enter: 
21:42:20,256  WARN Client Client:writeToClient:122 - Leave: 
21:42:20,257 DEBUG Client Client:run:75 - Leave
21:42:21,447 DEBUG Client Client:run:41 - Enter: 
21:42:21,449  WARN Client Client:writeToClient:113 - Enter: 
21:42:21,450  WARN Client Client:writeToClient:122 - Leave: 
21:42:21,451 DEBUG Client Client:run:75 - Leave
21:42:22,351 DEBUG Client Client:run:41 - Enter: 
21:42:22,357  WARN Client Client:writeToClient:113 - Enter: 
21:42:22,358  WARN Client Client:writeToClient:122 - Leave: 
21:42:22,358 DEBUG Client Client:run:75 - Leave
21:42:23,683 DEBUG Client Client:run:41 - Enter: 
21:42:23,685  WARN Client Client:writeToClient:113 - Enter: 
21:42:23,686  WARN Client Client:writeToClient:122 - Leave: 
21:42:23,687 DEBUG Client Client:run:75 - Leave
21:42:28,717 DEBUG Client Client:run:41 - Enter: 
21:42:28,720  WARN Client Client:writeToClient:113 - Enter: 
21:42:28,721  WARN Client Client:writeToClient:122 - Leave: 
21:42:28,722 DEBUG Client Client:run:75 - Leave
21:42:29,584 DEBUG Client Client:run:41 - Enter: 
21:42:29,586  WARN Client Client:writeToClient:113 - Enter: 
21:42:29,586  WARN Client Client:writeToClient:122 - Leave: 
21:42:29,587 DEBUG Client Client:run:75 - Leave
21:42:32,422 DEBUG Client Client:run:41 - Enter: 
21:42:32,439  WARN Client Client:writeToClient:113 - Enter: 
21:42:32,441  WARN Client Client:writeToClient:122 - Leave: 
21:42:32,442 DEBUG Client Client:run:75 - Leave
21:42:34,149 DEBUG Client Client:run:41 - Enter: 
21:42:34,151  WARN Client Client:writeToClient:113 - Enter: 
21:42:34,152  WARN Client Client:writeToClient:122 - Leave: 
21:42:34,153 DEBUG Client Client:run:75 - Leave
21:43:42,191  INFO main MainHttpd:main:37 - Start httpd
21:43:43,871 DEBUG Client Client:run:41 - Enter: 
21:43:43,884  WARN Client Client:writeToClient:113 - Enter: 
21:43:43,885  WARN Client Client:writeToClient:122 - Leave: 
21:43:43,887 DEBUG Client Client:run:75 - Leave
21:43:45,206 DEBUG Client Client:run:41 - Enter: 
21:43:45,210  WARN Client Client:writeToClient:113 - Enter: 
21:43:45,212  WARN Client Client:writeToClient:122 - Leave: 
21:43:45,213 DEBUG Client Client:run:75 - Leave
21:43:46,439 DEBUG Client Client:run:41 - Enter: 
21:43:46,442  WARN Client Client:writeToClient:113 - Enter: 
21:43:46,445  WARN Client Client:writeToClient:122 - Leave: 
21:43:46,446 DEBUG Client Client:run:75 - Leave
21:44:51,547  INFO main MainHttpd:main:37 - Start httpd
21:44:52,584 DEBUG Client Client:run:41 - Enter: 
21:44:52,601 DEBUG Client Client:run:78 - Leave
21:44:53,892 DEBUG Client Client:run:41 - Enter: 
21:44:53,894 DEBUG Client Client:run:78 - Leave
21:44:54,693 DEBUG Client Client:run:41 - Enter: 
21:44:54,695 DEBUG Client Client:run:78 - Leave
21:44:56,569 DEBUG Client Client:run:41 - Enter: 
21:44:56,573 DEBUG Client Client:run:78 - Leave
21:45:43,125  INFO main MainHttpd:main:37 - Start httpd
21:45:47,063 DEBUG Client Client:run:41 - Enter: 
21:45:47,086 DEBUG Client Client:run:78 - Leave
21:45:51,795 DEBUG Client Client:run:41 - Enter: 
21:45:51,796 DEBUG Client Client:run:78 - Leave
21:45:57,348 DEBUG Client Client:run:41 - Enter: 
21:46:28,766  INFO main MainHttpd:main:37 - Start httpd
21:46:33,442 DEBUG Client Client:run:41 - Enter: 
21:46:48,533 DEBUG Client Client:run:78 - Leave
21:46:48,543 DEBUG Client Client:run:41 - Enter: 
21:46:49,569 DEBUG Client Client:run:78 - Leave
21:46:53,830 DEBUG Client Client:run:41 - Enter: 
21:46:53,832 DEBUG Client Client:run:78 - Leave
21:46:56,853 DEBUG Client Client:run:41 - Enter: 
21:46:56,855 DEBUG Client Client:run:78 - Leave
21:47:27,245  INFO main MainHttpd:main:37 - Start httpd
21:47:28,054 DEBUG Client Client:run:41 - Enter: 
21:47:28,094 DEBUG Client Client:run:78 - Leave
21:47:29,269 DEBUG Client Client:run:41 - Enter: 
21:47:29,271 DEBUG Client Client:run:78 - Leave
21:47:52,991 DEBUG Client Client:run:41 - Enter: 
21:47:52,993 DEBUG Client Client:run:78 - Leave
21:48:56,128  INFO main MainHttpd:main:37 - Start httpd
21:48:58,401 DEBUG Client Client:run:41 - Enter: 
21:48:58,411  WARN Client Client:writeToClient:112 - Enter: 
21:48:58,425  WARN Client Client:writeToClient:121 - Leave: 
21:48:58,426 DEBUG Client Client:run:74 - Leave
21:49:55,258  INFO main MainHttpd:main:37 - Start httpd
21:49:57,489 DEBUG Client Client:run:41 - Enter: 
21:49:57,528  WARN Client Client:writeToClient:112 - Enter: 
21:49:57,533  WARN Client Client:writeToClient:121 - Leave: 
21:49:57,534 DEBUG Client Client:run:74 - Leave
21:50:49,304  INFO main MainHttpd:main:37 - Start httpd
21:50:49,813 DEBUG Client Client:run:41 - Enter: 
21:50:49,855  WARN Client Client:writeToClient:112 - Enter: 
21:50:49,858  WARN Client Client:writeToClient:121 - Leave: 
21:50:49,859 DEBUG Client Client:run:74 - Leave
21:50:55,242 DEBUG Client Client:run:41 - Enter: 
21:50:55,244  WARN Client Client:writeToClient:112 - Enter: 
21:50:55,246  WARN Client Client:writeToClient:121 - Leave: 
21:50:55,246 DEBUG Client Client:run:74 - Leave
21:50:57,872 DEBUG Client Client:run:41 - Enter: 
21:50:57,874  WARN Client Client:writeToClient:112 - Enter: 
21:50:57,875  WARN Client Client:writeToClient:121 - Leave: 
21:50:57,875 DEBUG Client Client:run:74 - Leave
21:51:38,677  INFO main MainHttpd:main:37 - Start httpd
21:51:41,161 DEBUG Client Client:run:41 - Enter: 
21:51:41,180  WARN Client Client:writeToClient:112 - Enter: 
21:51:41,183  WARN Client Client:writeToClient:121 - Leave: 
21:51:41,186 DEBUG Client Client:run:74 - Leave
21:52:12,959  INFO main MainHttpd:main:37 - Start httpd
21:52:14,320 DEBUG Client Client:run:41 - Enter: 
21:52:14,333  WARN Client Client:writeToClient:112 - Enter: 
21:52:14,335  WARN Client Client:writeToClient:121 - Leave: 
21:52:14,336 DEBUG Client Client:run:74 - Leave
21:53:04,358  INFO main MainHttpd:main:37 - Start httpd
21:53:13,516 DEBUG Client Client:run:41 - Enter: 
21:53:13,531  WARN Client Client:writeToClient:112 - Enter: 
21:53:13,533  WARN Client Client:writeToClient:121 - Leave: 
21:53:13,534 DEBUG Client Client:run:74 - Leave
21:53:17,874 DEBUG Client Client:run:41 - Enter: 
21:53:17,876  WARN Client Client:writeToClient:112 - Enter: 
21:53:17,877  WARN Client Client:writeToClient:121 - Leave: 
21:53:17,877 DEBUG Client Client:run:74 - Leave
21:53:20,622 DEBUG Client Client:run:41 - Enter: 
21:53:20,624  WARN Client Client:writeToClient:112 - Enter: 
21:53:20,625  WARN Client Client:writeToClient:121 - Leave: 
21:53:20,625 DEBUG Client Client:run:74 - Leave
21:55:01,504  INFO main MainHttpd:main:37 - Start httpd
21:55:03,925 DEBUG Client Client:run:41 - Enter: 
21:55:03,943  WARN Client Client:writeToClient:112 - Enter: 
21:55:03,945  WARN Client Client:writeToClient:121 - Leave: 
21:55:03,946 DEBUG Client Client:run:74 - Leave
21:56:10,794  INFO main MainHttpd:main:37 - Start httpd
21:56:13,729 DEBUG Client Client:run:41 - Enter: 
21:56:13,742  WARN Client Client:writeToClient:112 - Enter: 
21:56:13,744  WARN Client Client:writeToClient:121 - Leave: 
21:56:13,745 DEBUG Client Client:run:74 - Leave
21:56:54,173  INFO main MainHttpd:main:37 - Start httpd
21:56:55,973 DEBUG Client Client:run:41 - Enter: 
21:56:56,028  WARN Client Client:writeToClient:112 - Enter: 
21:56:56,035  WARN Client Client:writeToClient:121 - Leave: 
21:56:56,039 DEBUG Client Client:run:74 - Leave
21:57:16,221  INFO main MainHttpd:main:37 - Start httpd
21:57:18,230 DEBUG Client Client:run:41 - Enter: 
21:57:18,249  WARN Client Client:writeToClient:112 - Enter: 
21:57:18,250  WARN Client Client:writeToClient:121 - Leave: 
21:57:18,257 DEBUG Client Client:run:74 - Leave
21:57:26,443 DEBUG Client Client:run:41 - Enter: 
21:57:26,445  WARN Client Client:writeToClient:112 - Enter: 
21:57:26,446  WARN Client Client:writeToClient:121 - Leave: 
21:57:26,446 DEBUG Client Client:run:74 - Leave
21:57:58,176 DEBUG Client Client:run:41 - Enter: 
21:57:58,178  WARN Client Client:writeToClient:112 - Enter: 
21:57:58,179  WARN Client Client:writeToClient:121 - Leave: 
21:57:58,179 DEBUG Client Client:run:74 - Leave
21:58:20,411 DEBUG Client Client:run:41 - Enter: 
21:58:20,414  WARN Client Client:writeToClient:112 - Enter: 
21:58:20,415  WARN Client Client:writeToClient:121 - Leave: 
21:58:20,415 DEBUG Client Client:run:74 - Leave
21:58:26,494 DEBUG Client Client:run:41 - Enter: 
22:00:40,512  INFO main MainHttpd:main:37 - Start httpd
22:00:45,168 DEBUG Client Client:run:41 - Enter: 
22:00:45,171  INFO Client Client:getHeaders:83 - Enter: 
22:00:45,172  INFO Client Client:getHeaders:99 - Leave: 
22:02:09,496  INFO main MainHttpd:main:37 - Start httpd
22:02:10,622 DEBUG Client Client:run:41 - Enter: 
22:02:14,163  INFO Client Client:getHeaders:83 - Enter: 
22:02:31,659  INFO Client Client:getHeaders:99 - Leave: 
22:02:50,173  WARN Client Client:writeToClient:111 - Enter: 
22:02:50,176  WARN Client Client:writeToClient:120 - Leave: 
22:02:50,178 DEBUG Client Client:run:73 - Leave
22:06:33,472  INFO main MainHttpd:main:37 - Start httpd
22:06:38,196 DEBUG Client Client:run:41 - Enter: 
22:06:40,750  INFO Client Client:getHeaders:101 - Enter: 
22:06:40,755  INFO Client Client:getHeaders:117 - Leave: 
22:07:52,569  INFO main MainHttpd:main:37 - Start httpd
22:07:55,027 DEBUG Client Client:run:41 - Enter: 
22:07:57,224  INFO Client Client:getHeaders:102 - Enter: 
22:07:57,228  INFO Client Client:getHeaders:118 - Leave: 
22:09:51,450  INFO main MainHttpd:main:37 - Start httpd
22:09:53,577 DEBUG Client Client:run:41 - Enter: 
22:09:55,614  INFO Client Client:getHeaders:106 - Enter: 
22:09:55,622  INFO Client Client:getHeaders:122 - Leave: 
22:10:08,916  WARN Client Client:writeToClient:134 - Enter: 
22:10:08,919  WARN Client Client:writeToClient:143 - Leave: 
22:10:08,920 DEBUG Client Client:run:75 - Leave
22:10:20,878 DEBUG Client Client:run:41 - Enter: 
22:10:22,893  INFO Client Client:getHeaders:106 - Enter: 
22:10:22,895  INFO Client Client:getHeaders:122 - Leave: 
22:10:53,294  INFO main MainHttpd:main:37 - Start httpd
22:11:01,094 DEBUG Client Client:run:41 - Enter: 
22:11:04,412  INFO Client Client:getHeaders:106 - Enter: 
22:11:04,420  INFO Client Client:getHeaders:122 - Leave: 
22:11:10,716  WARN Client Client:writeToClient:134 - Enter: 
22:11:10,719  WARN Client Client:writeToClient:143 - Leave: 
22:11:10,720 DEBUG Client Client:run:75 - Leave
22:12:18,618  INFO main MainHttpd:main:37 - Start httpd
22:12:20,912 DEBUG Client Client:run:41 - Enter: 
22:12:20,914  INFO Client Client:getHeaders:109 - Enter: 
22:12:20,916  INFO Client Client:getHeaders:125 - Leave: 
22:12:25,567  WARN Client Client:writeToClient:137 - Enter: 
22:12:25,569  WARN Client Client:writeToClient:146 - Leave: 
22:12:25,574 DEBUG Client Client:run:78 - Leave
22:12:29,605 DEBUG Client Client:run:41 - Enter: 
22:12:29,606  INFO Client Client:getHeaders:109 - Enter: 
22:12:29,607  INFO Client Client:getHeaders:125 - Leave: 
22:12:29,608  WARN Client Client:writeToClient:137 - Enter: 
22:12:29,610  WARN Client Client:writeToClient:146 - Leave: 
22:12:29,611 DEBUG Client Client:run:78 - Leave
22:12:30,599 DEBUG Client Client:run:41 - Enter: 
22:12:30,600  INFO Client Client:getHeaders:109 - Enter: 
22:12:30,601  INFO Client Client:getHeaders:125 - Leave: 
22:12:30,603  WARN Client Client:writeToClient:137 - Enter: 
22:12:30,605  WARN Client Client:writeToClient:146 - Leave: 
22:12:30,606 DEBUG Client Client:run:78 - Leave
22:12:32,557 DEBUG Client Client:run:41 - Enter: 
22:12:32,557  INFO Client Client:getHeaders:109 - Enter: 
22:12:32,558  INFO Client Client:getHeaders:125 - Leave: 
22:12:32,559  WARN Client Client:writeToClient:137 - Enter: 
22:12:32,560  WARN Client Client:writeToClient:146 - Leave: 
22:12:32,561 DEBUG Client Client:run:78 - Leave
22:12:34,765 DEBUG Client Client:run:41 - Enter: 
22:12:34,767  INFO Client Client:getHeaders:109 - Enter: 
22:12:34,768  INFO Client Client:getHeaders:125 - Leave: 
22:12:34,773  WARN Client Client:writeToClient:137 - Enter: 
22:12:34,774  WARN Client Client:writeToClient:146 - Leave: 
22:12:34,774 DEBUG Client Client:run:78 - Leave
22:12:42,973 DEBUG Client Client:run:41 - Enter: 
22:12:42,982  INFO Client Client:getHeaders:109 - Enter: 
22:12:42,983  INFO Client Client:getHeaders:125 - Leave: 
22:12:42,984  WARN Client Client:writeToClient:137 - Enter: 
22:12:42,985  WARN Client Client:writeToClient:146 - Leave: 
22:12:42,985 DEBUG Client Client:run:78 - Leave
22:12:52,672 DEBUG Client Client:run:41 - Enter: 
22:12:52,673  INFO Client Client:getHeaders:109 - Enter: 
22:12:52,673  INFO Client Client:getHeaders:125 - Leave: 
22:12:52,674  WARN Client Client:writeToClient:137 - Enter: 
22:12:52,675  WARN Client Client:writeToClient:146 - Leave: 
22:12:52,675 DEBUG Client Client:run:78 - Leave
22:12:56,189 DEBUG Client Client:run:41 - Enter: 
22:12:56,190  INFO Client Client:getHeaders:109 - Enter: 
22:12:56,190  INFO Client Client:getHeaders:125 - Leave: 
22:12:56,192  WARN Client Client:writeToClient:137 - Enter: 
22:12:56,192  WARN Client Client:writeToClient:146 - Leave: 
22:12:56,193 DEBUG Client Client:run:78 - Leave
22:13:02,043 DEBUG Client Client:run:41 - Enter: 
22:13:02,043  INFO Client Client:getHeaders:109 - Enter: 
22:13:02,044  INFO Client Client:getHeaders:125 - Leave: 
22:13:10,429  WARN Client Client:writeToClient:137 - Enter: 
22:13:10,429  WARN Client Client:writeToClient:146 - Leave: 
22:13:10,430 DEBUG Client Client:run:78 - Leave
22:13:13,097 DEBUG Client Client:run:41 - Enter: 
22:13:13,097  INFO Client Client:getHeaders:109 - Enter: 
22:13:13,097  INFO Client Client:getHeaders:125 - Leave: 
22:13:19,074  WARN Client Client:writeToClient:137 - Enter: 
22:13:19,076  WARN Client Client:writeToClient:146 - Leave: 
22:13:19,077 DEBUG Client Client:run:78 - Leave
22:13:22,707 DEBUG Client Client:run:41 - Enter: 
22:13:22,708  INFO Client Client:getHeaders:109 - Enter: 
22:13:22,708  INFO Client Client:getHeaders:125 - Leave: 
22:13:28,474  WARN Client Client:writeToClient:137 - Enter: 
22:13:28,474  WARN Client Client:writeToClient:146 - Leave: 
22:13:28,475 DEBUG Client Client:run:78 - Leave
22:13:30,690 DEBUG Client Client:run:41 - Enter: 
22:13:33,746  INFO Client Client:getHeaders:109 - Enter: 
22:13:33,753  INFO Client Client:getHeaders:125 - Leave: 
22:13:50,323  WARN Client Client:writeToClient:137 - Enter: 
22:13:50,325  WARN Client Client:writeToClient:146 - Leave: 
22:13:50,327 DEBUG Client Client:run:78 - Leave
22:14:09,985 DEBUG Client Client:run:41 - Enter: 
22:14:09,986  INFO Client Client:getHeaders:109 - Enter: 
22:14:09,986  INFO Client Client:getHeaders:125 - Leave: 
22:14:09,988  WARN Client Client:writeToClient:137 - Enter: 
22:14:09,989  WARN Client Client:writeToClient:146 - Leave: 
22:14:09,989 DEBUG Client Client:run:78 - Leave
22:14:18,921 DEBUG Client Client:run:41 - Enter: 
22:14:18,921  INFO Client Client:getHeaders:109 - Enter: 
22:14:18,922  INFO Client Client:getHeaders:125 - Leave: 
22:14:18,923  WARN Client Client:writeToClient:137 - Enter: 
22:14:18,924  WARN Client Client:writeToClient:146 - Leave: 
22:14:18,925 DEBUG Client Client:run:78 - Leave
22:14:43,740 DEBUG Client Client:run:41 - Enter: 
22:14:43,741  INFO Client Client:getHeaders:109 - Enter: 
22:14:43,742  INFO Client Client:getHeaders:125 - Leave: 
22:14:43,750  WARN Client Client:writeToClient:137 - Enter: 
22:14:43,752  WARN Client Client:writeToClient:146 - Leave: 
22:14:43,754 DEBUG Client Client:run:78 - Leave
22:14:46,253 DEBUG Client Client:run:41 - Enter: 
22:14:46,254  INFO Client Client:getHeaders:109 - Enter: 
22:14:46,255  INFO Client Client:getHeaders:125 - Leave: 
22:14:46,257  WARN Client Client:writeToClient:137 - Enter: 
22:14:46,258  WARN Client Client:writeToClient:146 - Leave: 
22:14:46,259 DEBUG Client Client:run:78 - Leave
22:14:47,407 DEBUG Client Client:run:41 - Enter: 
22:14:47,408  INFO Client Client:getHeaders:109 - Enter: 
22:14:47,408  INFO Client Client:getHeaders:125 - Leave: 
22:14:47,421  WARN Client Client:writeToClient:137 - Enter: 
22:14:47,422  WARN Client Client:writeToClient:146 - Leave: 
22:14:47,423 DEBUG Client Client:run:78 - Leave
22:14:49,165 DEBUG Client Client:run:41 - Enter: 
22:14:49,165  INFO Client Client:getHeaders:109 - Enter: 
22:14:49,166  INFO Client Client:getHeaders:125 - Leave: 
22:14:49,167  WARN Client Client:writeToClient:137 - Enter: 
22:14:49,168  WARN Client Client:writeToClient:146 - Leave: 
22:14:49,168 DEBUG Client Client:run:78 - Leave
22:15:07,976 DEBUG Client Client:run:41 - Enter: 
22:15:07,976  INFO Client Client:getHeaders:109 - Enter: 
22:15:07,977  INFO Client Client:getHeaders:125 - Leave: 
22:15:07,978  WARN Client Client:writeToClient:137 - Enter: 
22:15:07,979  WARN Client Client:writeToClient:146 - Leave: 
22:15:07,979 DEBUG Client Client:run:78 - Leave
22:15:11,713 DEBUG Client Client:run:41 - Enter: 
22:15:11,713  INFO Client Client:getHeaders:109 - Enter: 
22:15:11,714  INFO Client Client:getHeaders:125 - Leave: 
22:15:11,715  WARN Client Client:writeToClient:137 - Enter: 
22:15:11,716  WARN Client Client:writeToClient:146 - Leave: 
22:15:11,716 DEBUG Client Client:run:78 - Leave
22:15:15,840 DEBUG Client Client:run:41 - Enter: 
22:15:15,840  INFO Client Client:getHeaders:109 - Enter: 
22:15:15,841  INFO Client Client:getHeaders:125 - Leave: 
22:15:15,842  WARN Client Client:writeToClient:137 - Enter: 
22:15:15,843  WARN Client Client:writeToClient:146 - Leave: 
22:15:15,843 DEBUG Client Client:run:78 - Leave
22:15:30,297 DEBUG Client Client:run:41 - Enter: 
22:15:30,298  INFO Client Client:getHeaders:109 - Enter: 
22:15:30,298  INFO Client Client:getHeaders:125 - Leave: 
22:15:30,299  WARN Client Client:writeToClient:137 - Enter: 
22:15:30,300  WARN Client Client:writeToClient:146 - Leave: 
22:15:30,300 DEBUG Client Client:run:78 - Leave
22:15:32,807 DEBUG Client Client:run:41 - Enter: 
22:15:32,808  INFO Client Client:getHeaders:109 - Enter: 
22:15:32,808  INFO Client Client:getHeaders:125 - Leave: 
22:15:32,809  WARN Client Client:writeToClient:137 - Enter: 
22:15:32,810  WARN Client Client:writeToClient:146 - Leave: 
22:15:32,810 DEBUG Client Client:run:78 - Leave
22:15:34,523 DEBUG Client Client:run:41 - Enter: 
22:15:34,523  INFO Client Client:getHeaders:109 - Enter: 
22:15:34,523  INFO Client Client:getHeaders:125 - Leave: 
22:15:34,525  WARN Client Client:writeToClient:137 - Enter: 
22:15:34,525  WARN Client Client:writeToClient:146 - Leave: 
22:15:34,526 DEBUG Client Client:run:78 - Leave
22:15:36,628 DEBUG Client Client:run:41 - Enter: 
22:15:36,629  INFO Client Client:getHeaders:109 - Enter: 
22:15:36,629  INFO Client Client:getHeaders:125 - Leave: 
22:15:36,630  WARN Client Client:writeToClient:137 - Enter: 
22:15:36,631  WARN Client Client:writeToClient:146 - Leave: 
22:15:36,631 DEBUG Client Client:run:78 - Leave
22:15:39,366 DEBUG Client Client:run:41 - Enter: 
22:15:39,367  INFO Client Client:getHeaders:109 - Enter: 
22:15:39,367  INFO Client Client:getHeaders:125 - Leave: 
22:15:39,368  WARN Client Client:writeToClient:137 - Enter: 
22:15:39,369  WARN Client Client:writeToClient:146 - Leave: 
22:15:39,370 DEBUG Client Client:run:78 - Leave
22:15:48,570  INFO main MainHttpd:main:37 - Start httpd
22:15:52,813 DEBUG Client Client:run:41 - Enter: 
22:15:52,814  INFO Client Client:getHeaders:109 - Enter: 
22:15:52,815  INFO Client Client:getHeaders:125 - Leave: 
22:15:52,865  WARN Client Client:writeToClient:137 - Enter: 
22:15:52,866  WARN Client Client:writeToClient:146 - Leave: 
22:15:52,878 DEBUG Client Client:run:78 - Leave
22:15:59,880 DEBUG Client Client:run:41 - Enter: 
22:15:59,881  INFO Client Client:getHeaders:109 - Enter: 
22:15:59,882  INFO Client Client:getHeaders:125 - Leave: 
22:15:59,883  WARN Client Client:writeToClient:137 - Enter: 
22:15:59,884  WARN Client Client:writeToClient:146 - Leave: 
22:15:59,885 DEBUG Client Client:run:78 - Leave
22:16:04,085 DEBUG Client Client:run:41 - Enter: 
22:16:04,086  INFO Client Client:getHeaders:109 - Enter: 
22:16:04,087  INFO Client Client:getHeaders:125 - Leave: 
22:16:04,091  WARN Client Client:writeToClient:137 - Enter: 
22:16:04,093  WARN Client Client:writeToClient:146 - Leave: 
22:16:04,093 DEBUG Client Client:run:78 - Leave
22:16:08,094 DEBUG Client Client:run:41 - Enter: 
22:16:08,094  INFO Client Client:getHeaders:109 - Enter: 
22:16:20,584  INFO Client Client:getHeaders:125 - Leave: 
22:16:33,913  WARN Client Client:writeToClient:137 - Enter: 
22:16:33,919  WARN Client Client:writeToClient:146 - Leave: 
22:16:35,564 DEBUG Client Client:run:78 - Leave
22:16:39,305 DEBUG Client Client:run:41 - Enter: 
22:16:39,306  INFO Client Client:getHeaders:109 - Enter: 
22:16:40,931  INFO Client Client:getHeaders:125 - Leave: 
22:16:41,824  WARN Client Client:writeToClient:137 - Enter: 
22:16:41,845  WARN Client Client:writeToClient:146 - Leave: 
22:16:41,845 DEBUG Client Client:run:78 - Leave
22:16:52,843 DEBUG Client Client:run:41 - Enter: 
22:16:52,843  INFO Client Client:getHeaders:109 - Enter: 
22:16:55,053  INFO Client Client:getHeaders:125 - Leave: 
22:16:56,598 DEBUG Client Client:run:41 - Enter: 
22:16:56,600  INFO Client Client:getHeaders:109 - Enter: 
22:16:59,216  INFO Client Client:getHeaders:125 - Leave: 
22:17:13,799 DEBUG Client Client:run:41 - Enter: 
22:17:13,800  INFO Client Client:getHeaders:109 - Enter: 
22:17:18,565  INFO Client Client:getHeaders:125 - Leave: 
09:21:05,986  INFO main MainHttpd:main:37 - Start httpd
09:21:26,168 DEBUG Client Client:run:41 - Enter: 
09:21:26,177  INFO Client Client:getHeaders:109 - Enter: 
09:24:31,945  INFO main MainHttpd:main:37 - Start httpd
09:24:39,133 DEBUG Client Client:run:41 - Enter: 
09:24:39,134  INFO Client Client:getHeaders:109 - Enter: 
09:26:00,002  INFO main MainHttpd:main:37 - Start httpd
09:26:06,529 DEBUG Client Client:run:41 - Enter: 
09:26:06,530  INFO Client Client:getHeaders:111 - Enter: 
09:26:19,871  INFO Client Client:getHeaders:127 - Leave: 
09:27:38,363  INFO main MainHttpd:main:37 - Start httpd
09:27:45,111 DEBUG Client Client:run:41 - Enter: 
09:27:45,112  INFO Client Client:getHeaders:113 - Enter: 
09:27:45,112  INFO Client Client:getHeaders:129 - Leave: 
09:28:08,901  WARN Client Client:writeToClient:141 - Enter: 
09:28:08,903  WARN Client Client:writeToClient:150 - Leave: 
09:28:08,907 DEBUG Client Client:run:80 - Leave
09:28:08,990 DEBUG Client Client:run:41 - Enter: 
09:28:08,991  INFO Client Client:getHeaders:113 - Enter: 
09:28:08,991 DEBUG Client Client:run:41 - Enter: 
09:28:08,992  INFO Client Client:getHeaders:129 - Leave: 
09:28:08,992  INFO Client Client:getHeaders:113 - Enter: 
09:28:09,103  INFO Client Client:getHeaders:129 - Leave: 
09:28:10,967  WARN Client Client:writeToClient:141 - Enter: 
09:28:12,047  WARN Client Client:writeToClient:141 - Enter: 
09:28:12,048  WARN Client Client:writeToClient:150 - Leave: 
09:28:12,048 DEBUG Client Client:run:80 - Leave
09:28:12,048  WARN Client Client:writeToClient:150 - Leave: 
09:28:12,049 DEBUG Client Client:run:80 - Leave
09:28:19,920 DEBUG Client Client:run:41 - Enter: 
09:28:19,920  INFO Client Client:getHeaders:113 - Enter: 
09:28:19,921  INFO Client Client:getHeaders:129 - Leave: 
09:29:40,840  INFO main MainHttpd:main:37 - Start httpd
09:29:45,917 DEBUG Client Client:run:41 - Enter: 
09:29:45,918  INFO Client Client:getHeaders:113 - Enter: 
09:29:45,919  INFO Client Client:getHeaders:129 - Leave: 
09:30:25,240  INFO main MainHttpd:main:37 - Start httpd
09:30:29,326 DEBUG Client Client:run:41 - Enter: 
09:30:29,327  INFO Client Client:getHeaders:110 - Enter: 
09:30:29,328  INFO Client Client:getHeaders:126 - Leave: 
09:30:56,237  INFO main MainHttpd:main:37 - Start httpd
09:30:58,843 DEBUG Client Client:run:41 - Enter: 
09:30:58,844  INFO Client Client:getHeaders:110 - Enter: 
09:30:58,844  INFO Client Client:getHeaders:126 - Leave: 
09:31:50,162  WARN Client Client:writeToClient:138 - Enter: 
09:31:50,163  WARN Client Client:writeToClient:147 - Leave: 
09:31:50,164 DEBUG Client Client:run:77 - Leave
09:32:03,062 DEBUG Client Client:run:41 - Enter: 
09:32:03,063  INFO Client Client:getHeaders:110 - Enter: 
09:32:03,064  INFO Client Client:getHeaders:126 - Leave: 
09:32:18,698  WARN Client Client:writeToClient:138 - Enter: 
09:32:18,700  WARN Client Client:writeToClient:147 - Leave: 
09:32:18,700 DEBUG Client Client:run:77 - Leave
09:32:37,765 DEBUG Client Client:run:41 - Enter: 
09:32:42,373  INFO Client Client:getHeaders:110 - Enter: 
09:32:42,374  INFO Client Client:getHeaders:126 - Leave: 
09:32:43,222  WARN Client Client:writeToClient:138 - Enter: 
09:32:43,225 ERROR Client Client:run:69 - problem
java.net.SocketException: Software caused connection abort: socket write error
	at java.net.SocketOutputStream.socketWrite0(Native Method)
	at java.net.SocketOutputStream.socketWrite(SocketOutputStream.java:109)
	at java.net.SocketOutputStream.write(SocketOutputStream.java:153)
	at sun.nio.cs.StreamEncoder.writeBytes(StreamEncoder.java:221)
	at sun.nio.cs.StreamEncoder.implFlushBuffer(StreamEncoder.java:291)
	at sun.nio.cs.StreamEncoder.implFlush(StreamEncoder.java:295)
	at sun.nio.cs.StreamEncoder.flush(StreamEncoder.java:141)
	at java.io.OutputStreamWriter.flush(OutputStreamWriter.java:229)
	at java.io.BufferedWriter.flush(BufferedWriter.java:254)
	at Client.writeToClient(Client.java:144)
	at Client.run(Client.java:63)
	at java.lang.Thread.run(Thread.java:724)
09:32:43,227 DEBUG Client Client:run:77 - Leave
09:34:23,165 DEBUG Client Client:run:41 - Enter: 
09:34:25,829  INFO Client Client:getHeaders:110 - Enter: 
09:34:25,830  INFO Client Client:getHeaders:126 - Leave: 
09:34:33,352  WARN Client Client:writeToClient:138 - Enter: 
09:34:33,354  WARN Client Client:writeToClient:147 - Leave: 
09:34:33,355 DEBUG Client Client:run:77 - Leave
09:34:39,358 DEBUG Client Client:run:41 - Enter: 
09:34:42,011  INFO Client Client:getHeaders:110 - Enter: 
09:34:42,012  INFO Client Client:getHeaders:126 - Leave: 
09:37:16,787  INFO main MainHttpd:main:37 - Start httpd
09:37:26,876 DEBUG Client Client:run:41 - Enter: 
09:37:29,951  INFO Client Client:getHeaders:110 - Enter: 
09:37:29,953  INFO Client Client:getHeaders:126 - Leave: 
09:37:42,036  WARN Client Client:writeToClient:138 - Enter: 
09:37:42,037  WARN Client Client:writeToClient:147 - Leave: 
09:37:42,038 DEBUG Client Client:run:77 - Leave
09:37:53,572 DEBUG Client Client:run:41 - Enter: 
09:38:05,662  INFO Client Client:getHeaders:110 - Enter: 
09:38:05,664  INFO Client Client:getHeaders:126 - Leave: 
09:39:08,818  WARN Client Client:writeToClient:138 - Enter: 
09:39:08,819  WARN Client Client:writeToClient:147 - Leave: 
09:39:08,819 DEBUG Client Client:run:77 - Leave
09:39:48,179 DEBUG Client Client:run:41 - Enter: 
09:39:50,748  INFO Client Client:getHeaders:110 - Enter: 
09:39:50,749  INFO Client Client:getHeaders:126 - Leave: 
09:39:51,970  WARN Client Client:writeToClient:138 - Enter: 
09:39:51,971  WARN Client Client:writeToClient:147 - Leave: 
09:39:51,971 DEBUG Client Client:run:77 - Leave
09:39:59,124 DEBUG Client Client:run:41 - Enter: 
09:40:03,458  INFO Client Client:getHeaders:110 - Enter: 
09:40:03,460  INFO Client Client:getHeaders:126 - Leave: 
09:40:04,930  WARN Client Client:writeToClient:138 - Enter: 
09:40:04,931  WARN Client Client:writeToClient:147 - Leave: 
09:40:04,932 DEBUG Client Client:run:77 - Leave
09:40:08,508 DEBUG Client Client:run:41 - Enter: 
09:40:11,449  INFO Client Client:getHeaders:110 - Enter: 
09:40:11,450  INFO Client Client:getHeaders:126 - Leave: 
09:40:23,109  WARN Client Client:writeToClient:138 - Enter: 
09:40:23,111  WARN Client Client:writeToClient:147 - Leave: 
09:40:23,112 DEBUG Client Client:run:77 - Leave
09:40:32,463 DEBUG Client Client:run:41 - Enter: 
09:40:36,613  INFO Client Client:getHeaders:110 - Enter: 
09:40:36,615  INFO Client Client:getHeaders:126 - Leave: 
09:40:43,169  WARN Client Client:writeToClient:138 - Enter: 
09:40:43,171  WARN Client Client:writeToClient:147 - Leave: 
09:40:43,171 DEBUG Client Client:run:77 - Leave
09:46:57,726  INFO main MainHttpd:main:37 - Start httpd
09:47:01,928 DEBUG Client Client:run:39 - Enter: 
09:47:04,713  INFO Client Client:getHeaders:117 - Enter: 
09:47:04,715  INFO Client Client:getHeaders:133 - Leave: 
09:47:12,247  WARN Client Client:writeToClient:144 - Enter: 
09:47:12,248  WARN Client Client:writeToClient:153 - Leave: 
09:47:12,249 DEBUG Client Client:run:86 - Leave
09:47:58,912 DEBUG Client Client:run:39 - Enter: 
09:48:05,782  INFO Client Client:getHeaders:117 - Enter: 
09:48:05,782  INFO Client Client:getHeaders:133 - Leave: 
09:48:08,379  WARN Client Client:writeToClient:144 - Enter: 
09:48:08,380  WARN Client Client:writeToClient:153 - Leave: 
09:48:08,380 DEBUG Client Client:run:86 - Leave
09:48:12,915 DEBUG Client Client:run:39 - Enter: 
09:48:12,916  INFO Client Client:getHeaders:117 - Enter: 
09:48:12,916  INFO Client Client:getHeaders:133 - Leave: 
09:48:12,917  WARN Client Client:writeToClient:144 - Enter: 
09:48:12,919  WARN Client Client:writeToClient:153 - Leave: 
09:48:12,919 DEBUG Client Client:run:86 - Leave
09:48:14,526 DEBUG Client Client:run:39 - Enter: 
09:48:14,526  INFO Client Client:getHeaders:117 - Enter: 
09:48:14,527  INFO Client Client:getHeaders:133 - Leave: 
09:48:14,528  WARN Client Client:writeToClient:144 - Enter: 
09:48:14,529  WARN Client Client:writeToClient:153 - Leave: 
09:48:14,529 DEBUG Client Client:run:86 - Leave
09:48:16,168 DEBUG Client Client:run:39 - Enter: 
09:48:16,169  INFO Client Client:getHeaders:117 - Enter: 
09:48:16,169  INFO Client Client:getHeaders:133 - Leave: 
09:48:16,170  WARN Client Client:writeToClient:144 - Enter: 
09:48:16,171  WARN Client Client:writeToClient:153 - Leave: 
09:48:16,172 DEBUG Client Client:run:86 - Leave
09:48:18,194 DEBUG Client Client:run:39 - Enter: 
09:48:18,194  INFO Client Client:getHeaders:117 - Enter: 
09:48:18,195  INFO Client Client:getHeaders:133 - Leave: 
09:48:18,195  WARN Client Client:writeToClient:144 - Enter: 
09:48:18,196  WARN Client Client:writeToClient:153 - Leave: 
09:48:18,197 DEBUG Client Client:run:86 - Leave
09:48:21,049 DEBUG Client Client:run:39 - Enter: 
09:48:21,049  INFO Client Client:getHeaders:117 - Enter: 
09:48:21,050  INFO Client Client:getHeaders:133 - Leave: 
09:48:21,050  WARN Client Client:writeToClient:144 - Enter: 
09:48:21,051  WARN Client Client:writeToClient:153 - Leave: 
09:48:21,052 DEBUG Client Client:run:86 - Leave
09:48:22,740 DEBUG Client Client:run:39 - Enter: 
09:48:22,741  INFO Client Client:getHeaders:117 - Enter: 
09:48:22,741  INFO Client Client:getHeaders:133 - Leave: 
09:48:22,742  WARN Client Client:writeToClient:144 - Enter: 
09:48:22,743  WARN Client Client:writeToClient:153 - Leave: 
09:48:22,743 DEBUG Client Client:run:86 - Leave
09:48:27,489 DEBUG Client Client:run:39 - Enter: 
09:48:27,490  INFO Client Client:getHeaders:117 - Enter: 
09:48:27,490  INFO Client Client:getHeaders:133 - Leave: 
09:48:27,492  WARN Client Client:writeToClient:144 - Enter: 
09:48:27,493  WARN Client Client:writeToClient:153 - Leave: 
09:48:27,493 DEBUG Client Client:run:86 - Leave
09:48:28,512 DEBUG Client Client:run:39 - Enter: 
09:48:28,512  INFO Client Client:getHeaders:117 - Enter: 
09:48:28,513  INFO Client Client:getHeaders:133 - Leave: 
09:48:28,513  WARN Client Client:writeToClient:144 - Enter: 
09:48:28,514  WARN Client Client:writeToClient:153 - Leave: 
09:48:28,514 DEBUG Client Client:run:86 - Leave
09:48:40,247 DEBUG Client Client:run:39 - Enter: 
09:48:40,248  INFO Client Client:getHeaders:117 - Enter: 
09:48:40,248  INFO Client Client:getHeaders:133 - Leave: 
09:48:56,828  WARN Client Client:writeToClient:144 - Enter: 
09:48:56,830  WARN Client Client:writeToClient:153 - Leave: 
09:48:56,830 DEBUG Client Client:run:86 - Leave
09:50:13,772  INFO main MainHttpd:main:37 - Start httpd
09:50:17,107 DEBUG Client Client:run:39 - Enter: 
09:50:17,108  INFO Client Client:getHeaders:117 - Enter: 
09:50:17,109  INFO Client Client:getHeaders:133 - Leave: 
09:50:17,117  WARN Client Client:writeToClient:144 - Enter: 
09:50:17,118  WARN Client Client:writeToClient:153 - Leave: 
09:50:17,119 DEBUG Client Client:run:86 - Leave
09:51:09,297  INFO main MainHttpd:main:37 - Start httpd
09:51:15,348 DEBUG Client Client:run:39 - Enter: 
09:51:15,348  INFO Client Client:getHeaders:117 - Enter: 
09:51:15,349  INFO Client Client:getHeaders:133 - Leave: 
09:51:15,359  WARN Client Client:writeToClient:144 - Enter: 
09:51:15,362  WARN Client Client:writeToClient:153 - Leave: 
09:51:15,363 DEBUG Client Client:run:86 - Leave
09:52:18,159  INFO main MainHttpd:main:37 - Start httpd
09:52:25,174 DEBUG Client Client:run:39 - Enter: 
09:52:25,174  INFO Client Client:getHeaders:117 - Enter: 
09:52:25,175  INFO Client Client:getHeaders:133 - Leave: 
09:52:41,273  WARN Client Client:writeToClient:144 - Enter: 
09:52:41,276  WARN Client Client:writeToClient:153 - Leave: 
09:52:41,277 DEBUG Client Client:run:86 - Leave
09:52:57,060 DEBUG Client Client:run:39 - Enter: 
09:52:57,060  INFO Client Client:getHeaders:117 - Enter: 
09:52:57,061  INFO Client Client:getHeaders:133 - Leave: 
09:54:12,079  WARN Client Client:writeToClient:144 - Enter: 
09:54:12,081  WARN Client Client:writeToClient:153 - Leave: 
09:54:12,081 DEBUG Client Client:run:86 - Leave
09:56:20,513  INFO main MainHttpd:main:37 - Start httpd
09:56:24,158 DEBUG Client Client:run:39 - Enter: 
09:56:24,159  INFO Client Client:getHeaders:117 - Enter: 
09:56:24,160  INFO Client Client:getHeaders:133 - Leave: 
09:56:29,695  WARN Client Client:getHtmlDirsAndFile:180 - lenght: 222
09:56:49,237  WARN Client Client:writeToClient:144 - Enter: 
09:56:49,238  WARN Client Client:writeToClient:153 - Leave: 
09:56:49,239 DEBUG Client Client:run:86 - Leave
09:57:19,872 DEBUG Client Client:run:39 - Enter: 
09:57:19,873 DEBUG Client Client:run:39 - Enter: 
09:57:19,873  INFO Client Client:getHeaders:117 - Enter: 
09:57:19,873  INFO Client Client:getHeaders:117 - Enter: 
09:57:19,873  INFO Client Client:getHeaders:133 - Leave: 
09:57:19,873  INFO Client Client:getHeaders:133 - Leave: 
09:57:22,074  WARN Client Client:getHtmlDirsAndFile:180 - lenght: 222
09:57:22,403  WARN Client Client:writeToClient:144 - Enter: 
09:57:22,402  WARN Client Client:getHtmlDirsAndFile:180 - lenght: 222
09:57:22,404  WARN Client Client:writeToClient:144 - Enter: 
09:57:22,404  WARN Client Client:writeToClient:153 - Leave: 
09:57:22,405 DEBUG Client Client:run:86 - Leave
09:57:22,405  WARN Client Client:writeToClient:153 - Leave: 
09:57:22,406 DEBUG Client Client:run:86 - Leave
09:57:26,373 DEBUG Client Client:run:39 - Enter: 
09:57:26,373  INFO Client Client:getHeaders:117 - Enter: 
09:57:26,374  INFO Client Client:getHeaders:133 - Leave: 
09:57:29,306  WARN Client Client:getHtmlDirsAndFile:180 - lenght: 222
09:57:29,307  WARN Client Client:writeToClient:144 - Enter: 
09:57:29,308  WARN Client Client:writeToClient:153 - Leave: 
09:57:29,308 DEBUG Client Client:run:86 - Leave
09:57:36,571 DEBUG Client Client:run:39 - Enter: 
09:57:36,571  INFO Client Client:getHeaders:117 - Enter: 
09:57:36,571  INFO Client Client:getHeaders:133 - Leave: 
09:57:36,572  WARN Client Client:writeToClient:144 - Enter: 
09:57:36,573  WARN Client Client:writeToClient:153 - Leave: 
09:57:36,573 DEBUG Client Client:run:86 - Leave
09:59:13,526  INFO main MainHttpd:main:37 - Start httpd
09:59:20,678 DEBUG Client Client:run:39 - Enter: 
09:59:20,679  INFO Client Client:getHeaders:117 - Enter: 
09:59:20,679 DEBUG Client Client:run:39 - Enter: 
09:59:20,680  INFO Client Client:getHeaders:117 - Enter: 
09:59:20,680  INFO Client Client:getHeaders:133 - Leave: 
09:59:20,680  INFO Client Client:getHeaders:133 - Leave: 
09:59:24,137  WARN Client Client:getHtmlDirsAndFile:180 - lenght: 192
09:59:24,137  WARN Client Client:getHtmlDirsAndFile:180 - lenght: 192
09:59:24,139  WARN Client Client:writeToClient:144 - Enter: 
09:59:24,139  WARN Client Client:writeToClient:144 - Enter: 
09:59:24,140  WARN Client Client:writeToClient:153 - Leave: 
09:59:24,140  WARN Client Client:writeToClient:153 - Leave: 
09:59:24,141 DEBUG Client Client:run:86 - Leave
09:59:24,141 DEBUG Client Client:run:86 - Leave
09:59:24,279 DEBUG Client Client:run:39 - Enter: 
09:59:24,280  INFO Client Client:getHeaders:117 - Enter: 
09:59:24,281  INFO Client Client:getHeaders:133 - Leave: 
09:59:24,282  WARN Client Client:writeToClient:144 - Enter: 
09:59:24,284  WARN Client Client:writeToClient:153 - Leave: 
09:59:24,287 DEBUG Client Client:run:86 - Leave
10:00:03,115  INFO main MainHttpd:main:37 - Start httpd
10:00:08,443  INFO main MainHttpd:main:37 - Start httpd
10:00:11,097 DEBUG Client Client:run:39 - Enter: 
10:00:11,098 DEBUG Client Client:run:39 - Enter: 
10:00:11,098  INFO Client Client:getHeaders:117 - Enter: 
10:00:11,098  INFO Client Client:getHeaders:117 - Enter: 
10:00:11,099  INFO Client Client:getHeaders:133 - Leave: 
10:00:11,099  INFO Client Client:getHeaders:133 - Leave: 
10:00:14,265  WARN Client Client:getHtmlDirsAndFile:180 - lenght: 193
10:00:14,265  WARN Client Client:getHtmlDirsAndFile:180 - lenght: 193
10:00:14,266  WARN Client Client:writeToClient:144 - Enter: 
10:00:14,266  WARN Client Client:writeToClient:144 - Enter: 
10:00:14,268  WARN Client Client:writeToClient:153 - Leave: 
10:00:14,268  WARN Client Client:writeToClient:153 - Leave: 
10:00:14,268 DEBUG Client Client:run:86 - Leave
10:00:14,269 DEBUG Client Client:run:86 - Leave
10:00:14,416 DEBUG Client Client:run:39 - Enter: 
10:00:14,416  INFO Client Client:getHeaders:117 - Enter: 
10:00:14,417  INFO Client Client:getHeaders:133 - Leave: 
10:00:14,418  WARN Client Client:writeToClient:144 - Enter: 
10:00:14,420  WARN Client Client:writeToClient:153 - Leave: 
10:00:14,420 DEBUG Client Client:run:86 - Leave
10:00:59,877  INFO main MainHttpd:main:37 - Start httpd
10:01:02,905 DEBUG Client Client:run:39 - Enter: 
10:01:02,906  INFO Client Client:getHeaders:117 - Enter: 
10:01:02,907 DEBUG Client Client:run:39 - Enter: 
10:01:02,907  INFO Client Client:getHeaders:133 - Leave: 
10:01:02,910  INFO Client Client:getHeaders:117 - Enter: 
10:01:02,910  INFO Client Client:getHeaders:133 - Leave: 
10:01:05,570  WARN Client Client:getHtmlDirsAndFile:181 - lenght: 188
10:01:06,217  WARN Client Client:getHtmlDirsAndFile:181 - lenght: 188
10:01:06,218  WARN Client Client:writeToClient:144 - Enter: 
10:01:06,218  WARN Client Client:writeToClient:144 - Enter: 
10:01:06,219  WARN Client Client:writeToClient:153 - Leave: 
10:01:06,219  WARN Client Client:writeToClient:153 - Leave: 
10:01:06,220 DEBUG Client Client:run:86 - Leave
10:01:06,220 DEBUG Client Client:run:86 - Leave
10:01:06,362 DEBUG Client Client:run:39 - Enter: 
10:01:06,363  INFO Client Client:getHeaders:117 - Enter: 
10:01:06,363  INFO Client Client:getHeaders:133 - Leave: 
10:01:06,364  WARN Client Client:writeToClient:144 - Enter: 
10:01:06,367  WARN Client Client:writeToClient:153 - Leave: 
10:01:06,368 DEBUG Client Client:run:86 - Leave
10:01:44,359  INFO main MainHttpd:main:37 - Start httpd
10:02:01,261 DEBUG Client Client:run:39 - Enter: 
10:02:01,263 DEBUG Client Client:run:39 - Enter: 
10:02:01,263  INFO Client Client:getHeaders:117 - Enter: 
10:02:01,263  INFO Client Client:getHeaders:117 - Enter: 
10:02:01,266  INFO Client Client:getHeaders:133 - Leave: 
10:02:01,266  INFO Client Client:getHeaders:133 - Leave: 
10:02:03,018  WARN Client Client:getHtmlDirsAndFile:181 - lenght: 180
10:02:05,035  WARN Client Client:writeToClient:144 - Enter: 
10:02:07,924  WARN Client Client:getHtmlDirsAndFile:181 - lenght: 180
10:02:07,925  WARN Client Client:writeToClient:144 - Enter: 
10:02:07,925  WARN Client Client:writeToClient:153 - Leave: 
10:02:07,926  WARN Client Client:writeToClient:153 - Leave: 
10:02:07,926 DEBUG Client Client:run:86 - Leave
10:02:07,926 DEBUG Client Client:run:86 - Leave
10:02:08,063 DEBUG Client Client:run:39 - Enter: 
10:02:08,064  INFO Client Client:getHeaders:117 - Enter: 
10:02:08,064  INFO Client Client:getHeaders:133 - Leave: 
10:02:08,065  WARN Client Client:writeToClient:144 - Enter: 
10:02:08,067  WARN Client Client:writeToClient:153 - Leave: 
10:02:08,069 DEBUG Client Client:run:86 - Leave
10:03:53,736  INFO main MainHttpd:main:37 - Start httpd
10:04:01,326 DEBUG Client Client:run:39 - Enter: 
10:04:01,327  INFO Client Client:getHeaders:117 - Enter: 
10:04:01,327 DEBUG Client Client:run:39 - Enter: 
10:04:01,328  INFO Client Client:getHeaders:133 - Leave: 
10:04:01,332  INFO Client Client:getHeaders:117 - Enter: 
10:04:01,332  INFO Client Client:getHeaders:133 - Leave: 
10:04:02,801  WARN Client Client:writeToClient:144 - Enter: 
10:04:02,801  WARN Client Client:writeToClient:144 - Enter: 
10:04:02,802  WARN Client Client:writeToClient:153 - Leave: 
10:04:02,802  WARN Client Client:writeToClient:153 - Leave: 
10:04:02,803 DEBUG Client Client:run:86 - Leave
10:04:02,803 DEBUG Client Client:run:86 - Leave
10:04:02,941 DEBUG Client Client:run:39 - Enter: 
10:04:02,942  INFO Client Client:getHeaders:117 - Enter: 
10:04:02,942  INFO Client Client:getHeaders:133 - Leave: 
10:04:02,944  WARN Client Client:writeToClient:144 - Enter: 
10:04:02,945  WARN Client Client:writeToClient:153 - Leave: 
10:04:02,945 DEBUG Client Client:run:86 - Leave
10:04:31,934  INFO main MainHttpd:main:37 - Start httpd
10:04:34,022 DEBUG Client Client:run:39 - Enter: 
10:04:34,023 DEBUG Client Client:run:39 - Enter: 
10:04:34,023  INFO Client Client:getHeaders:117 - Enter: 
10:04:34,023  INFO Client Client:getHeaders:117 - Enter: 
10:04:34,024  INFO Client Client:getHeaders:133 - Leave: 
10:04:34,024  INFO Client Client:getHeaders:133 - Leave: 
10:04:36,094  WARN Client Client:writeToClient:144 - Enter: 
10:04:36,094  WARN Client Client:writeToClient:144 - Enter: 
10:04:36,096  WARN Client Client:writeToClient:153 - Leave: 
10:04:36,096  WARN Client Client:writeToClient:153 - Leave: 
10:04:36,096 DEBUG Client Client:run:86 - Leave
10:04:36,097 DEBUG Client Client:run:86 - Leave
10:04:36,229 DEBUG Client Client:run:39 - Enter: 
10:04:36,231  INFO Client Client:getHeaders:117 - Enter: 
10:04:36,233  INFO Client Client:getHeaders:133 - Leave: 
10:04:36,235  WARN Client Client:writeToClient:144 - Enter: 
10:04:36,238  WARN Client Client:writeToClient:153 - Leave: 
10:04:36,238 DEBUG Client Client:run:86 - Leave
10:04:45,813 DEBUG Client Client:run:39 - Enter: 
10:04:45,813 DEBUG Client Client:run:39 - Enter: 
10:04:45,814  INFO Client Client:getHeaders:117 - Enter: 
10:04:45,814  INFO Client Client:getHeaders:117 - Enter: 
10:04:45,815  INFO Client Client:getHeaders:133 - Leave: 
10:04:45,815  INFO Client Client:getHeaders:133 - Leave: 
10:04:56,795  WARN Client Client:writeToClient:144 - Enter: 
10:04:58,055  WARN Client Client:writeToClient:144 - Enter: 
10:04:58,056  WARN Client Client:writeToClient:153 - Leave: 
10:04:58,057 DEBUG Client Client:run:86 - Leave
10:04:58,058 ERROR Client Client:run:78 - problem
java.net.SocketException: Software caused connection abort: socket write error
	at java.net.SocketOutputStream.socketWrite0(Native Method)
	at java.net.SocketOutputStream.socketWrite(SocketOutputStream.java:109)
	at java.net.SocketOutputStream.write(SocketOutputStream.java:153)
	at sun.nio.cs.StreamEncoder.writeBytes(StreamEncoder.java:221)
	at sun.nio.cs.StreamEncoder.implFlushBuffer(StreamEncoder.java:291)
	at sun.nio.cs.StreamEncoder.implFlush(StreamEncoder.java:295)
	at sun.nio.cs.StreamEncoder.flush(StreamEncoder.java:141)
	at java.io.OutputStreamWriter.flush(OutputStreamWriter.java:229)
	at java.io.BufferedWriter.flush(BufferedWriter.java:254)
	at Client.writeToClient(Client.java:150)
	at Client.run(Client.java:72)
	at java.lang.Thread.run(Thread.java:724)
10:04:58,060 DEBUG Client Client:run:86 - Leave
10:04:58,209 DEBUG Client Client:run:39 - Enter: 
10:04:58,210  INFO Client Client:getHeaders:117 - Enter: 
10:04:58,210  INFO Client Client:getHeaders:133 - Leave: 
10:04:58,211  WARN Client Client:writeToClient:144 - Enter: 
10:04:58,212  WARN Client Client:writeToClient:153 - Leave: 
10:04:58,213 DEBUG Client Client:run:86 - Leave
10:05:21,612 DEBUG Client Client:run:39 - Enter: 
10:05:21,612 DEBUG Client Client:run:39 - Enter: 
10:05:21,613  INFO Client Client:getHeaders:117 - Enter: 
10:05:21,613  INFO Client Client:getHeaders:117 - Enter: 
10:05:21,613  INFO Client Client:getHeaders:133 - Leave: 
10:05:21,614  INFO Client Client:getHeaders:133 - Leave: 
10:05:21,614  WARN Client Client:writeToClient:144 - Enter: 
10:05:21,614  WARN Client Client:writeToClient:144 - Enter: 
10:05:21,616  WARN Client Client:writeToClient:153 - Leave: 
10:05:21,616  WARN Client Client:writeToClient:153 - Leave: 
10:05:21,616 DEBUG Client Client:run:86 - Leave
10:05:21,617 DEBUG Client Client:run:86 - Leave
10:05:21,758 DEBUG Client Client:run:39 - Enter: 
10:05:21,758  INFO Client Client:getHeaders:117 - Enter: 
10:05:21,759  INFO Client Client:getHeaders:133 - Leave: 
10:05:21,759  WARN Client Client:writeToClient:144 - Enter: 
10:05:21,761  WARN Client Client:writeToClient:153 - Leave: 
10:05:21,761 DEBUG Client Client:run:86 - Leave
10:05:24,614 DEBUG Client Client:run:39 - Enter: 
10:05:24,614 DEBUG Client Client:run:39 - Enter: 
10:05:24,614  INFO Client Client:getHeaders:117 - Enter: 
10:05:24,615  INFO Client Client:getHeaders:117 - Enter: 
10:05:24,615  INFO Client Client:getHeaders:133 - Leave: 
10:05:24,615  INFO Client Client:getHeaders:133 - Leave: 
10:05:24,617  WARN Client Client:writeToClient:144 - Enter: 
10:05:24,617  WARN Client Client:writeToClient:144 - Enter: 
10:05:24,618  WARN Client Client:writeToClient:153 - Leave: 
10:05:24,618  WARN Client Client:writeToClient:153 - Leave: 
10:05:24,619 DEBUG Client Client:run:86 - Leave
10:05:24,618 DEBUG Client Client:run:86 - Leave
10:05:24,750 DEBUG Client Client:run:39 - Enter: 
10:05:24,751  INFO Client Client:getHeaders:117 - Enter: 
10:05:24,751  INFO Client Client:getHeaders:133 - Leave: 
10:05:24,752  WARN Client Client:writeToClient:144 - Enter: 
10:05:24,754  WARN Client Client:writeToClient:153 - Leave: 
10:05:24,754 DEBUG Client Client:run:86 - Leave
10:05:32,656 DEBUG Client Client:run:39 - Enter: 
10:05:32,656  INFO Client Client:getHeaders:117 - Enter: 
10:05:32,657  INFO Client Client:getHeaders:133 - Leave: 
10:05:32,658  WARN Client Client:writeToClient:144 - Enter: 
10:05:32,658  WARN Client Client:writeToClient:153 - Leave: 
10:05:32,659 DEBUG Client Client:run:86 - Leave
10:05:34,294 DEBUG Client Client:run:39 - Enter: 
10:05:34,294  INFO Client Client:getHeaders:117 - Enter: 
10:05:34,295  INFO Client Client:getHeaders:133 - Leave: 
10:05:34,296  WARN Client Client:writeToClient:144 - Enter: 
10:05:34,296  WARN Client Client:writeToClient:153 - Leave: 
10:05:34,297 DEBUG Client Client:run:86 - Leave
10:06:11,711  INFO main MainHttpd:main:37 - Start httpd
10:06:14,214 DEBUG Client Client:run:39 - Enter: 
10:06:14,214  INFO Client Client:getHeaders:117 - Enter: 
10:06:14,215  INFO Client Client:getHeaders:133 - Leave: 
10:06:14,225  WARN Client Client:writeToClient:144 - Enter: 
10:06:14,226  WARN Client Client:writeToClient:153 - Leave: 
10:06:14,227 DEBUG Client Client:run:86 - Leave
10:06:15,456 DEBUG Client Client:run:39 - Enter: 
10:06:15,457  INFO Client Client:getHeaders:117 - Enter: 
10:06:15,457  INFO Client Client:getHeaders:133 - Leave: 
10:06:15,458  WARN Client Client:writeToClient:144 - Enter: 
10:06:15,459  WARN Client Client:writeToClient:153 - Leave: 
10:06:15,459 DEBUG Client Client:run:86 - Leave
10:06:38,657  INFO main MainHttpd:main:37 - Start httpd
10:06:41,485 DEBUG Client Client:run:39 - Enter: 
10:06:41,486  INFO Client Client:getHeaders:117 - Enter: 
10:06:41,487  INFO Client Client:getHeaders:133 - Leave: 
10:06:41,496  WARN Client Client:writeToClient:144 - Enter: 
10:06:41,498  WARN Client Client:writeToClient:153 - Leave: 
10:06:41,498 DEBUG Client Client:run:86 - Leave
10:06:59,213  INFO main MainHttpd:main:37 - Start httpd
10:07:01,716 DEBUG Client Client:run:39 - Enter: 
10:07:01,717  INFO Client Client:getHeaders:117 - Enter: 
10:07:01,718  INFO Client Client:getHeaders:133 - Leave: 
10:07:01,727  WARN Client Client:writeToClient:144 - Enter: 
10:07:01,728  WARN Client Client:writeToClient:153 - Leave: 
10:07:01,729 DEBUG Client Client:run:86 - Leave
10:07:02,737 DEBUG Client Client:run:39 - Enter: 
10:07:02,737  INFO Client Client:getHeaders:117 - Enter: 
10:07:02,738  INFO Client Client:getHeaders:133 - Leave: 
10:07:02,739  WARN Client Client:writeToClient:144 - Enter: 
10:07:02,740  WARN Client Client:writeToClient:153 - Leave: 
10:07:02,741 DEBUG Client Client:run:86 - Leave
10:10:14,173  INFO main MainHttpd:main:37 - Start httpd
10:10:17,940 DEBUG Client Client:run:39 - Enter: 
10:10:17,941  INFO Client Client:getHeaders:117 - Enter: 
10:10:17,942  INFO Client Client:getHeaders:133 - Leave: 
10:10:17,954  WARN Client Client:writeToClient:144 - Enter: 
10:10:17,956  WARN Client Client:writeToClient:153 - Leave: 
10:10:17,957 DEBUG Client Client:run:86 - Leave
10:10:22,230 DEBUG Client Client:run:39 - Enter: 
10:10:22,231  INFO Client Client:getHeaders:117 - Enter: 
10:10:22,231  INFO Client Client:getHeaders:133 - Leave: 
10:10:22,232  WARN Client Client:writeToClient:144 - Enter: 
10:10:22,233  WARN Client Client:writeToClient:153 - Leave: 
10:10:22,233 DEBUG Client Client:run:86 - Leave
10:10:44,308 DEBUG Client Client:run:39 - Enter: 
10:10:44,308  INFO Client Client:getHeaders:117 - Enter: 
10:10:44,309  INFO Client Client:getHeaders:133 - Leave: 
10:14:50,028  INFO main MainHttpd:main:37 - Start httpd
10:14:53,236 DEBUG Client Client:run:39 - Enter: 
10:14:53,238  INFO Client Client:getHeaders:117 - Enter: 
10:14:53,239  INFO Client Client:getHeaders:133 - Leave: 
10:14:56,474  WARN Client Client:writeToClient:144 - Enter: 
10:14:56,475  WARN Client Client:writeToClient:155 - Leave: 
10:14:56,476 DEBUG Client Client:run:86 - Leave
10:17:08,212  INFO main MainHttpd:main:37 - Start httpd
10:17:12,295 DEBUG Client Client:run:39 - Enter: 
10:17:12,296  INFO Client Client:getHeaders:117 - Enter: 
10:17:12,297  INFO Client Client:getHeaders:133 - Leave: 
10:17:16,939  WARN Client Client:writeToClient:144 - Enter: 
10:17:16,940  WARN Client Client:writeToClient:155 - Leave: 
10:17:16,941 DEBUG Client Client:run:86 - Leave
10:17:42,009  INFO main MainHttpd:main:37 - Start httpd
10:17:43,089 DEBUG Client Client:run:39 - Enter: 
10:17:43,091  INFO Client Client:getHeaders:117 - Enter: 
10:17:43,093  INFO Client Client:getHeaders:133 - Leave: 
10:17:47,939  WARN Client Client:writeToClient:144 - Enter: 
10:17:47,940  WARN Client Client:writeToClient:155 - Leave: 
10:17:47,941 DEBUG Client Client:run:86 - Leave
10:18:40,150  INFO main MainHttpd:main:37 - Start httpd
10:18:40,386 DEBUG Client Client:run:39 - Enter: 
10:18:40,387  INFO Client Client:getHeaders:117 - Enter: 
10:18:40,388  INFO Client Client:getHeaders:133 - Leave: 
10:18:46,516  WARN Client Client:writeToClient:144 - Enter: 
10:18:46,518  WARN Client Client:writeToClient:155 - Leave: 
10:18:46,519 DEBUG Client Client:run:86 - Leave
10:19:20,835  INFO main MainHttpd:main:37 - Start httpd
10:19:22,851 DEBUG Client Client:run:39 - Enter: 
10:19:22,852  INFO Client Client:getHeaders:117 - Enter: 
10:19:22,853  INFO Client Client:getHeaders:133 - Leave: 
10:19:24,858  WARN Client Client:writeToClient:144 - Enter: 
10:19:24,861  WARN Client Client:writeToClient:155 - Leave: 
10:19:24,862 DEBUG Client Client:run:86 - Leave
10:19:27,534 DEBUG Client Client:run:39 - Enter: 
10:19:27,535  INFO Client Client:getHeaders:117 - Enter: 
10:19:27,535  INFO Client Client:getHeaders:133 - Leave: 
10:19:28,873  WARN Client Client:writeToClient:144 - Enter: 
10:19:28,875  WARN Client Client:writeToClient:155 - Leave: 
10:19:28,876 DEBUG Client Client:run:86 - Leave
10:19:32,917 DEBUG Client Client:run:39 - Enter: 
10:19:32,917  INFO Client Client:getHeaders:117 - Enter: 
10:19:32,918  INFO Client Client:getHeaders:133 - Leave: 
10:19:32,919  WARN Client Client:writeToClient:144 - Enter: 
10:19:32,919  WARN Client Client:writeToClient:155 - Leave: 
10:19:32,920 DEBUG Client Client:run:86 - Leave
10:19:35,348 DEBUG Client Client:run:39 - Enter: 
10:19:35,349  INFO Client Client:getHeaders:117 - Enter: 
10:19:35,349  INFO Client Client:getHeaders:133 - Leave: 
10:19:35,350  WARN Client Client:writeToClient:144 - Enter: 
10:19:35,351  WARN Client Client:writeToClient:155 - Leave: 
10:19:35,351 DEBUG Client Client:run:86 - Leave
10:19:36,851 DEBUG Client Client:run:39 - Enter: 
10:19:36,852  INFO Client Client:getHeaders:117 - Enter: 
10:19:36,852  INFO Client Client:getHeaders:133 - Leave: 
10:19:36,853  WARN Client Client:writeToClient:144 - Enter: 
10:19:36,854  WARN Client Client:writeToClient:155 - Leave: 
10:19:36,854 DEBUG Client Client:run:86 - Leave
10:19:38,674 DEBUG Client Client:run:39 - Enter: 
10:19:38,675  INFO Client Client:getHeaders:117 - Enter: 
10:19:38,675  INFO Client Client:getHeaders:133 - Leave: 
10:19:38,676  WARN Client Client:writeToClient:144 - Enter: 
10:19:38,676  WARN Client Client:writeToClient:155 - Leave: 
10:19:38,677 DEBUG Client Client:run:86 - Leave
10:19:39,628 DEBUG Client Client:run:39 - Enter: 
10:19:39,629  INFO Client Client:getHeaders:117 - Enter: 
10:19:39,629  INFO Client Client:getHeaders:133 - Leave: 
10:19:39,630  WARN Client Client:writeToClient:144 - Enter: 
10:19:39,631  WARN Client Client:writeToClient:155 - Leave: 
10:19:39,631 DEBUG Client Client:run:86 - Leave
10:21:18,379  INFO main MainHttpd:main:37 - Start httpd
10:21:18,699 DEBUG Client Client:run:39 - Enter: 
10:21:18,700  INFO Client Client:getHeaders:117 - Enter: 
10:21:18,701  INFO Client Client:getHeaders:133 - Leave: 
10:21:18,714  WARN Client Client:writeToClient:144 - Enter: 
10:21:18,716  WARN Client Client:writeToClient:155 - Leave: 
10:21:18,717 DEBUG Client Client:run:86 - Leave
10:21:21,566 DEBUG Client Client:run:39 - Enter: 
10:21:21,566  INFO Client Client:getHeaders:117 - Enter: 
10:21:21,567  INFO Client Client:getHeaders:133 - Leave: 
10:21:21,568  WARN Client Client:writeToClient:144 - Enter: 
10:21:21,570  WARN Client Client:writeToClient:155 - Leave: 
10:21:21,570 DEBUG Client Client:run:86 - Leave
10:21:22,525 DEBUG Client Client:run:39 - Enter: 
10:21:22,526  INFO Client Client:getHeaders:117 - Enter: 
10:21:22,526  INFO Client Client:getHeaders:133 - Leave: 
10:21:22,527  WARN Client Client:writeToClient:144 - Enter: 
10:21:22,528  WARN Client Client:writeToClient:155 - Leave: 
10:21:22,529 DEBUG Client Client:run:86 - Leave
10:21:23,650 DEBUG Client Client:run:39 - Enter: 
10:21:23,651  INFO Client Client:getHeaders:117 - Enter: 
10:21:23,651  INFO Client Client:getHeaders:133 - Leave: 
10:21:23,652  WARN Client Client:writeToClient:144 - Enter: 
10:21:23,653  WARN Client Client:writeToClient:155 - Leave: 
10:21:23,653 DEBUG Client Client:run:86 - Leave
10:21:25,139 DEBUG Client Client:run:39 - Enter: 
10:21:25,139  INFO Client Client:getHeaders:117 - Enter: 
10:21:25,140  INFO Client Client:getHeaders:133 - Leave: 
10:21:25,140  WARN Client Client:writeToClient:144 - Enter: 
10:21:25,142  WARN Client Client:writeToClient:155 - Leave: 
10:21:25,142 DEBUG Client Client:run:86 - Leave
10:21:28,644 DEBUG Client Client:run:39 - Enter: 
10:21:28,644  INFO Client Client:getHeaders:117 - Enter: 
10:21:28,645  INFO Client Client:getHeaders:133 - Leave: 
10:21:29,792  WARN Client Client:writeToClient:144 - Enter: 
10:21:29,793  WARN Client Client:writeToClient:155 - Leave: 
10:21:29,794 DEBUG Client Client:run:86 - Leave
10:21:32,500 DEBUG Client Client:run:39 - Enter: 
10:21:32,501  INFO Client Client:getHeaders:117 - Enter: 
10:21:32,501  INFO Client Client:getHeaders:133 - Leave: 
10:21:32,502  WARN Client Client:writeToClient:144 - Enter: 
10:21:32,503  WARN Client Client:writeToClient:155 - Leave: 
10:21:32,503 DEBUG Client Client:run:86 - Leave
10:21:39,848 DEBUG Client Client:run:39 - Enter: 
10:21:39,848  INFO Client Client:getHeaders:117 - Enter: 
10:21:39,849  INFO Client Client:getHeaders:133 - Leave: 
10:21:39,849  WARN Client Client:writeToClient:144 - Enter: 
10:21:39,850  WARN Client Client:writeToClient:155 - Leave: 
10:21:39,850 DEBUG Client Client:run:86 - Leave
10:21:51,119 DEBUG Client Client:run:39 - Enter: 
10:21:51,120  INFO Client Client:getHeaders:117 - Enter: 
10:21:51,120  INFO Client Client:getHeaders:133 - Leave: 
14:54:58,674  INFO main MainHttpd:main:34 - Start httpd
14:58:36,518  INFO main MainHttpd:main:34 - Start httpd
14:59:09,528 DEBUG Client Client:run:37 - Enter: 
14:59:09,550  INFO Client Client:getHeaders:122 - Enter: 
14:59:09,550  INFO Client Client:getHeaders:138 - Leave: 
14:59:12,081  WARN Client Client:writeToClient:149 - Enter: 
14:59:12,082  WARN Client Client:writeToClient:160 - Leave: 
14:59:12,087 DEBUG Client Client:run:91 - Leave
14:59:15,319 DEBUG Client Client:run:37 - Enter: 
14:59:15,319  INFO Client Client:getHeaders:122 - Enter: 
14:59:15,320  INFO Client Client:getHeaders:138 - Leave: 
14:59:16,899  WARN Client Client:writeToClient:149 - Enter: 
14:59:16,901  WARN Client Client:writeToClient:160 - Leave: 
14:59:16,901 DEBUG Client Client:run:91 - Leave
15:02:38,742  INFO main MainHttpd:main:34 - Start httpd
15:02:45,300 DEBUG Client Client:run:37 - Enter: 
15:02:45,301  INFO Client Client:getHeaders:122 - Enter: 
15:02:45,302  INFO Client Client:getHeaders:138 - Leave: 
15:02:47,969  WARN Client Client:writeToClient:149 - Enter: 
15:02:47,970  WARN Client Client:writeToClient:160 - Leave: 
15:02:47,970 DEBUG Client Client:run:91 - Leave
15:03:13,756 DEBUG Client Client:run:37 - Enter: 
15:03:13,757  INFO Client Client:getHeaders:122 - Enter: 
15:03:13,757  INFO Client Client:getHeaders:138 - Leave: 
15:03:13,758  WARN Client Client:writeToClient:149 - Enter: 
15:03:13,759  WARN Client Client:writeToClient:160 - Leave: 
15:03:13,759 DEBUG Client Client:run:91 - Leave
15:03:14,755 DEBUG Client Client:run:37 - Enter: 
15:03:14,755  INFO Client Client:getHeaders:122 - Enter: 
15:03:14,755  INFO Client Client:getHeaders:138 - Leave: 
15:03:14,756  WARN Client Client:writeToClient:149 - Enter: 
15:03:14,758  WARN Client Client:writeToClient:160 - Leave: 
15:03:14,758 DEBUG Client Client:run:91 - Leave
15:03:16,730 DEBUG Client Client:run:37 - Enter: 
15:03:16,731  INFO Client Client:getHeaders:122 - Enter: 
15:03:16,732  INFO Client Client:getHeaders:138 - Leave: 
15:03:16,733  WARN Client Client:writeToClient:149 - Enter: 
15:03:16,734  WARN Client Client:writeToClient:160 - Leave: 
15:03:16,734 DEBUG Client Client:run:91 - Leave
15:03:17,811 DEBUG Client Client:run:37 - Enter: 
15:03:17,811  INFO Client Client:getHeaders:122 - Enter: 
15:03:17,812  INFO Client Client:getHeaders:138 - Leave: 
15:03:17,813  WARN Client Client:writeToClient:149 - Enter: 
15:03:17,814  WARN Client Client:writeToClient:160 - Leave: 
15:03:17,814 DEBUG Client Client:run:91 - Leave
15:03:20,891 DEBUG Client Client:run:37 - Enter: 
15:03:20,891  INFO Client Client:getHeaders:122 - Enter: 
15:03:20,891  INFO Client Client:getHeaders:138 - Leave: 
15:03:20,892  WARN Client Client:writeToClient:149 - Enter: 
15:03:20,893  WARN Client Client:writeToClient:160 - Leave: 
15:03:20,894 DEBUG Client Client:run:91 - Leave
15:03:23,218 DEBUG Client Client:run:37 - Enter: 
15:03:23,218  INFO Client Client:getHeaders:122 - Enter: 
15:03:23,219  INFO Client Client:getHeaders:138 - Leave: 
15:03:23,220  WARN Client Client:writeToClient:149 - Enter: 
15:03:23,221  WARN Client Client:writeToClient:160 - Leave: 
15:03:23,221 DEBUG Client Client:run:91 - Leave
15:03:38,268 DEBUG Client Client:run:37 - Enter: 
15:03:38,268  INFO Client Client:getHeaders:122 - Enter: 
15:03:38,269  INFO Client Client:getHeaders:138 - Leave: 
15:03:38,270  WARN Client Client:writeToClient:149 - Enter: 
15:03:38,272  WARN Client Client:writeToClient:160 - Leave: 
15:03:38,272 DEBUG Client Client:run:91 - Leave
15:03:45,666 DEBUG Client Client:run:37 - Enter: 
15:03:45,667  INFO Client Client:getHeaders:122 - Enter: 
15:03:45,667  INFO Client Client:getHeaders:138 - Leave: 
15:03:45,668  WARN Client Client:writeToClient:149 - Enter: 
15:03:45,670  WARN Client Client:writeToClient:160 - Leave: 
15:03:45,670 DEBUG Client Client:run:91 - Leave
15:03:49,042 DEBUG Client Client:run:37 - Enter: 
15:03:49,043  INFO Client Client:getHeaders:122 - Enter: 
15:03:49,043  INFO Client Client:getHeaders:138 - Leave: 
15:03:49,044  WARN Client Client:writeToClient:149 - Enter: 
15:03:49,045  WARN Client Client:writeToClient:160 - Leave: 
15:03:49,046 DEBUG Client Client:run:91 - Leave
15:03:51,762 DEBUG Client Client:run:37 - Enter: 
15:03:51,763  INFO Client Client:getHeaders:122 - Enter: 
15:03:51,763  INFO Client Client:getHeaders:138 - Leave: 
15:03:51,764  WARN Client Client:writeToClient:149 - Enter: 
15:03:51,765  WARN Client Client:writeToClient:160 - Leave: 
15:03:51,765 DEBUG Client Client:run:91 - Leave
15:03:53,548 DEBUG Client Client:run:37 - Enter: 
15:03:53,548  INFO Client Client:getHeaders:122 - Enter: 
15:03:53,549  INFO Client Client:getHeaders:138 - Leave: 
15:03:53,550  WARN Client Client:writeToClient:149 - Enter: 
15:03:53,550  WARN Client Client:writeToClient:160 - Leave: 
15:03:53,551 DEBUG Client Client:run:91 - Leave
15:03:54,441 DEBUG Client Client:run:37 - Enter: 
15:03:54,441  INFO Client Client:getHeaders:122 - Enter: 
15:03:54,442  INFO Client Client:getHeaders:138 - Leave: 
15:03:54,443  WARN Client Client:writeToClient:149 - Enter: 
15:03:54,444  WARN Client Client:writeToClient:160 - Leave: 
15:03:54,444 DEBUG Client Client:run:91 - Leave
15:04:05,138 DEBUG Client Client:run:37 - Enter: 
15:04:05,138  INFO Client Client:getHeaders:122 - Enter: 
15:04:05,139  INFO Client Client:getHeaders:138 - Leave: 
15:04:05,140  WARN Client Client:writeToClient:149 - Enter: 
15:04:05,140  WARN Client Client:writeToClient:160 - Leave: 
15:04:05,141 DEBUG Client Client:run:91 - Leave
15:05:17,715  INFO main MainHttpd:main:34 - Start httpd
15:05:20,123 DEBUG Client Client:run:37 - Enter: 
15:05:20,124  INFO Client Client:getHeaders:122 - Enter: 
15:05:20,124  INFO Client Client:getHeaders:138 - Leave: 
15:05:20,133  WARN Client Client:writeToClient:149 - Enter: 
15:05:20,134  WARN Client Client:writeToClient:160 - Leave: 
15:05:20,135 DEBUG Client Client:run:91 - Leave
15:05:21,019 DEBUG Client Client:run:37 - Enter: 
15:05:21,020  INFO Client Client:getHeaders:122 - Enter: 
15:05:21,020  INFO Client Client:getHeaders:138 - Leave: 
15:05:21,021  WARN Client Client:writeToClient:149 - Enter: 
15:05:21,022  WARN Client Client:writeToClient:160 - Leave: 
15:05:21,022 DEBUG Client Client:run:91 - Leave
15:05:22,568 DEBUG Client Client:run:37 - Enter: 
15:05:22,569  INFO Client Client:getHeaders:122 - Enter: 
15:05:22,569  INFO Client Client:getHeaders:138 - Leave: 
15:05:22,570  WARN Client Client:writeToClient:149 - Enter: 
15:05:22,571  WARN Client Client:writeToClient:160 - Leave: 
15:05:22,571 DEBUG Client Client:run:91 - Leave
15:05:23,367 DEBUG Client Client:run:37 - Enter: 
15:05:23,367  INFO Client Client:getHeaders:122 - Enter: 
15:05:23,368  INFO Client Client:getHeaders:138 - Leave: 
15:05:23,369  WARN Client Client:writeToClient:149 - Enter: 
15:05:23,369  WARN Client Client:writeToClient:160 - Leave: 
15:05:23,370 DEBUG Client Client:run:91 - Leave
15:05:25,228 DEBUG Client Client:run:37 - Enter: 
15:05:25,229  INFO Client Client:getHeaders:122 - Enter: 
15:05:25,230  INFO Client Client:getHeaders:138 - Leave: 
15:05:25,231  WARN Client Client:writeToClient:149 - Enter: 
15:05:25,232  WARN Client Client:writeToClient:160 - Leave: 
15:05:25,232 DEBUG Client Client:run:91 - Leave
15:05:26,923 DEBUG Client Client:run:37 - Enter: 
15:05:26,923  INFO Client Client:getHeaders:122 - Enter: 
15:05:26,924  INFO Client Client:getHeaders:138 - Leave: 
15:05:26,925  WARN Client Client:writeToClient:149 - Enter: 
15:05:26,925  WARN Client Client:writeToClient:160 - Leave: 
15:05:26,926 DEBUG Client Client:run:91 - Leave
15:05:28,907 DEBUG Client Client:run:37 - Enter: 
15:05:28,907  INFO Client Client:getHeaders:122 - Enter: 
15:05:28,908  INFO Client Client:getHeaders:138 - Leave: 
15:05:28,909  WARN Client Client:writeToClient:149 - Enter: 
15:05:28,911  WARN Client Client:writeToClient:160 - Leave: 
15:05:28,912 DEBUG Client Client:run:91 - Leave
15:05:30,344 DEBUG Client Client:run:37 - Enter: 
15:05:30,345  INFO Client Client:getHeaders:122 - Enter: 
15:05:30,345  INFO Client Client:getHeaders:138 - Leave: 
15:05:30,347  WARN Client Client:writeToClient:149 - Enter: 
15:05:30,348  WARN Client Client:writeToClient:160 - Leave: 
15:05:30,349 DEBUG Client Client:run:91 - Leave
15:05:34,175 DEBUG Client Client:run:37 - Enter: 
15:05:34,175  INFO Client Client:getHeaders:122 - Enter: 
15:05:34,175  INFO Client Client:getHeaders:138 - Leave: 
15:05:34,176  WARN Client Client:writeToClient:149 - Enter: 
15:05:34,177  WARN Client Client:writeToClient:160 - Leave: 
15:05:34,177 DEBUG Client Client:run:91 - Leave
15:08:55,096  INFO main MainHttpd:main:34 - Start httpd
15:08:55,106 FATAL main MainHttpd:main:50 - 
java.net.BindException: Address already in use: JVM_Bind
	at java.net.DualStackPlainSocketImpl.bind0(Native Method)
	at java.net.DualStackPlainSocketImpl.socketBind(DualStackPlainSocketImpl.java:106)
	at java.net.AbstractPlainSocketImpl.bind(AbstractPlainSocketImpl.java:376)
	at java.net.PlainSocketImpl.bind(PlainSocketImpl.java:190)
	at java.net.ServerSocket.bind(ServerSocket.java:376)
	at java.net.ServerSocket.<init>(ServerSocket.java:237)
	at java.net.ServerSocket.<init>(ServerSocket.java:128)
	at MainHttpd.main(MainHttpd.java:38)
15:09:04,058  INFO main MainHttpd:main:34 - Start httpd
15:09:11,560 DEBUG Client Client:run:37 - Enter: 
15:09:11,561  INFO Client Client:getHeaders:130 - Enter: 
15:09:11,562  INFO Client Client:getHeaders:146 - Leave: 
15:09:11,572  WARN Client Client:writeToClient:157 - Enter: 
15:09:11,573  WARN Client Client:writeToClient:168 - Leave: 
15:09:11,573 DEBUG Client Client:run:99 - Leave
15:09:14,749 DEBUG Client Client:run:37 - Enter: 
15:09:14,749  INFO Client Client:getHeaders:130 - Enter: 
15:09:14,750  INFO Client Client:getHeaders:146 - Leave: 
15:09:14,751  WARN Client Client:writeToClient:157 - Enter: 
15:09:14,752  WARN Client Client:writeToClient:168 - Leave: 
15:09:14,753 DEBUG Client Client:run:99 - Leave
15:09:16,990 DEBUG Client Client:run:37 - Enter: 
15:09:16,991  INFO Client Client:getHeaders:130 - Enter: 
15:09:16,991  INFO Client Client:getHeaders:146 - Leave: 
15:09:16,992  WARN Client Client:writeToClient:157 - Enter: 
15:09:16,993  WARN Client Client:writeToClient:168 - Leave: 
15:09:16,994 DEBUG Client Client:run:99 - Leave
15:09:18,393 DEBUG Client Client:run:37 - Enter: 
15:09:18,395  INFO Client Client:getHeaders:130 - Enter: 
15:09:18,395  INFO Client Client:getHeaders:146 - Leave: 
15:09:18,397  WARN Client Client:writeToClient:157 - Enter: 
15:09:18,397  WARN Client Client:writeToClient:168 - Leave: 
15:09:18,398 DEBUG Client Client:run:99 - Leave
15:09:19,577 DEBUG Client Client:run:37 - Enter: 
15:09:19,577  INFO Client Client:getHeaders:130 - Enter: 
15:09:19,578  INFO Client Client:getHeaders:146 - Leave: 
15:09:19,578  WARN Client Client:writeToClient:157 - Enter: 
15:09:19,579  WARN Client Client:writeToClient:168 - Leave: 
15:09:19,580 DEBUG Client Client:run:99 - Leave
15:09:33,175 DEBUG Client Client:run:37 - Enter: 
15:09:33,175  INFO Client Client:getHeaders:130 - Enter: 
15:09:33,176  INFO Client Client:getHeaders:146 - Leave: 
15:09:33,176  WARN Client Client:writeToClient:157 - Enter: 
15:09:33,177  WARN Client Client:writeToClient:168 - Leave: 
15:09:33,178 DEBUG Client Client:run:99 - Leave
15:09:38,736 DEBUG Client Client:run:37 - Enter: 
15:09:38,737  INFO Client Client:getHeaders:130 - Enter: 
15:09:38,737  INFO Client Client:getHeaders:146 - Leave: 
15:09:54,867  WARN Client Client:writeToClient:157 - Enter: 
15:09:54,868  WARN Client Client:writeToClient:168 - Leave: 
15:09:54,868 DEBUG Client Client:run:99 - Leave
15:10:02,218 DEBUG Client Client:run:37 - Enter: 
15:10:02,219  INFO Client Client:getHeaders:130 - Enter: 
15:10:02,219  INFO Client Client:getHeaders:146 - Leave: 
15:10:02,220  WARN Client Client:writeToClient:157 - Enter: 
15:10:02,222  WARN Client Client:writeToClient:168 - Leave: 
15:10:02,222 DEBUG Client Client:run:99 - Leave
15:10:26,636 DEBUG Client Client:run:37 - Enter: 
15:10:26,636  INFO Client Client:getHeaders:130 - Enter: 
15:10:26,637  INFO Client Client:getHeaders:146 - Leave: 
15:10:34,432  WARN Client Client:writeToClient:157 - Enter: 
15:10:34,435 ERROR Client Client:run:89 - problem
java.net.SocketException: Software caused connection abort: socket write error
	at java.net.SocketOutputStream.socketWrite0(Native Method)
	at java.net.SocketOutputStream.socketWrite(SocketOutputStream.java:109)
	at java.net.SocketOutputStream.write(SocketOutputStream.java:153)
	at sun.nio.cs.StreamEncoder.writeBytes(StreamEncoder.java:221)
	at sun.nio.cs.StreamEncoder.implFlushBuffer(StreamEncoder.java:291)
	at sun.nio.cs.StreamEncoder.implFlush(StreamEncoder.java:295)
	at sun.nio.cs.StreamEncoder.flush(StreamEncoder.java:141)
	at java.io.OutputStreamWriter.flush(OutputStreamWriter.java:229)
	at java.io.BufferedWriter.flush(BufferedWriter.java:254)
	at Client.writeToClient(Client.java:164)
	at Client.run(Client.java:82)
	at java.lang.Thread.run(Thread.java:724)
15:10:34,436 ERROR Client Client:run:91 - problem
java.net.SocketException: Software caused connection abort: socket write error
	at java.net.SocketOutputStream.socketWrite0(Native Method)
	at java.net.SocketOutputStream.socketWrite(SocketOutputStream.java:109)
	at java.net.SocketOutputStream.write(SocketOutputStream.java:153)
	at sun.nio.cs.StreamEncoder.writeBytes(StreamEncoder.java:221)
	at sun.nio.cs.StreamEncoder.implFlushBuffer(StreamEncoder.java:291)
	at sun.nio.cs.StreamEncoder.implFlush(StreamEncoder.java:295)
	at sun.nio.cs.StreamEncoder.flush(StreamEncoder.java:141)
	at java.io.OutputStreamWriter.flush(OutputStreamWriter.java:229)
	at java.io.BufferedWriter.flush(BufferedWriter.java:254)
	at Client.writeToClient(Client.java:164)
	at Client.run(Client.java:82)
	at java.lang.Thread.run(Thread.java:724)
15:10:34,437 DEBUG Client Client:run:99 - Leave
15:11:01,157 DEBUG Client Client:run:37 - Enter: 
15:11:03,199  INFO Client Client:getHeaders:130 - Enter: 
15:11:03,199  INFO Client Client:getHeaders:146 - Leave: 
15:11:18,305 DEBUG Client Client:run:37 - Enter: 
15:11:19,994  INFO Client Client:getHeaders:130 - Enter: 
15:11:20,143  INFO Client Client:getHeaders:146 - Leave: 
15:11:20,150  WARN Client Client:writeToClient:157 - Enter: 
15:11:20,872  WARN Client Client:writeToClient:168 - Leave: 
15:11:20,873 DEBUG Client Client:run:99 - Leave
15:11:25,161  WARN Client Client:writeToClient:157 - Enter: 
15:11:25,162 ERROR Client Client:run:89 - problem
java.net.SocketException: Software caused connection abort: socket write error
	at java.net.SocketOutputStream.socketWrite0(Native Method)
	at java.net.SocketOutputStream.socketWrite(SocketOutputStream.java:109)
	at java.net.SocketOutputStream.write(SocketOutputStream.java:153)
	at sun.nio.cs.StreamEncoder.writeBytes(StreamEncoder.java:221)
	at sun.nio.cs.StreamEncoder.implFlushBuffer(StreamEncoder.java:291)
	at sun.nio.cs.StreamEncoder.implFlush(StreamEncoder.java:295)
	at sun.nio.cs.StreamEncoder.flush(StreamEncoder.java:141)
	at java.io.OutputStreamWriter.flush(OutputStreamWriter.java:229)
	at java.io.BufferedWriter.flush(BufferedWriter.java:254)
	at Client.writeToClient(Client.java:164)
	at Client.run(Client.java:82)
	at java.lang.Thread.run(Thread.java:724)
15:11:25,162 ERROR Client Client:run:91 - problem
java.net.SocketException: Software caused connection abort: socket write error
	at java.net.SocketOutputStream.socketWrite0(Native Method)
	at java.net.SocketOutputStream.socketWrite(SocketOutputStream.java:109)
	at java.net.SocketOutputStream.write(SocketOutputStream.java:153)
	at sun.nio.cs.StreamEncoder.writeBytes(StreamEncoder.java:221)
	at sun.nio.cs.StreamEncoder.implFlushBuffer(StreamEncoder.java:291)
	at sun.nio.cs.StreamEncoder.implFlush(StreamEncoder.java:295)
	at sun.nio.cs.StreamEncoder.flush(StreamEncoder.java:141)
	at java.io.OutputStreamWriter.flush(OutputStreamWriter.java:229)
	at java.io.BufferedWriter.flush(BufferedWriter.java:254)
	at Client.writeToClient(Client.java:164)
	at Client.run(Client.java:82)
	at java.lang.Thread.run(Thread.java:724)
15:11:25,163 DEBUG Client Client:run:99 - Leave
15:11:39,175 DEBUG Client Client:run:37 - Enter: 
15:11:39,176  INFO Client Client:getHeaders:130 - Enter: 
15:11:39,176  INFO Client Client:getHeaders:146 - Leave: 
15:11:39,176  WARN Client Client:writeToClient:157 - Enter: 
15:11:39,177  WARN Client Client:writeToClient:168 - Leave: 
15:11:39,177 DEBUG Client Client:run:99 - Leave
15:11:44,827 DEBUG Client Client:run:37 - Enter: 
15:11:44,827  INFO Client Client:getHeaders:130 - Enter: 
15:11:44,827  INFO Client Client:getHeaders:146 - Leave: 
15:11:44,828  WARN Client Client:writeToClient:157 - Enter: 
15:11:44,829  WARN Client Client:writeToClient:168 - Leave: 
15:11:44,829 DEBUG Client Client:run:99 - Leave
15:11:50,614 DEBUG Client Client:run:37 - Enter: 
15:11:50,614  INFO Client Client:getHeaders:130 - Enter: 
15:11:50,614  INFO Client Client:getHeaders:146 - Leave: 
15:11:50,615  WARN Client Client:writeToClient:157 - Enter: 
15:11:50,616  WARN Client Client:writeToClient:168 - Leave: 
15:11:50,617 DEBUG Client Client:run:99 - Leave
15:11:58,021 DEBUG Client Client:run:37 - Enter: 
15:11:58,021  INFO Client Client:getHeaders:130 - Enter: 
15:11:58,022  INFO Client Client:getHeaders:146 - Leave: 
15:11:58,023  WARN Client Client:writeToClient:157 - Enter: 
15:11:58,024  WARN Client Client:writeToClient:168 - Leave: 
15:11:58,024 DEBUG Client Client:run:99 - Leave
15:12:00,622 DEBUG Client Client:run:37 - Enter: 
15:12:00,622  INFO Client Client:getHeaders:130 - Enter: 
15:12:00,623  INFO Client Client:getHeaders:146 - Leave: 
15:12:00,624  WARN Client Client:writeToClient:157 - Enter: 
15:12:00,625  WARN Client Client:writeToClient:168 - Leave: 
15:12:00,625 DEBUG Client Client:run:99 - Leave
15:12:03,758 DEBUG Client Client:run:37 - Enter: 
15:12:03,759  INFO Client Client:getHeaders:130 - Enter: 
15:12:03,759  INFO Client Client:getHeaders:146 - Leave: 
15:12:03,760  WARN Client Client:writeToClient:157 - Enter: 
15:12:03,761  WARN Client Client:writeToClient:168 - Leave: 
15:12:03,761 DEBUG Client Client:run:99 - Leave
15:12:04,711 DEBUG Client Client:run:37 - Enter: 
15:12:04,711  INFO Client Client:getHeaders:130 - Enter: 
15:12:04,711  INFO Client Client:getHeaders:146 - Leave: 
15:12:04,712  WARN Client Client:writeToClient:157 - Enter: 
15:12:04,713  WARN Client Client:writeToClient:168 - Leave: 
15:12:04,713 DEBUG Client Client:run:99 - Leave
15:12:08,486 DEBUG Client Client:run:37 - Enter: 
15:12:08,486  INFO Client Client:getHeaders:130 - Enter: 
15:12:08,486  INFO Client Client:getHeaders:146 - Leave: 
15:12:08,487  WARN Client Client:writeToClient:157 - Enter: 
15:12:08,488  WARN Client Client:writeToClient:168 - Leave: 
15:12:08,488 DEBUG Client Client:run:99 - Leave
