08:42:51,779 DEBUG Client Client:run:58 - Enter: 
08:46:15,772 DEBUG Client Client:run:58 - Enter: 
08:47:08,080 DEBUG Client Client:run:58 - Enter: 
08:47:46,645 DEBUG Client Client:run:58 - Enter: 
08:52:09,256 DEBUG Client Client:run:58 - Enter: 
08:52:43,689 DEBUG Client Client:run:58 - Enter: 
08:53:25,621 DEBUG Client Client:run:58 - Enter: 
08:53:48,502 DEBUG Client Client:run:58 - Enter: 
08:54:18,680 DEBUG Client Client:run:58 - Enter: 
08:54:49,740 DEBUG Client Client:run:58 - Enter: 
08:54:51,466 DEBUG Client Client:run:58 - Enter: 
08:54:54,421 DEBUG Client Client:run:58 - Enter: 
08:54:56,819 DEBUG Client Client:run:58 - Enter: 
08:55:00,960 DEBUG Client Client:run:58 - Enter: 
08:55:05,587 DEBUG Client Client:run:58 - Enter: 
08:55:07,283 DEBUG Client Client:run:58 - Enter: 
08:55:12,286 FATAL Client Client:run:99 - 
java.net.SocketException: Broken pipe
	at java.net.SocketOutputStream.socketWrite0(Native Method)
	at java.net.SocketOutputStream.socketWrite(SocketOutputStream.java:109)
	at java.net.SocketOutputStream.write(SocketOutputStream.java:132)
	at Client.sendDataToClient(Client.java:117)
	at Client.run(Client.java:87)
	at java.lang.Thread.run(Thread.java:724)
08:55:14,939 DEBUG Client Client:run:58 - Enter: 
08:56:14,294 DEBUG Client Client:run:58 - Enter: 
08:56:14,333 FATAL Client Client:run:99 - 
java.net.SocketException: Broken pipe
	at java.net.SocketOutputStream.socketWrite0(Native Method)
	at java.net.SocketOutputStream.socketWrite(SocketOutputStream.java:109)
	at java.net.SocketOutputStream.write(SocketOutputStream.java:132)
	at Client.sendDataToClient(Client.java:117)
	at Client.run(Client.java:87)
	at java.lang.Thread.run(Thread.java:724)
08:56:16,235 DEBUG Client Client:run:58 - Enter: 
08:57:59,466 DEBUG Client Client:run:58 - Enter: 
08:58:00,801 DEBUG Client Client:run:58 - Enter: 
08:58:02,081 DEBUG Client Client:run:58 - Enter: 
08:58:06,962 DEBUG Client Client:run:58 - Enter: 
08:58:09,452 DEBUG Client Client:run:58 - Enter: 
08:58:10,922 DEBUG Client Client:run:58 - Enter: 
08:58:15,966 FATAL Client Client:run:99 - 
java.net.SocketException: Broken pipe
	at java.net.SocketOutputStream.socketWrite0(Native Method)
	at java.net.SocketOutputStream.socketWrite(SocketOutputStream.java:109)
	at java.net.SocketOutputStream.write(SocketOutputStream.java:132)
	at Client.sendDataToClient(Client.java:117)
	at Client.run(Client.java:87)
	at java.lang.Thread.run(Thread.java:724)
08:59:07,595 DEBUG Client Client:run:58 - Enter: 
08:59:09,123 DEBUG Client Client:run:58 - Enter: 
08:59:11,017 DEBUG Client Client:run:58 - Enter: 
08:59:12,081 DEBUG Client Client:run:58 - Enter: 
08:59:12,929 DEBUG Client Client:run:58 - Enter: 
08:59:13,920 DEBUG Client Client:run:58 - Enter: 
08:59:15,218 DEBUG Client Client:run:58 - Enter: 
08:59:23,616 DEBUG Client Client:run:58 - Enter: 
08:59:28,649 DEBUG Client Client:run:58 - Enter: 
08:59:38,219 DEBUG Client Client:run:58 - Enter: 
08:59:44,242 DEBUG Client Client:run:58 - Enter: 
08:59:46,458 DEBUG Client Client:run:58 - Enter: 
08:59:50,514 DEBUG Client Client:run:58 - Enter: 
09:00:24,124 DEBUG Client Client:run:58 - Enter: 
09:00:46,269 DEBUG Client Client:run:58 - Enter: 
09:00:47,292 DEBUG Client Client:run:58 - Enter: 
09:00:48,180 DEBUG Client Client:run:58 - Enter: 
09:00:49,337 DEBUG Client Client:run:58 - Enter: 
09:00:52,657 DEBUG Client Client:run:58 - Enter: 
09:00:55,595 DEBUG Client Client:run:58 - Enter: 
09:01:00,546 DEBUG Client Client:run:58 - Enter: 
09:01:02,002 DEBUG Client Client:run:58 - Enter: 
09:01:07,124 DEBUG Client Client:run:58 - Enter: 
09:01:07,128 FATAL Client Client:run:99 - 
java.net.SocketException: Broken pipe
	at java.net.SocketOutputStream.socketWrite0(Native Method)
	at java.net.SocketOutputStream.socketWrite(SocketOutputStream.java:109)
	at java.net.SocketOutputStream.write(SocketOutputStream.java:132)
	at Client.sendDataToClient(Client.java:117)
	at Client.run(Client.java:87)
	at java.lang.Thread.run(Thread.java:724)
09:01:10,290 DEBUG Client Client:run:58 - Enter: 
09:01:11,796 DEBUG Client Client:run:58 - Enter: 
09:01:18,619 DEBUG Client Client:run:58 - Enter: 
09:01:24,302 DEBUG Client Client:run:58 - Enter: 
09:01:27,435 DEBUG Client Client:run:58 - Enter: 
