Oct 04, 2013 11:05:35 PM org.apache.catalina.core.AprLifecycleListener init
INFO: The APR based Apache Tomcat Native library which allows optimal performance in production environments was not found on the java.library.path: /usr/java/packages/lib/amd64:/usr/lib64:/lib64:/lib:/usr/lib
Oct 04, 2013 11:05:36 PM org.apache.coyote.AbstractProtocol init
INFO: Initializing ProtocolHandler ["http-bio-8080"]
Oct 04, 2013 11:05:36 PM org.apache.coyote.AbstractProtocol init
INFO: Initializing ProtocolHandler ["ajp-bio-8009"]
Oct 04, 2013 11:05:36 PM org.apache.catalina.startup.Catalina load
INFO: Initialization processed in 1951 ms
Oct 04, 2013 11:05:36 PM org.apache.catalina.core.StandardService startInternal
INFO: Starting service Catalina
Oct 04, 2013 11:05:36 PM org.apache.catalina.core.StandardEngine startInternal
INFO: Starting Servlet Engine: Apache Tomcat/7.0.42
Oct 04, 2013 11:05:36 PM org.apache.catalina.startup.HostConfig deployDirectory
INFO: Deploying web application directory /home/maxim/develoment/JavaCourse/javaCoursePracticStepan/apache-tomcat-7.0.42/webapps/docs
Oct 04, 2013 11:05:37 PM org.apache.catalina.startup.HostConfig deployDirectory
INFO: Deploying web application directory /home/maxim/develoment/JavaCourse/javaCoursePracticStepan/apache-tomcat-7.0.42/webapps/examples
Oct 04, 2013 11:05:37 PM org.apache.catalina.startup.HostConfig deployDirectory
INFO: Deploying web application directory /home/maxim/develoment/JavaCourse/javaCoursePracticStepan/apache-tomcat-7.0.42/webapps/ROOT
Oct 04, 2013 11:05:37 PM org.apache.catalina.startup.HostConfig deployDirectory
INFO: Deploying web application directory /home/maxim/develoment/JavaCourse/javaCoursePracticStepan/apache-tomcat-7.0.42/webapps/host-manager
Oct 04, 2013 11:05:38 PM org.apache.catalina.startup.HostConfig deployDirectory
INFO: Deploying web application directory /home/maxim/develoment/JavaCourse/javaCoursePracticStepan/apache-tomcat-7.0.42/webapps/manager
Oct 04, 2013 11:05:38 PM org.apache.coyote.AbstractProtocol start
INFO: Starting ProtocolHandler ["http-bio-8080"]
Oct 04, 2013 11:05:38 PM org.apache.coyote.AbstractProtocol start
INFO: Starting ProtocolHandler ["ajp-bio-8009"]
Oct 04, 2013 11:05:38 PM org.apache.catalina.startup.Catalina start
INFO: Server startup in 1518 ms
Oct 04, 2013 11:07:09 PM org.apache.catalina.core.AprLifecycleListener init
INFO: The APR based Apache Tomcat Native library which allows optimal performance in production environments was not found on the java.library.path: /usr/java/packages/lib/amd64:/usr/lib64:/lib64:/lib:/usr/lib
Oct 04, 2013 11:07:10 PM org.apache.coyote.AbstractProtocol init
INFO: Initializing ProtocolHandler ["http-bio-8080"]
Oct 04, 2013 11:07:10 PM org.apache.coyote.AbstractProtocol init
SEVERE: Failed to initialize end point associated with ProtocolHandler ["http-bio-8080"]
java.net.BindException: Address already in use <null>:8080
	at org.apache.tomcat.util.net.JIoEndpoint.bind(JIoEndpoint.java:406)
	at org.apache.tomcat.util.net.AbstractEndpoint.init(AbstractEndpoint.java:610)
	at org.apache.coyote.AbstractProtocol.init(AbstractProtocol.java:429)
	at org.apache.coyote.http11.AbstractHttp11JsseProtocol.init(AbstractHttp11JsseProtocol.java:119)
	at org.apache.catalina.connector.Connector.initInternal(Connector.java:981)
	at org.apache.catalina.util.LifecycleBase.init(LifecycleBase.java:102)
	at org.apache.catalina.core.StandardService.initInternal(StandardService.java:559)
	at org.apache.catalina.util.LifecycleBase.init(LifecycleBase.java:102)
	at org.apache.catalina.core.StandardServer.initInternal(StandardServer.java:814)
	at org.apache.catalina.util.LifecycleBase.init(LifecycleBase.java:102)
	at org.apache.catalina.startup.Catalina.load(Catalina.java:640)
	at org.apache.catalina.startup.Catalina.load(Catalina.java:665)
	at sun.reflect.NativeMethodAccessorImpl.invoke0(Native Method)
	at sun.reflect.NativeMethodAccessorImpl.invoke(NativeMethodAccessorImpl.java:57)
	at sun.reflect.DelegatingMethodAccessorImpl.invoke(DelegatingMethodAccessorImpl.java:43)
	at java.lang.reflect.Method.invoke(Method.java:606)
	at org.apache.catalina.startup.Bootstrap.load(Bootstrap.java:281)
	at org.apache.catalina.startup.Bootstrap.main(Bootstrap.java:455)
Caused by: java.net.BindException: Address already in use
	at java.net.PlainSocketImpl.socketBind(Native Method)
	at java.net.AbstractPlainSocketImpl.bind(AbstractPlainSocketImpl.java:376)
	at java.net.ServerSocket.bind(ServerSocket.java:376)
	at java.net.ServerSocket.<init>(ServerSocket.java:237)
	at java.net.ServerSocket.<init>(ServerSocket.java:181)
	at org.apache.tomcat.util.net.DefaultServerSocketFactory.createSocket(DefaultServerSocketFactory.java:49)
	at org.apache.tomcat.util.net.JIoEndpoint.bind(JIoEndpoint.java:393)
	... 17 more

Oct 04, 2013 11:07:10 PM org.apache.catalina.core.StandardService initInternal
SEVERE: Failed to initialize connector [Connector[HTTP/1.1-8080]]
org.apache.catalina.LifecycleException: Failed to initialize component [Connector[HTTP/1.1-8080]]
	at org.apache.catalina.util.LifecycleBase.init(LifecycleBase.java:106)
	at org.apache.catalina.core.StandardService.initInternal(StandardService.java:559)
	at org.apache.catalina.util.LifecycleBase.init(LifecycleBase.java:102)
	at org.apache.catalina.core.StandardServer.initInternal(StandardServer.java:814)
	at org.apache.catalina.util.LifecycleBase.init(LifecycleBase.java:102)
	at org.apache.catalina.startup.Catalina.load(Catalina.java:640)
	at org.apache.catalina.startup.Catalina.load(Catalina.java:665)
	at sun.reflect.NativeMethodAccessorImpl.invoke0(Native Method)
	at sun.reflect.NativeMethodAccessorImpl.invoke(NativeMethodAccessorImpl.java:57)
	at sun.reflect.DelegatingMethodAccessorImpl.invoke(DelegatingMethodAccessorImpl.java:43)
	at java.lang.reflect.Method.invoke(Method.java:606)
	at org.apache.catalina.startup.Bootstrap.load(Bootstrap.java:281)
	at org.apache.catalina.startup.Bootstrap.main(Bootstrap.java:455)
Caused by: org.apache.catalina.LifecycleException: Protocol handler initialization failed
	at org.apache.catalina.connector.Connector.initInternal(Connector.java:983)
	at org.apache.catalina.util.LifecycleBase.init(LifecycleBase.java:102)
	... 12 more
Caused by: java.net.BindException: Address already in use <null>:8080
	at org.apache.tomcat.util.net.JIoEndpoint.bind(JIoEndpoint.java:406)
	at org.apache.tomcat.util.net.AbstractEndpoint.init(AbstractEndpoint.java:610)
	at org.apache.coyote.AbstractProtocol.init(AbstractProtocol.java:429)
	at org.apache.coyote.http11.AbstractHttp11JsseProtocol.init(AbstractHttp11JsseProtocol.java:119)
	at org.apache.catalina.connector.Connector.initInternal(Connector.java:981)
	... 13 more
Caused by: java.net.BindException: Address already in use
	at java.net.PlainSocketImpl.socketBind(Native Method)
	at java.net.AbstractPlainSocketImpl.bind(AbstractPlainSocketImpl.java:376)
	at java.net.ServerSocket.bind(ServerSocket.java:376)
	at java.net.ServerSocket.<init>(ServerSocket.java:237)
	at java.net.ServerSocket.<init>(ServerSocket.java:181)
	at org.apache.tomcat.util.net.DefaultServerSocketFactory.createSocket(DefaultServerSocketFactory.java:49)
	at org.apache.tomcat.util.net.JIoEndpoint.bind(JIoEndpoint.java:393)
	... 17 more

Oct 04, 2013 11:07:10 PM org.apache.coyote.AbstractProtocol init
INFO: Initializing ProtocolHandler ["ajp-bio-8009"]
Oct 04, 2013 11:07:10 PM org.apache.coyote.AbstractProtocol init
SEVERE: Failed to initialize end point associated with ProtocolHandler ["ajp-bio-8009"]
java.net.BindException: Address already in use <null>:8009
	at org.apache.tomcat.util.net.JIoEndpoint.bind(JIoEndpoint.java:406)
	at org.apache.tomcat.util.net.AbstractEndpoint.init(AbstractEndpoint.java:610)
	at org.apache.coyote.AbstractProtocol.init(AbstractProtocol.java:429)
	at org.apache.catalina.connector.Connector.initInternal(Connector.java:981)
	at org.apache.catalina.util.LifecycleBase.init(LifecycleBase.java:102)
	at org.apache.catalina.core.StandardService.initInternal(StandardService.java:559)
	at org.apache.catalina.util.LifecycleBase.init(LifecycleBase.java:102)
	at org.apache.catalina.core.StandardServer.initInternal(StandardServer.java:814)
	at org.apache.catalina.util.LifecycleBase.init(LifecycleBase.java:102)
	at org.apache.catalina.startup.Catalina.load(Catalina.java:640)
	at org.apache.catalina.startup.Catalina.load(Catalina.java:665)
	at sun.reflect.NativeMethodAccessorImpl.invoke0(Native Method)
	at sun.reflect.NativeMethodAccessorImpl.invoke(NativeMethodAccessorImpl.java:57)
	at sun.reflect.DelegatingMethodAccessorImpl.invoke(DelegatingMethodAccessorImpl.java:43)
	at java.lang.reflect.Method.invoke(Method.java:606)
	at org.apache.catalina.startup.Bootstrap.load(Bootstrap.java:281)
	at org.apache.catalina.startup.Bootstrap.main(Bootstrap.java:455)
Caused by: java.net.BindException: Address already in use
	at java.net.PlainSocketImpl.socketBind(Native Method)
	at java.net.AbstractPlainSocketImpl.bind(AbstractPlainSocketImpl.java:376)
	at java.net.ServerSocket.bind(ServerSocket.java:376)
	at java.net.ServerSocket.<init>(ServerSocket.java:237)
	at java.net.ServerSocket.<init>(ServerSocket.java:181)
	at org.apache.tomcat.util.net.DefaultServerSocketFactory.createSocket(DefaultServerSocketFactory.java:49)
	at org.apache.tomcat.util.net.JIoEndpoint.bind(JIoEndpoint.java:393)
	... 16 more

Oct 04, 2013 11:07:10 PM org.apache.catalina.core.StandardService initInternal
SEVERE: Failed to initialize connector [Connector[AJP/1.3-8009]]
org.apache.catalina.LifecycleException: Failed to initialize component [Connector[AJP/1.3-8009]]
	at org.apache.catalina.util.LifecycleBase.init(LifecycleBase.java:106)
	at org.apache.catalina.core.StandardService.initInternal(StandardService.java:559)
	at org.apache.catalina.util.LifecycleBase.init(LifecycleBase.java:102)
	at org.apache.catalina.core.StandardServer.initInternal(StandardServer.java:814)
	at org.apache.catalina.util.LifecycleBase.init(LifecycleBase.java:102)
	at org.apache.catalina.startup.Catalina.load(Catalina.java:640)
	at org.apache.catalina.startup.Catalina.load(Catalina.java:665)
	at sun.reflect.NativeMethodAccessorImpl.invoke0(Native Method)
	at sun.reflect.NativeMethodAccessorImpl.invoke(NativeMethodAccessorImpl.java:57)
	at sun.reflect.DelegatingMethodAccessorImpl.invoke(DelegatingMethodAccessorImpl.java:43)
	at java.lang.reflect.Method.invoke(Method.java:606)
	at org.apache.catalina.startup.Bootstrap.load(Bootstrap.java:281)
	at org.apache.catalina.startup.Bootstrap.main(Bootstrap.java:455)
Caused by: org.apache.catalina.LifecycleException: Protocol handler initialization failed
	at org.apache.catalina.connector.Connector.initInternal(Connector.java:983)
	at org.apache.catalina.util.LifecycleBase.init(LifecycleBase.java:102)
	... 12 more
Caused by: java.net.BindException: Address already in use <null>:8009
	at org.apache.tomcat.util.net.JIoEndpoint.bind(JIoEndpoint.java:406)
	at org.apache.tomcat.util.net.AbstractEndpoint.init(AbstractEndpoint.java:610)
	at org.apache.coyote.AbstractProtocol.init(AbstractProtocol.java:429)
	at org.apache.catalina.connector.Connector.initInternal(Connector.java:981)
	... 13 more
Caused by: java.net.BindException: Address already in use
	at java.net.PlainSocketImpl.socketBind(Native Method)
	at java.net.AbstractPlainSocketImpl.bind(AbstractPlainSocketImpl.java:376)
	at java.net.ServerSocket.bind(ServerSocket.java:376)
	at java.net.ServerSocket.<init>(ServerSocket.java:237)
	at java.net.ServerSocket.<init>(ServerSocket.java:181)
	at org.apache.tomcat.util.net.DefaultServerSocketFactory.createSocket(DefaultServerSocketFactory.java:49)
	at org.apache.tomcat.util.net.JIoEndpoint.bind(JIoEndpoint.java:393)
	... 16 more

Oct 04, 2013 11:07:10 PM org.apache.catalina.startup.Catalina load
INFO: Initialization processed in 794 ms
Oct 04, 2013 11:07:10 PM org.apache.catalina.core.StandardService startInternal
INFO: Starting service Catalina
Oct 04, 2013 11:07:10 PM org.apache.catalina.core.StandardEngine startInternal
INFO: Starting Servlet Engine: Apache Tomcat/7.0.42
Oct 04, 2013 11:07:10 PM org.apache.catalina.startup.HostConfig deployDirectory
INFO: Deploying web application directory /home/maxim/develoment/JavaCourse/javaCoursePracticStepan/apache-tomcat-7.0.42/webapps/docs
Oct 04, 2013 11:07:10 PM org.apache.catalina.startup.HostConfig deployDirectory
INFO: Deploying web application directory /home/maxim/develoment/JavaCourse/javaCoursePracticStepan/apache-tomcat-7.0.42/webapps/examples
Oct 04, 2013 11:07:10 PM org.apache.catalina.startup.HostConfig deployDirectory
INFO: Deploying web application directory /home/maxim/develoment/JavaCourse/javaCoursePracticStepan/apache-tomcat-7.0.42/webapps/ROOT
Oct 04, 2013 11:07:11 PM org.apache.catalina.startup.HostConfig deployDirectory
INFO: Deploying web application directory /home/maxim/develoment/JavaCourse/javaCoursePracticStepan/apache-tomcat-7.0.42/webapps/host-manager
Oct 04, 2013 11:07:11 PM org.apache.catalina.startup.HostConfig deployDirectory
INFO: Deploying web application directory /home/maxim/develoment/JavaCourse/javaCoursePracticStepan/apache-tomcat-7.0.42/webapps/manager
Oct 04, 2013 11:07:11 PM org.apache.catalina.startup.Catalina start
INFO: Server startup in 954 ms
Oct 04, 2013 11:07:11 PM org.apache.catalina.core.StandardServer await
SEVERE: StandardServer.await: create[localhost:8005]: 
java.net.BindException: Address already in use
	at java.net.PlainSocketImpl.socketBind(Native Method)
	at java.net.AbstractPlainSocketImpl.bind(AbstractPlainSocketImpl.java:376)
	at java.net.ServerSocket.bind(ServerSocket.java:376)
	at java.net.ServerSocket.<init>(ServerSocket.java:237)
	at org.apache.catalina.core.StandardServer.await(StandardServer.java:427)
	at org.apache.catalina.startup.Catalina.await(Catalina.java:779)
	at org.apache.catalina.startup.Catalina.start(Catalina.java:725)
	at sun.reflect.NativeMethodAccessorImpl.invoke0(Native Method)
	at sun.reflect.NativeMethodAccessorImpl.invoke(NativeMethodAccessorImpl.java:57)
	at sun.reflect.DelegatingMethodAccessorImpl.invoke(DelegatingMethodAccessorImpl.java:43)
	at java.lang.reflect.Method.invoke(Method.java:606)
	at org.apache.catalina.startup.Bootstrap.start(Bootstrap.java:322)
	at org.apache.catalina.startup.Bootstrap.main(Bootstrap.java:456)

Oct 04, 2013 11:07:11 PM org.apache.coyote.AbstractProtocol pause
INFO: Pausing ProtocolHandler ["http-bio-8080"]
Oct 04, 2013 11:07:11 PM org.apache.coyote.AbstractProtocol pause
INFO: Pausing ProtocolHandler ["ajp-bio-8009"]
Oct 04, 2013 11:07:11 PM org.apache.catalina.core.StandardService stopInternal
INFO: Stopping service Catalina
Oct 04, 2013 11:07:11 PM org.apache.coyote.AbstractProtocol stop
INFO: Stopping ProtocolHandler ["http-bio-8080"]
Oct 04, 2013 11:07:11 PM org.apache.coyote.AbstractProtocol destroy
INFO: Destroying ProtocolHandler ["http-bio-8080"]
Oct 04, 2013 11:07:11 PM org.apache.coyote.AbstractProtocol stop
INFO: Stopping ProtocolHandler ["ajp-bio-8009"]
Oct 04, 2013 11:07:11 PM org.apache.coyote.AbstractProtocol destroy
INFO: Destroying ProtocolHandler ["ajp-bio-8009"]
Oct 04, 2013 11:14:38 PM org.apache.catalina.core.StandardServer await
INFO: A valid shutdown command was received via the shutdown port. Stopping the Server instance.
Oct 04, 2013 11:14:38 PM org.apache.coyote.AbstractProtocol pause
INFO: Pausing ProtocolHandler ["http-bio-8080"]
Oct 04, 2013 11:14:38 PM org.apache.coyote.AbstractProtocol pause
INFO: Pausing ProtocolHandler ["ajp-bio-8009"]
Oct 04, 2013 11:14:38 PM org.apache.catalina.core.StandardService stopInternal
INFO: Stopping service Catalina
Oct 04, 2013 11:14:38 PM org.apache.coyote.AbstractProtocol stop
INFO: Stopping ProtocolHandler ["http-bio-8080"]
Oct 04, 2013 11:14:38 PM org.apache.coyote.AbstractProtocol stop
INFO: Stopping ProtocolHandler ["ajp-bio-8009"]
Oct 04, 2013 11:14:38 PM org.apache.coyote.AbstractProtocol destroy
INFO: Destroying ProtocolHandler ["http-bio-8080"]
Oct 04, 2013 11:14:38 PM org.apache.coyote.AbstractProtocol destroy
INFO: Destroying ProtocolHandler ["ajp-bio-8009"]
Oct 04, 2013 11:19:03 PM org.apache.catalina.core.AprLifecycleListener init
INFO: The APR based Apache Tomcat Native library which allows optimal performance in production environments was not found on the java.library.path: /usr/java/packages/lib/amd64:/usr/lib64:/lib64:/lib:/usr/lib
Oct 04, 2013 11:19:04 PM org.apache.coyote.AbstractProtocol init
INFO: Initializing ProtocolHandler ["http-bio-8080"]
Oct 04, 2013 11:19:04 PM org.apache.coyote.AbstractProtocol init
INFO: Initializing ProtocolHandler ["ajp-bio-8009"]
Oct 04, 2013 11:19:04 PM org.apache.catalina.startup.Catalina load
INFO: Initialization processed in 790 ms
Oct 04, 2013 11:19:04 PM org.apache.tomcat.util.digester.Digester fatalError
SEVERE: Parse Fatal Error at line 36 column 46: Attribute name "roles" associated with an element type "user" must be followed by the ' = ' character.
org.xml.sax.SAXParseException; lineNumber: 36; columnNumber: 46; Attribute name "roles" associated with an element type "user" must be followed by the ' = ' character.
	at com.sun.org.apache.xerces.internal.util.ErrorHandlerWrapper.createSAXParseException(ErrorHandlerWrapper.java:198)
	at com.sun.org.apache.xerces.internal.util.ErrorHandlerWrapper.fatalError(ErrorHandlerWrapper.java:177)
	at com.sun.org.apache.xerces.internal.impl.XMLErrorReporter.reportError(XMLErrorReporter.java:441)
	at com.sun.org.apache.xerces.internal.impl.XMLErrorReporter.reportError(XMLErrorReporter.java:368)
	at com.sun.org.apache.xerces.internal.impl.XMLScanner.reportFatalError(XMLScanner.java:1388)
	at com.sun.org.apache.xerces.internal.impl.XMLDocumentFragmentScannerImpl.scanAttribute(XMLDocumentFragmentScannerImpl.java:1490)
	at com.sun.org.apache.xerces.internal.impl.XMLDocumentFragmentScannerImpl.scanStartElement(XMLDocumentFragmentScannerImpl.java:1280)
	at com.sun.org.apache.xerces.internal.impl.XMLDocumentFragmentScannerImpl$FragmentContentDriver.next(XMLDocumentFragmentScannerImpl.java:2717)
	at com.sun.org.apache.xerces.internal.impl.XMLDocumentScannerImpl.next(XMLDocumentScannerImpl.java:607)
	at com.sun.org.apache.xerces.internal.impl.XMLDocumentFragmentScannerImpl.scanDocument(XMLDocumentFragmentScannerImpl.java:489)
	at com.sun.org.apache.xerces.internal.parsers.XML11Configuration.parse(XML11Configuration.java:835)
	at com.sun.org.apache.xerces.internal.parsers.XML11Configuration.parse(XML11Configuration.java:764)
	at com.sun.org.apache.xerces.internal.parsers.XMLParser.parse(XMLParser.java:123)
	at com.sun.org.apache.xerces.internal.parsers.AbstractSAXParser.parse(AbstractSAXParser.java:1210)
	at com.sun.org.apache.xerces.internal.jaxp.SAXParserImpl$JAXPSAXParser.parse(SAXParserImpl.java:568)
	at org.apache.tomcat.util.digester.Digester.parse(Digester.java:1556)
	at org.apache.catalina.users.MemoryUserDatabase.open(MemoryUserDatabase.java:431)
	at org.apache.catalina.users.MemoryUserDatabaseFactory.getObjectInstance(MemoryUserDatabaseFactory.java:104)
	at org.apache.naming.factory.ResourceFactory.getObjectInstance(ResourceFactory.java:143)
	at javax.naming.spi.NamingManager.getObjectInstance(NamingManager.java:321)
	at org.apache.naming.NamingContext.lookup(NamingContext.java:843)
	at org.apache.naming.NamingContext.lookup(NamingContext.java:154)
	at org.apache.naming.NamingContextBindingsEnumeration.nextElementInternal(NamingContextBindingsEnumeration.java:119)
	at org.apache.naming.NamingContextBindingsEnumeration.next(NamingContextBindingsEnumeration.java:73)
	at org.apache.naming.NamingContextBindingsEnumeration.next(NamingContextBindingsEnumeration.java:36)
	at org.apache.catalina.mbeans.GlobalResourcesLifecycleListener.createMBeans(GlobalResourcesLifecycleListener.java:140)
	at org.apache.catalina.mbeans.GlobalResourcesLifecycleListener.createMBeans(GlobalResourcesLifecycleListener.java:112)
	at org.apache.catalina.mbeans.GlobalResourcesLifecycleListener.lifecycleEvent(GlobalResourcesLifecycleListener.java:84)
	at org.apache.catalina.util.LifecycleSupport.fireLifecycleEvent(LifecycleSupport.java:119)
	at org.apache.catalina.util.LifecycleBase.fireLifecycleEvent(LifecycleBase.java:90)
	at org.apache.catalina.util.LifecycleBase.setStateInternal(LifecycleBase.java:402)
	at org.apache.catalina.util.LifecycleBase.setState(LifecycleBase.java:347)
	at org.apache.catalina.core.StandardServer.startInternal(StandardServer.java:725)
	at org.apache.catalina.util.LifecycleBase.start(LifecycleBase.java:150)
	at org.apache.catalina.startup.Catalina.start(Catalina.java:691)
	at sun.reflect.NativeMethodAccessorImpl.invoke0(Native Method)
	at sun.reflect.NativeMethodAccessorImpl.invoke(NativeMethodAccessorImpl.java:57)
	at sun.reflect.DelegatingMethodAccessorImpl.invoke(DelegatingMethodAccessorImpl.java:43)
	at java.lang.reflect.Method.invoke(Method.java:606)
	at org.apache.catalina.startup.Bootstrap.start(Bootstrap.java:322)
	at org.apache.catalina.startup.Bootstrap.main(Bootstrap.java:456)

Oct 04, 2013 11:19:04 PM org.apache.naming.NamingContext lookup
WARNING: Unexpected exception resolving reference
org.xml.sax.SAXParseException; lineNumber: 36; columnNumber: 46; Attribute name "roles" associated with an element type "user" must be followed by the ' = ' character.
	at com.sun.org.apache.xerces.internal.parsers.AbstractSAXParser.parse(AbstractSAXParser.java:1236)
	at com.sun.org.apache.xerces.internal.jaxp.SAXParserImpl$JAXPSAXParser.parse(SAXParserImpl.java:568)
	at org.apache.tomcat.util.digester.Digester.parse(Digester.java:1556)
	at org.apache.catalina.users.MemoryUserDatabase.open(MemoryUserDatabase.java:431)
	at org.apache.catalina.users.MemoryUserDatabaseFactory.getObjectInstance(MemoryUserDatabaseFactory.java:104)
	at org.apache.naming.factory.ResourceFactory.getObjectInstance(ResourceFactory.java:143)
	at javax.naming.spi.NamingManager.getObjectInstance(NamingManager.java:321)
	at org.apache.naming.NamingContext.lookup(NamingContext.java:843)
	at org.apache.naming.NamingContext.lookup(NamingContext.java:154)
	at org.apache.naming.NamingContextBindingsEnumeration.nextElementInternal(NamingContextBindingsEnumeration.java:119)
	at org.apache.naming.NamingContextBindingsEnumeration.next(NamingContextBindingsEnumeration.java:73)
	at org.apache.naming.NamingContextBindingsEnumeration.next(NamingContextBindingsEnumeration.java:36)
	at org.apache.catalina.mbeans.GlobalResourcesLifecycleListener.createMBeans(GlobalResourcesLifecycleListener.java:140)
	at org.apache.catalina.mbeans.GlobalResourcesLifecycleListener.createMBeans(GlobalResourcesLifecycleListener.java:112)
	at org.apache.catalina.mbeans.GlobalResourcesLifecycleListener.lifecycleEvent(GlobalResourcesLifecycleListener.java:84)
	at org.apache.catalina.util.LifecycleSupport.fireLifecycleEvent(LifecycleSupport.java:119)
	at org.apache.catalina.util.LifecycleBase.fireLifecycleEvent(LifecycleBase.java:90)
	at org.apache.catalina.util.LifecycleBase.setStateInternal(LifecycleBase.java:402)
	at org.apache.catalina.util.LifecycleBase.setState(LifecycleBase.java:347)
	at org.apache.catalina.core.StandardServer.startInternal(StandardServer.java:725)
	at org.apache.catalina.util.LifecycleBase.start(LifecycleBase.java:150)
	at org.apache.catalina.startup.Catalina.start(Catalina.java:691)
	at sun.reflect.NativeMethodAccessorImpl.invoke0(Native Method)
	at sun.reflect.NativeMethodAccessorImpl.invoke(NativeMethodAccessorImpl.java:57)
	at sun.reflect.DelegatingMethodAccessorImpl.invoke(DelegatingMethodAccessorImpl.java:43)
	at java.lang.reflect.Method.invoke(Method.java:606)
	at org.apache.catalina.startup.Bootstrap.start(Bootstrap.java:322)
	at org.apache.catalina.startup.Bootstrap.main(Bootstrap.java:456)

Oct 04, 2013 11:19:04 PM org.apache.catalina.mbeans.GlobalResourcesLifecycleListener createMBeans
SEVERE: Exception processing Global JNDI Resources
javax.naming.NamingException: Attribute name "roles" associated with an element type "user" must be followed by the ' = ' character.
	at org.apache.naming.NamingContext.lookup(NamingContext.java:860)
	at org.apache.naming.NamingContext.lookup(NamingContext.java:154)
	at org.apache.naming.NamingContextBindingsEnumeration.nextElementInternal(NamingContextBindingsEnumeration.java:119)
	at org.apache.naming.NamingContextBindingsEnumeration.next(NamingContextBindingsEnumeration.java:73)
	at org.apache.naming.NamingContextBindingsEnumeration.next(NamingContextBindingsEnumeration.java:36)
	at org.apache.catalina.mbeans.GlobalResourcesLifecycleListener.createMBeans(GlobalResourcesLifecycleListener.java:140)
	at org.apache.catalina.mbeans.GlobalResourcesLifecycleListener.createMBeans(GlobalResourcesLifecycleListener.java:112)
	at org.apache.catalina.mbeans.GlobalResourcesLifecycleListener.lifecycleEvent(GlobalResourcesLifecycleListener.java:84)
	at org.apache.catalina.util.LifecycleSupport.fireLifecycleEvent(LifecycleSupport.java:119)
	at org.apache.catalina.util.LifecycleBase.fireLifecycleEvent(LifecycleBase.java:90)
	at org.apache.catalina.util.LifecycleBase.setStateInternal(LifecycleBase.java:402)
	at org.apache.catalina.util.LifecycleBase.setState(LifecycleBase.java:347)
	at org.apache.catalina.core.StandardServer.startInternal(StandardServer.java:725)
	at org.apache.catalina.util.LifecycleBase.start(LifecycleBase.java:150)
	at org.apache.catalina.startup.Catalina.start(Catalina.java:691)
	at sun.reflect.NativeMethodAccessorImpl.invoke0(Native Method)
	at sun.reflect.NativeMethodAccessorImpl.invoke(NativeMethodAccessorImpl.java:57)
	at sun.reflect.DelegatingMethodAccessorImpl.invoke(DelegatingMethodAccessorImpl.java:43)
	at java.lang.reflect.Method.invoke(Method.java:606)
	at org.apache.catalina.startup.Bootstrap.start(Bootstrap.java:322)
	at org.apache.catalina.startup.Bootstrap.main(Bootstrap.java:456)

Oct 04, 2013 11:19:04 PM org.apache.catalina.core.StandardService startInternal
INFO: Starting service Catalina
Oct 04, 2013 11:19:04 PM org.apache.catalina.core.StandardEngine startInternal
INFO: Starting Servlet Engine: Apache Tomcat/7.0.42
Oct 04, 2013 11:19:04 PM org.apache.tomcat.util.digester.Digester fatalError
SEVERE: Parse Fatal Error at line 36 column 46: Attribute name "roles" associated with an element type "user" must be followed by the ' = ' character.
org.xml.sax.SAXParseException; lineNumber: 36; columnNumber: 46; Attribute name "roles" associated with an element type "user" must be followed by the ' = ' character.
	at com.sun.org.apache.xerces.internal.util.ErrorHandlerWrapper.createSAXParseException(ErrorHandlerWrapper.java:198)
	at com.sun.org.apache.xerces.internal.util.ErrorHandlerWrapper.fatalError(ErrorHandlerWrapper.java:177)
	at com.sun.org.apache.xerces.internal.impl.XMLErrorReporter.reportError(XMLErrorReporter.java:441)
	at com.sun.org.apache.xerces.internal.impl.XMLErrorReporter.reportError(XMLErrorReporter.java:368)
	at com.sun.org.apache.xerces.internal.impl.XMLScanner.reportFatalError(XMLScanner.java:1388)
	at com.sun.org.apache.xerces.internal.impl.XMLDocumentFragmentScannerImpl.scanAttribute(XMLDocumentFragmentScannerImpl.java:1490)
	at com.sun.org.apache.xerces.internal.impl.XMLDocumentFragmentScannerImpl.scanStartElement(XMLDocumentFragmentScannerImpl.java:1280)
	at com.sun.org.apache.xerces.internal.impl.XMLDocumentFragmentScannerImpl$FragmentContentDriver.next(XMLDocumentFragmentScannerImpl.java:2717)
	at com.sun.org.apache.xerces.internal.impl.XMLDocumentScannerImpl.next(XMLDocumentScannerImpl.java:607)
	at com.sun.org.apache.xerces.internal.impl.XMLDocumentFragmentScannerImpl.scanDocument(XMLDocumentFragmentScannerImpl.java:489)
	at com.sun.org.apache.xerces.internal.parsers.XML11Configuration.parse(XML11Configuration.java:835)
	at com.sun.org.apache.xerces.internal.parsers.XML11Configuration.parse(XML11Configuration.java:764)
	at com.sun.org.apache.xerces.internal.parsers.XMLParser.parse(XMLParser.java:123)
	at com.sun.org.apache.xerces.internal.parsers.AbstractSAXParser.parse(AbstractSAXParser.java:1210)
	at com.sun.org.apache.xerces.internal.jaxp.SAXParserImpl$JAXPSAXParser.parse(SAXParserImpl.java:568)
	at org.apache.tomcat.util.digester.Digester.parse(Digester.java:1556)
	at org.apache.catalina.users.MemoryUserDatabase.open(MemoryUserDatabase.java:431)
	at org.apache.catalina.users.MemoryUserDatabaseFactory.getObjectInstance(MemoryUserDatabaseFactory.java:104)
	at org.apache.naming.factory.ResourceFactory.getObjectInstance(ResourceFactory.java:143)
	at javax.naming.spi.NamingManager.getObjectInstance(NamingManager.java:321)
	at org.apache.naming.NamingContext.lookup(NamingContext.java:843)
	at org.apache.naming.NamingContext.lookup(NamingContext.java:168)
	at org.apache.catalina.realm.UserDatabaseRealm.startInternal(UserDatabaseRealm.java:255)
	at org.apache.catalina.util.LifecycleBase.start(LifecycleBase.java:150)
	at org.apache.catalina.realm.CombinedRealm.startInternal(CombinedRealm.java:201)
	at org.apache.catalina.realm.LockOutRealm.startInternal(LockOutRealm.java:120)
	at org.apache.catalina.util.LifecycleBase.start(LifecycleBase.java:150)
	at org.apache.catalina.core.ContainerBase.startInternal(ContainerBase.java:1109)
	at org.apache.catalina.core.StandardEngine.startInternal(StandardEngine.java:302)
	at org.apache.catalina.util.LifecycleBase.start(LifecycleBase.java:150)
	at org.apache.catalina.core.StandardService.startInternal(StandardService.java:443)
	at org.apache.catalina.util.LifecycleBase.start(LifecycleBase.java:150)
	at org.apache.catalina.core.StandardServer.startInternal(StandardServer.java:732)
	at org.apache.catalina.util.LifecycleBase.start(LifecycleBase.java:150)
	at org.apache.catalina.startup.Catalina.start(Catalina.java:691)
	at sun.reflect.NativeMethodAccessorImpl.invoke0(Native Method)
	at sun.reflect.NativeMethodAccessorImpl.invoke(NativeMethodAccessorImpl.java:57)
	at sun.reflect.DelegatingMethodAccessorImpl.invoke(DelegatingMethodAccessorImpl.java:43)
	at java.lang.reflect.Method.invoke(Method.java:606)
	at org.apache.catalina.startup.Bootstrap.start(Bootstrap.java:322)
	at org.apache.catalina.startup.Bootstrap.main(Bootstrap.java:456)

Oct 04, 2013 11:19:04 PM org.apache.naming.NamingContext lookup
WARNING: Unexpected exception resolving reference
org.xml.sax.SAXParseException; lineNumber: 36; columnNumber: 46; Attribute name "roles" associated with an element type "user" must be followed by the ' = ' character.
	at com.sun.org.apache.xerces.internal.parsers.AbstractSAXParser.parse(AbstractSAXParser.java:1236)
	at com.sun.org.apache.xerces.internal.jaxp.SAXParserImpl$JAXPSAXParser.parse(SAXParserImpl.java:568)
	at org.apache.tomcat.util.digester.Digester.parse(Digester.java:1556)
	at org.apache.catalina.users.MemoryUserDatabase.open(MemoryUserDatabase.java:431)
	at org.apache.catalina.users.MemoryUserDatabaseFactory.getObjectInstance(MemoryUserDatabaseFactory.java:104)
	at org.apache.naming.factory.ResourceFactory.getObjectInstance(ResourceFactory.java:143)
	at javax.naming.spi.NamingManager.getObjectInstance(NamingManager.java:321)
	at org.apache.naming.NamingContext.lookup(NamingContext.java:843)
	at org.apache.naming.NamingContext.lookup(NamingContext.java:168)
	at org.apache.catalina.realm.UserDatabaseRealm.startInternal(UserDatabaseRealm.java:255)
	at org.apache.catalina.util.LifecycleBase.start(LifecycleBase.java:150)
	at org.apache.catalina.realm.CombinedRealm.startInternal(CombinedRealm.java:201)
	at org.apache.catalina.realm.LockOutRealm.startInternal(LockOutRealm.java:120)
	at org.apache.catalina.util.LifecycleBase.start(LifecycleBase.java:150)
	at org.apache.catalina.core.ContainerBase.startInternal(ContainerBase.java:1109)
	at org.apache.catalina.core.StandardEngine.startInternal(StandardEngine.java:302)
	at org.apache.catalina.util.LifecycleBase.start(LifecycleBase.java:150)
	at org.apache.catalina.core.StandardService.startInternal(StandardService.java:443)
	at org.apache.catalina.util.LifecycleBase.start(LifecycleBase.java:150)
	at org.apache.catalina.core.StandardServer.startInternal(StandardServer.java:732)
	at org.apache.catalina.util.LifecycleBase.start(LifecycleBase.java:150)
	at org.apache.catalina.startup.Catalina.start(Catalina.java:691)
	at sun.reflect.NativeMethodAccessorImpl.invoke0(Native Method)
	at sun.reflect.NativeMethodAccessorImpl.invoke(NativeMethodAccessorImpl.java:57)
	at sun.reflect.DelegatingMethodAccessorImpl.invoke(DelegatingMethodAccessorImpl.java:43)
	at java.lang.reflect.Method.invoke(Method.java:606)
	at org.apache.catalina.startup.Bootstrap.start(Bootstrap.java:322)
	at org.apache.catalina.startup.Bootstrap.main(Bootstrap.java:456)

Oct 04, 2013 11:19:04 PM org.apache.catalina.realm.UserDatabaseRealm startInternal
SEVERE: Exception looking up UserDatabase under key UserDatabase
javax.naming.NamingException: Attribute name "roles" associated with an element type "user" must be followed by the ' = ' character.
	at org.apache.naming.NamingContext.lookup(NamingContext.java:860)
	at org.apache.naming.NamingContext.lookup(NamingContext.java:168)
	at org.apache.catalina.realm.UserDatabaseRealm.startInternal(UserDatabaseRealm.java:255)
	at org.apache.catalina.util.LifecycleBase.start(LifecycleBase.java:150)
	at org.apache.catalina.realm.CombinedRealm.startInternal(CombinedRealm.java:201)
	at org.apache.catalina.realm.LockOutRealm.startInternal(LockOutRealm.java:120)
	at org.apache.catalina.util.LifecycleBase.start(LifecycleBase.java:150)
	at org.apache.catalina.core.ContainerBase.startInternal(ContainerBase.java:1109)
	at org.apache.catalina.core.StandardEngine.startInternal(StandardEngine.java:302)
	at org.apache.catalina.util.LifecycleBase.start(LifecycleBase.java:150)
	at org.apache.catalina.core.StandardService.startInternal(StandardService.java:443)
	at org.apache.catalina.util.LifecycleBase.start(LifecycleBase.java:150)
	at org.apache.catalina.core.StandardServer.startInternal(StandardServer.java:732)
	at org.apache.catalina.util.LifecycleBase.start(LifecycleBase.java:150)
	at org.apache.catalina.startup.Catalina.start(Catalina.java:691)
	at sun.reflect.NativeMethodAccessorImpl.invoke0(Native Method)
	at sun.reflect.NativeMethodAccessorImpl.invoke(NativeMethodAccessorImpl.java:57)
	at sun.reflect.DelegatingMethodAccessorImpl.invoke(DelegatingMethodAccessorImpl.java:43)
	at java.lang.reflect.Method.invoke(Method.java:606)
	at org.apache.catalina.startup.Bootstrap.start(Bootstrap.java:322)
	at org.apache.catalina.startup.Bootstrap.main(Bootstrap.java:456)

Oct 04, 2013 11:19:04 PM org.apache.catalina.realm.CombinedRealm startInternal
SEVERE: Failed to start "org.apache.catalina.realm.UserDatabaseRealm/1.0" realm
org.apache.catalina.LifecycleException: Failed to start component [Realm[UserDatabaseRealm]]
	at org.apache.catalina.util.LifecycleBase.start(LifecycleBase.java:154)
	at org.apache.catalina.realm.CombinedRealm.startInternal(CombinedRealm.java:201)
	at org.apache.catalina.realm.LockOutRealm.startInternal(LockOutRealm.java:120)
	at org.apache.catalina.util.LifecycleBase.start(LifecycleBase.java:150)
	at org.apache.catalina.core.ContainerBase.startInternal(ContainerBase.java:1109)
	at org.apache.catalina.core.StandardEngine.startInternal(StandardEngine.java:302)
	at org.apache.catalina.util.LifecycleBase.start(LifecycleBase.java:150)
	at org.apache.catalina.core.StandardService.startInternal(StandardService.java:443)
	at org.apache.catalina.util.LifecycleBase.start(LifecycleBase.java:150)
	at org.apache.catalina.core.StandardServer.startInternal(StandardServer.java:732)
	at org.apache.catalina.util.LifecycleBase.start(LifecycleBase.java:150)
	at org.apache.catalina.startup.Catalina.start(Catalina.java:691)
	at sun.reflect.NativeMethodAccessorImpl.invoke0(Native Method)
	at sun.reflect.NativeMethodAccessorImpl.invoke(NativeMethodAccessorImpl.java:57)
	at sun.reflect.DelegatingMethodAccessorImpl.invoke(DelegatingMethodAccessorImpl.java:43)
	at java.lang.reflect.Method.invoke(Method.java:606)
	at org.apache.catalina.startup.Bootstrap.start(Bootstrap.java:322)
	at org.apache.catalina.startup.Bootstrap.main(Bootstrap.java:456)
Caused by: org.apache.catalina.LifecycleException: No UserDatabase component found under key UserDatabase
	at org.apache.catalina.realm.UserDatabaseRealm.startInternal(UserDatabaseRealm.java:264)
	at org.apache.catalina.util.LifecycleBase.start(LifecycleBase.java:150)
	... 17 more

Oct 04, 2013 11:19:04 PM org.apache.catalina.startup.HostConfig deployDirectory
INFO: Deploying web application directory /home/maxim/develoment/JavaCourse/javaCoursePracticStepan/apache-tomcat-7.0.42/webapps/docs
Oct 04, 2013 11:19:04 PM org.apache.catalina.startup.HostConfig deployDirectory
INFO: Deploying web application directory /home/maxim/develoment/JavaCourse/javaCoursePracticStepan/apache-tomcat-7.0.42/webapps/examples
Oct 04, 2013 11:19:04 PM org.apache.catalina.startup.HostConfig deployDirectory
INFO: Deploying web application directory /home/maxim/develoment/JavaCourse/javaCoursePracticStepan/apache-tomcat-7.0.42/webapps/ROOT
Oct 04, 2013 11:19:04 PM org.apache.catalina.startup.HostConfig deployDirectory
INFO: Deploying web application directory /home/maxim/develoment/JavaCourse/javaCoursePracticStepan/apache-tomcat-7.0.42/webapps/host-manager
Oct 04, 2013 11:19:04 PM org.apache.catalina.startup.HostConfig deployDirectory
INFO: Deploying web application directory /home/maxim/develoment/JavaCourse/javaCoursePracticStepan/apache-tomcat-7.0.42/webapps/manager
Oct 04, 2013 11:19:05 PM org.apache.coyote.AbstractProtocol start
INFO: Starting ProtocolHandler ["http-bio-8080"]
Oct 04, 2013 11:19:05 PM org.apache.coyote.AbstractProtocol start
INFO: Starting ProtocolHandler ["ajp-bio-8009"]
Oct 04, 2013 11:19:05 PM org.apache.catalina.startup.Catalina start
INFO: Server startup in 1016 ms
Oct 04, 2013 11:19:32 PM org.apache.catalina.core.StandardServer await
INFO: A valid shutdown command was received via the shutdown port. Stopping the Server instance.
Oct 04, 2013 11:19:32 PM org.apache.coyote.AbstractProtocol pause
INFO: Pausing ProtocolHandler ["http-bio-8080"]
Oct 04, 2013 11:19:32 PM org.apache.coyote.AbstractProtocol pause
INFO: Pausing ProtocolHandler ["ajp-bio-8009"]
Oct 04, 2013 11:19:32 PM org.apache.catalina.core.StandardService stopInternal
INFO: Stopping service Catalina
Oct 04, 2013 11:19:32 PM org.apache.coyote.AbstractProtocol stop
INFO: Stopping ProtocolHandler ["http-bio-8080"]
Oct 04, 2013 11:19:32 PM org.apache.coyote.AbstractProtocol stop
INFO: Stopping ProtocolHandler ["ajp-bio-8009"]
Oct 04, 2013 11:19:32 PM org.apache.coyote.AbstractProtocol destroy
INFO: Destroying ProtocolHandler ["http-bio-8080"]
Oct 04, 2013 11:19:32 PM org.apache.coyote.AbstractProtocol destroy
INFO: Destroying ProtocolHandler ["ajp-bio-8009"]
Oct 04, 2013 11:23:28 PM org.apache.catalina.core.AprLifecycleListener init
INFO: The APR based Apache Tomcat Native library which allows optimal performance in production environments was not found on the java.library.path: /usr/java/packages/lib/amd64:/usr/lib64:/lib64:/lib:/usr/lib
Oct 04, 2013 11:23:28 PM org.apache.coyote.AbstractProtocol init
INFO: Initializing ProtocolHandler ["http-bio-8080"]
Oct 04, 2013 11:23:28 PM org.apache.coyote.AbstractProtocol init
INFO: Initializing ProtocolHandler ["ajp-bio-8009"]
Oct 04, 2013 11:23:28 PM org.apache.catalina.startup.Catalina load
INFO: Initialization processed in 863 ms
Oct 04, 2013 11:23:28 PM org.apache.tomcat.util.digester.Digester fatalError
SEVERE: Parse Fatal Error at line 35 column 48: Attribute name "roles" associated with an element type "user" must be followed by the ' = ' character.
org.xml.sax.SAXParseException; lineNumber: 35; columnNumber: 48; Attribute name "roles" associated with an element type "user" must be followed by the ' = ' character.
	at com.sun.org.apache.xerces.internal.util.ErrorHandlerWrapper.createSAXParseException(ErrorHandlerWrapper.java:198)
	at com.sun.org.apache.xerces.internal.util.ErrorHandlerWrapper.fatalError(ErrorHandlerWrapper.java:177)
	at com.sun.org.apache.xerces.internal.impl.XMLErrorReporter.reportError(XMLErrorReporter.java:441)
	at com.sun.org.apache.xerces.internal.impl.XMLErrorReporter.reportError(XMLErrorReporter.java:368)
	at com.sun.org.apache.xerces.internal.impl.XMLScanner.reportFatalError(XMLScanner.java:1388)
	at com.sun.org.apache.xerces.internal.impl.XMLDocumentFragmentScannerImpl.scanAttribute(XMLDocumentFragmentScannerImpl.java:1490)
	at com.sun.org.apache.xerces.internal.impl.XMLDocumentFragmentScannerImpl.scanStartElement(XMLDocumentFragmentScannerImpl.java:1280)
	at com.sun.org.apache.xerces.internal.impl.XMLDocumentFragmentScannerImpl$FragmentContentDriver.next(XMLDocumentFragmentScannerImpl.java:2717)
	at com.sun.org.apache.xerces.internal.impl.XMLDocumentScannerImpl.next(XMLDocumentScannerImpl.java:607)
	at com.sun.org.apache.xerces.internal.impl.XMLDocumentFragmentScannerImpl.scanDocument(XMLDocumentFragmentScannerImpl.java:489)
	at com.sun.org.apache.xerces.internal.parsers.XML11Configuration.parse(XML11Configuration.java:835)
	at com.sun.org.apache.xerces.internal.parsers.XML11Configuration.parse(XML11Configuration.java:764)
	at com.sun.org.apache.xerces.internal.parsers.XMLParser.parse(XMLParser.java:123)
	at com.sun.org.apache.xerces.internal.parsers.AbstractSAXParser.parse(AbstractSAXParser.java:1210)
	at com.sun.org.apache.xerces.internal.jaxp.SAXParserImpl$JAXPSAXParser.parse(SAXParserImpl.java:568)
	at org.apache.tomcat.util.digester.Digester.parse(Digester.java:1556)
	at org.apache.catalina.users.MemoryUserDatabase.open(MemoryUserDatabase.java:431)
	at org.apache.catalina.users.MemoryUserDatabaseFactory.getObjectInstance(MemoryUserDatabaseFactory.java:104)
	at org.apache.naming.factory.ResourceFactory.getObjectInstance(ResourceFactory.java:143)
	at javax.naming.spi.NamingManager.getObjectInstance(NamingManager.java:321)
	at org.apache.naming.NamingContext.lookup(NamingContext.java:843)
	at org.apache.naming.NamingContext.lookup(NamingContext.java:154)
	at org.apache.naming.NamingContextBindingsEnumeration.nextElementInternal(NamingContextBindingsEnumeration.java:119)
	at org.apache.naming.NamingContextBindingsEnumeration.next(NamingContextBindingsEnumeration.java:73)
	at org.apache.naming.NamingContextBindingsEnumeration.next(NamingContextBindingsEnumeration.java:36)
	at org.apache.catalina.mbeans.GlobalResourcesLifecycleListener.createMBeans(GlobalResourcesLifecycleListener.java:140)
	at org.apache.catalina.mbeans.GlobalResourcesLifecycleListener.createMBeans(GlobalResourcesLifecycleListener.java:112)
	at org.apache.catalina.mbeans.GlobalResourcesLifecycleListener.lifecycleEvent(GlobalResourcesLifecycleListener.java:84)
	at org.apache.catalina.util.LifecycleSupport.fireLifecycleEvent(LifecycleSupport.java:119)
	at org.apache.catalina.util.LifecycleBase.fireLifecycleEvent(LifecycleBase.java:90)
	at org.apache.catalina.util.LifecycleBase.setStateInternal(LifecycleBase.java:402)
	at org.apache.catalina.util.LifecycleBase.setState(LifecycleBase.java:347)
	at org.apache.catalina.core.StandardServer.startInternal(StandardServer.java:725)
	at org.apache.catalina.util.LifecycleBase.start(LifecycleBase.java:150)
	at org.apache.catalina.startup.Catalina.start(Catalina.java:691)
	at sun.reflect.NativeMethodAccessorImpl.invoke0(Native Method)
	at sun.reflect.NativeMethodAccessorImpl.invoke(NativeMethodAccessorImpl.java:57)
	at sun.reflect.DelegatingMethodAccessorImpl.invoke(DelegatingMethodAccessorImpl.java:43)
	at java.lang.reflect.Method.invoke(Method.java:606)
	at org.apache.catalina.startup.Bootstrap.start(Bootstrap.java:322)
	at org.apache.catalina.startup.Bootstrap.main(Bootstrap.java:456)

Oct 04, 2013 11:23:28 PM org.apache.naming.NamingContext lookup
WARNING: Unexpected exception resolving reference
org.xml.sax.SAXParseException; lineNumber: 35; columnNumber: 48; Attribute name "roles" associated with an element type "user" must be followed by the ' = ' character.
	at com.sun.org.apache.xerces.internal.parsers.AbstractSAXParser.parse(AbstractSAXParser.java:1236)
	at com.sun.org.apache.xerces.internal.jaxp.SAXParserImpl$JAXPSAXParser.parse(SAXParserImpl.java:568)
	at org.apache.tomcat.util.digester.Digester.parse(Digester.java:1556)
	at org.apache.catalina.users.MemoryUserDatabase.open(MemoryUserDatabase.java:431)
	at org.apache.catalina.users.MemoryUserDatabaseFactory.getObjectInstance(MemoryUserDatabaseFactory.java:104)
	at org.apache.naming.factory.ResourceFactory.getObjectInstance(ResourceFactory.java:143)
	at javax.naming.spi.NamingManager.getObjectInstance(NamingManager.java:321)
	at org.apache.naming.NamingContext.lookup(NamingContext.java:843)
	at org.apache.naming.NamingContext.lookup(NamingContext.java:154)
	at org.apache.naming.NamingContextBindingsEnumeration.nextElementInternal(NamingContextBindingsEnumeration.java:119)
	at org.apache.naming.NamingContextBindingsEnumeration.next(NamingContextBindingsEnumeration.java:73)
	at org.apache.naming.NamingContextBindingsEnumeration.next(NamingContextBindingsEnumeration.java:36)
	at org.apache.catalina.mbeans.GlobalResourcesLifecycleListener.createMBeans(GlobalResourcesLifecycleListener.java:140)
	at org.apache.catalina.mbeans.GlobalResourcesLifecycleListener.createMBeans(GlobalResourcesLifecycleListener.java:112)
	at org.apache.catalina.mbeans.GlobalResourcesLifecycleListener.lifecycleEvent(GlobalResourcesLifecycleListener.java:84)
	at org.apache.catalina.util.LifecycleSupport.fireLifecycleEvent(LifecycleSupport.java:119)
	at org.apache.catalina.util.LifecycleBase.fireLifecycleEvent(LifecycleBase.java:90)
	at org.apache.catalina.util.LifecycleBase.setStateInternal(LifecycleBase.java:402)
	at org.apache.catalina.util.LifecycleBase.setState(LifecycleBase.java:347)
	at org.apache.catalina.core.StandardServer.startInternal(StandardServer.java:725)
	at org.apache.catalina.util.LifecycleBase.start(LifecycleBase.java:150)
	at org.apache.catalina.startup.Catalina.start(Catalina.java:691)
	at sun.reflect.NativeMethodAccessorImpl.invoke0(Native Method)
	at sun.reflect.NativeMethodAccessorImpl.invoke(NativeMethodAccessorImpl.java:57)
	at sun.reflect.DelegatingMethodAccessorImpl.invoke(DelegatingMethodAccessorImpl.java:43)
	at java.lang.reflect.Method.invoke(Method.java:606)
	at org.apache.catalina.startup.Bootstrap.start(Bootstrap.java:322)
	at org.apache.catalina.startup.Bootstrap.main(Bootstrap.java:456)

Oct 04, 2013 11:23:28 PM org.apache.catalina.mbeans.GlobalResourcesLifecycleListener createMBeans
SEVERE: Exception processing Global JNDI Resources
javax.naming.NamingException: Attribute name "roles" associated with an element type "user" must be followed by the ' = ' character.
	at org.apache.naming.NamingContext.lookup(NamingContext.java:860)
	at org.apache.naming.NamingContext.lookup(NamingContext.java:154)
	at org.apache.naming.NamingContextBindingsEnumeration.nextElementInternal(NamingContextBindingsEnumeration.java:119)
	at org.apache.naming.NamingContextBindingsEnumeration.next(NamingContextBindingsEnumeration.java:73)
	at org.apache.naming.NamingContextBindingsEnumeration.next(NamingContextBindingsEnumeration.java:36)
	at org.apache.catalina.mbeans.GlobalResourcesLifecycleListener.createMBeans(GlobalResourcesLifecycleListener.java:140)
	at org.apache.catalina.mbeans.GlobalResourcesLifecycleListener.createMBeans(GlobalResourcesLifecycleListener.java:112)
	at org.apache.catalina.mbeans.GlobalResourcesLifecycleListener.lifecycleEvent(GlobalResourcesLifecycleListener.java:84)
	at org.apache.catalina.util.LifecycleSupport.fireLifecycleEvent(LifecycleSupport.java:119)
	at org.apache.catalina.util.LifecycleBase.fireLifecycleEvent(LifecycleBase.java:90)
	at org.apache.catalina.util.LifecycleBase.setStateInternal(LifecycleBase.java:402)
	at org.apache.catalina.util.LifecycleBase.setState(LifecycleBase.java:347)
	at org.apache.catalina.core.StandardServer.startInternal(StandardServer.java:725)
	at org.apache.catalina.util.LifecycleBase.start(LifecycleBase.java:150)
	at org.apache.catalina.startup.Catalina.start(Catalina.java:691)
	at sun.reflect.NativeMethodAccessorImpl.invoke0(Native Method)
	at sun.reflect.NativeMethodAccessorImpl.invoke(NativeMethodAccessorImpl.java:57)
	at sun.reflect.DelegatingMethodAccessorImpl.invoke(DelegatingMethodAccessorImpl.java:43)
	at java.lang.reflect.Method.invoke(Method.java:606)
	at org.apache.catalina.startup.Bootstrap.start(Bootstrap.java:322)
	at org.apache.catalina.startup.Bootstrap.main(Bootstrap.java:456)

Oct 04, 2013 11:23:28 PM org.apache.catalina.core.StandardService startInternal
INFO: Starting service Catalina
Oct 04, 2013 11:23:28 PM org.apache.catalina.core.StandardEngine startInternal
INFO: Starting Servlet Engine: Apache Tomcat/7.0.42
Oct 04, 2013 11:23:28 PM org.apache.tomcat.util.digester.Digester fatalError
SEVERE: Parse Fatal Error at line 35 column 48: Attribute name "roles" associated with an element type "user" must be followed by the ' = ' character.
org.xml.sax.SAXParseException; lineNumber: 35; columnNumber: 48; Attribute name "roles" associated with an element type "user" must be followed by the ' = ' character.
	at com.sun.org.apache.xerces.internal.util.ErrorHandlerWrapper.createSAXParseException(ErrorHandlerWrapper.java:198)
	at com.sun.org.apache.xerces.internal.util.ErrorHandlerWrapper.fatalError(ErrorHandlerWrapper.java:177)
	at com.sun.org.apache.xerces.internal.impl.XMLErrorReporter.reportError(XMLErrorReporter.java:441)
	at com.sun.org.apache.xerces.internal.impl.XMLErrorReporter.reportError(XMLErrorReporter.java:368)
	at com.sun.org.apache.xerces.internal.impl.XMLScanner.reportFatalError(XMLScanner.java:1388)
	at com.sun.org.apache.xerces.internal.impl.XMLDocumentFragmentScannerImpl.scanAttribute(XMLDocumentFragmentScannerImpl.java:1490)
	at com.sun.org.apache.xerces.internal.impl.XMLDocumentFragmentScannerImpl.scanStartElement(XMLDocumentFragmentScannerImpl.java:1280)
	at com.sun.org.apache.xerces.internal.impl.XMLDocumentFragmentScannerImpl$FragmentContentDriver.next(XMLDocumentFragmentScannerImpl.java:2717)
	at com.sun.org.apache.xerces.internal.impl.XMLDocumentScannerImpl.next(XMLDocumentScannerImpl.java:607)
	at com.sun.org.apache.xerces.internal.impl.XMLDocumentFragmentScannerImpl.scanDocument(XMLDocumentFragmentScannerImpl.java:489)
	at com.sun.org.apache.xerces.internal.parsers.XML11Configuration.parse(XML11Configuration.java:835)
	at com.sun.org.apache.xerces.internal.parsers.XML11Configuration.parse(XML11Configuration.java:764)
	at com.sun.org.apache.xerces.internal.parsers.XMLParser.parse(XMLParser.java:123)
	at com.sun.org.apache.xerces.internal.parsers.AbstractSAXParser.parse(AbstractSAXParser.java:1210)
	at com.sun.org.apache.xerces.internal.jaxp.SAXParserImpl$JAXPSAXParser.parse(SAXParserImpl.java:568)
	at org.apache.tomcat.util.digester.Digester.parse(Digester.java:1556)
	at org.apache.catalina.users.MemoryUserDatabase.open(MemoryUserDatabase.java:431)
	at org.apache.catalina.users.MemoryUserDatabaseFactory.getObjectInstance(MemoryUserDatabaseFactory.java:104)
	at org.apache.naming.factory.ResourceFactory.getObjectInstance(ResourceFactory.java:143)
	at javax.naming.spi.NamingManager.getObjectInstance(NamingManager.java:321)
	at org.apache.naming.NamingContext.lookup(NamingContext.java:843)
	at org.apache.naming.NamingContext.lookup(NamingContext.java:168)
	at org.apache.catalina.realm.UserDatabaseRealm.startInternal(UserDatabaseRealm.java:255)
	at org.apache.catalina.util.LifecycleBase.start(LifecycleBase.java:150)
	at org.apache.catalina.realm.CombinedRealm.startInternal(CombinedRealm.java:201)
	at org.apache.catalina.realm.LockOutRealm.startInternal(LockOutRealm.java:120)
	at org.apache.catalina.util.LifecycleBase.start(LifecycleBase.java:150)
	at org.apache.catalina.core.ContainerBase.startInternal(ContainerBase.java:1109)
	at org.apache.catalina.core.StandardEngine.startInternal(StandardEngine.java:302)
	at org.apache.catalina.util.LifecycleBase.start(LifecycleBase.java:150)
	at org.apache.catalina.core.StandardService.startInternal(StandardService.java:443)
	at org.apache.catalina.util.LifecycleBase.start(LifecycleBase.java:150)
	at org.apache.catalina.core.StandardServer.startInternal(StandardServer.java:732)
	at org.apache.catalina.util.LifecycleBase.start(LifecycleBase.java:150)
	at org.apache.catalina.startup.Catalina.start(Catalina.java:691)
	at sun.reflect.NativeMethodAccessorImpl.invoke0(Native Method)
	at sun.reflect.NativeMethodAccessorImpl.invoke(NativeMethodAccessorImpl.java:57)
	at sun.reflect.DelegatingMethodAccessorImpl.invoke(DelegatingMethodAccessorImpl.java:43)
	at java.lang.reflect.Method.invoke(Method.java:606)
	at org.apache.catalina.startup.Bootstrap.start(Bootstrap.java:322)
	at org.apache.catalina.startup.Bootstrap.main(Bootstrap.java:456)

Oct 04, 2013 11:23:28 PM org.apache.naming.NamingContext lookup
WARNING: Unexpected exception resolving reference
org.xml.sax.SAXParseException; lineNumber: 35; columnNumber: 48; Attribute name "roles" associated with an element type "user" must be followed by the ' = ' character.
	at com.sun.org.apache.xerces.internal.parsers.AbstractSAXParser.parse(AbstractSAXParser.java:1236)
	at com.sun.org.apache.xerces.internal.jaxp.SAXParserImpl$JAXPSAXParser.parse(SAXParserImpl.java:568)
	at org.apache.tomcat.util.digester.Digester.parse(Digester.java:1556)
	at org.apache.catalina.users.MemoryUserDatabase.open(MemoryUserDatabase.java:431)
	at org.apache.catalina.users.MemoryUserDatabaseFactory.getObjectInstance(MemoryUserDatabaseFactory.java:104)
	at org.apache.naming.factory.ResourceFactory.getObjectInstance(ResourceFactory.java:143)
	at javax.naming.spi.NamingManager.getObjectInstance(NamingManager.java:321)
	at org.apache.naming.NamingContext.lookup(NamingContext.java:843)
	at org.apache.naming.NamingContext.lookup(NamingContext.java:168)
	at org.apache.catalina.realm.UserDatabaseRealm.startInternal(UserDatabaseRealm.java:255)
	at org.apache.catalina.util.LifecycleBase.start(LifecycleBase.java:150)
	at org.apache.catalina.realm.CombinedRealm.startInternal(CombinedRealm.java:201)
	at org.apache.catalina.realm.LockOutRealm.startInternal(LockOutRealm.java:120)
	at org.apache.catalina.util.LifecycleBase.start(LifecycleBase.java:150)
	at org.apache.catalina.core.ContainerBase.startInternal(ContainerBase.java:1109)
	at org.apache.catalina.core.StandardEngine.startInternal(StandardEngine.java:302)
	at org.apache.catalina.util.LifecycleBase.start(LifecycleBase.java:150)
	at org.apache.catalina.core.StandardService.startInternal(StandardService.java:443)
	at org.apache.catalina.util.LifecycleBase.start(LifecycleBase.java:150)
	at org.apache.catalina.core.StandardServer.startInternal(StandardServer.java:732)
	at org.apache.catalina.util.LifecycleBase.start(LifecycleBase.java:150)
	at org.apache.catalina.startup.Catalina.start(Catalina.java:691)
	at sun.reflect.NativeMethodAccessorImpl.invoke0(Native Method)
	at sun.reflect.NativeMethodAccessorImpl.invoke(NativeMethodAccessorImpl.java:57)
	at sun.reflect.DelegatingMethodAccessorImpl.invoke(DelegatingMethodAccessorImpl.java:43)
	at java.lang.reflect.Method.invoke(Method.java:606)
	at org.apache.catalina.startup.Bootstrap.start(Bootstrap.java:322)
	at org.apache.catalina.startup.Bootstrap.main(Bootstrap.java:456)

Oct 04, 2013 11:23:28 PM org.apache.catalina.realm.UserDatabaseRealm startInternal
SEVERE: Exception looking up UserDatabase under key UserDatabase
javax.naming.NamingException: Attribute name "roles" associated with an element type "user" must be followed by the ' = ' character.
	at org.apache.naming.NamingContext.lookup(NamingContext.java:860)
	at org.apache.naming.NamingContext.lookup(NamingContext.java:168)
	at org.apache.catalina.realm.UserDatabaseRealm.startInternal(UserDatabaseRealm.java:255)
	at org.apache.catalina.util.LifecycleBase.start(LifecycleBase.java:150)
	at org.apache.catalina.realm.CombinedRealm.startInternal(CombinedRealm.java:201)
	at org.apache.catalina.realm.LockOutRealm.startInternal(LockOutRealm.java:120)
	at org.apache.catalina.util.LifecycleBase.start(LifecycleBase.java:150)
	at org.apache.catalina.core.ContainerBase.startInternal(ContainerBase.java:1109)
	at org.apache.catalina.core.StandardEngine.startInternal(StandardEngine.java:302)
	at org.apache.catalina.util.LifecycleBase.start(LifecycleBase.java:150)
	at org.apache.catalina.core.StandardService.startInternal(StandardService.java:443)
	at org.apache.catalina.util.LifecycleBase.start(LifecycleBase.java:150)
	at org.apache.catalina.core.StandardServer.startInternal(StandardServer.java:732)
	at org.apache.catalina.util.LifecycleBase.start(LifecycleBase.java:150)
	at org.apache.catalina.startup.Catalina.start(Catalina.java:691)
	at sun.reflect.NativeMethodAccessorImpl.invoke0(Native Method)
	at sun.reflect.NativeMethodAccessorImpl.invoke(NativeMethodAccessorImpl.java:57)
	at sun.reflect.DelegatingMethodAccessorImpl.invoke(DelegatingMethodAccessorImpl.java:43)
	at java.lang.reflect.Method.invoke(Method.java:606)
	at org.apache.catalina.startup.Bootstrap.start(Bootstrap.java:322)
	at org.apache.catalina.startup.Bootstrap.main(Bootstrap.java:456)

Oct 04, 2013 11:23:28 PM org.apache.catalina.realm.CombinedRealm startInternal
SEVERE: Failed to start "org.apache.catalina.realm.UserDatabaseRealm/1.0" realm
org.apache.catalina.LifecycleException: Failed to start component [Realm[UserDatabaseRealm]]
	at org.apache.catalina.util.LifecycleBase.start(LifecycleBase.java:154)
	at org.apache.catalina.realm.CombinedRealm.startInternal(CombinedRealm.java:201)
	at org.apache.catalina.realm.LockOutRealm.startInternal(LockOutRealm.java:120)
	at org.apache.catalina.util.LifecycleBase.start(LifecycleBase.java:150)
	at org.apache.catalina.core.ContainerBase.startInternal(ContainerBase.java:1109)
	at org.apache.catalina.core.StandardEngine.startInternal(StandardEngine.java:302)
	at org.apache.catalina.util.LifecycleBase.start(LifecycleBase.java:150)
	at org.apache.catalina.core.StandardService.startInternal(StandardService.java:443)
	at org.apache.catalina.util.LifecycleBase.start(LifecycleBase.java:150)
	at org.apache.catalina.core.StandardServer.startInternal(StandardServer.java:732)
	at org.apache.catalina.util.LifecycleBase.start(LifecycleBase.java:150)
	at org.apache.catalina.startup.Catalina.start(Catalina.java:691)
	at sun.reflect.NativeMethodAccessorImpl.invoke0(Native Method)
	at sun.reflect.NativeMethodAccessorImpl.invoke(NativeMethodAccessorImpl.java:57)
	at sun.reflect.DelegatingMethodAccessorImpl.invoke(DelegatingMethodAccessorImpl.java:43)
	at java.lang.reflect.Method.invoke(Method.java:606)
	at org.apache.catalina.startup.Bootstrap.start(Bootstrap.java:322)
	at org.apache.catalina.startup.Bootstrap.main(Bootstrap.java:456)
Caused by: org.apache.catalina.LifecycleException: No UserDatabase component found under key UserDatabase
	at org.apache.catalina.realm.UserDatabaseRealm.startInternal(UserDatabaseRealm.java:264)
	at org.apache.catalina.util.LifecycleBase.start(LifecycleBase.java:150)
	... 17 more

Oct 04, 2013 11:23:28 PM org.apache.catalina.startup.HostConfig deployDirectory
INFO: Deploying web application directory /home/maxim/develoment/JavaCourse/javaCoursePracticStepan/apache-tomcat-7.0.42/webapps/docs
Oct 04, 2013 11:23:29 PM org.apache.catalina.startup.HostConfig deployDirectory
INFO: Deploying web application directory /home/maxim/develoment/JavaCourse/javaCoursePracticStepan/apache-tomcat-7.0.42/webapps/examples
Oct 04, 2013 11:23:29 PM org.apache.catalina.startup.HostConfig deployDirectory
INFO: Deploying web application directory /home/maxim/develoment/JavaCourse/javaCoursePracticStepan/apache-tomcat-7.0.42/webapps/ROOT
Oct 04, 2013 11:23:29 PM org.apache.catalina.startup.HostConfig deployDirectory
INFO: Deploying web application directory /home/maxim/develoment/JavaCourse/javaCoursePracticStepan/apache-tomcat-7.0.42/webapps/host-manager
Oct 04, 2013 11:23:29 PM org.apache.catalina.startup.HostConfig deployDirectory
INFO: Deploying web application directory /home/maxim/develoment/JavaCourse/javaCoursePracticStepan/apache-tomcat-7.0.42/webapps/manager
Oct 04, 2013 11:23:29 PM org.apache.coyote.AbstractProtocol start
INFO: Starting ProtocolHandler ["http-bio-8080"]
Oct 04, 2013 11:23:29 PM org.apache.coyote.AbstractProtocol start
INFO: Starting ProtocolHandler ["ajp-bio-8009"]
Oct 04, 2013 11:23:29 PM org.apache.catalina.startup.Catalina start
INFO: Server startup in 1100 ms
Oct 04, 2013 11:23:45 PM org.apache.catalina.core.StandardServer await
INFO: A valid shutdown command was received via the shutdown port. Stopping the Server instance.
Oct 04, 2013 11:23:45 PM org.apache.coyote.AbstractProtocol pause
INFO: Pausing ProtocolHandler ["http-bio-8080"]
Oct 04, 2013 11:23:45 PM org.apache.coyote.AbstractProtocol pause
INFO: Pausing ProtocolHandler ["ajp-bio-8009"]
Oct 04, 2013 11:23:45 PM org.apache.catalina.core.StandardService stopInternal
INFO: Stopping service Catalina
Oct 04, 2013 11:23:45 PM org.apache.coyote.AbstractProtocol stop
INFO: Stopping ProtocolHandler ["http-bio-8080"]
Oct 04, 2013 11:23:45 PM org.apache.coyote.AbstractProtocol stop
INFO: Stopping ProtocolHandler ["ajp-bio-8009"]
Oct 04, 2013 11:23:45 PM org.apache.coyote.AbstractProtocol destroy
INFO: Destroying ProtocolHandler ["http-bio-8080"]
Oct 04, 2013 11:23:45 PM org.apache.coyote.AbstractProtocol destroy
INFO: Destroying ProtocolHandler ["ajp-bio-8009"]
Oct 04, 2013 11:26:14 PM org.apache.catalina.core.AprLifecycleListener init
INFO: The APR based Apache Tomcat Native library which allows optimal performance in production environments was not found on the java.library.path: /usr/java/packages/lib/amd64:/usr/lib64:/lib64:/lib:/usr/lib
Oct 04, 2013 11:26:14 PM org.apache.coyote.AbstractProtocol init
INFO: Initializing ProtocolHandler ["http-bio-8080"]
Oct 04, 2013 11:26:14 PM org.apache.coyote.AbstractProtocol init
INFO: Initializing ProtocolHandler ["ajp-bio-8009"]
Oct 04, 2013 11:26:14 PM org.apache.catalina.startup.Catalina load
INFO: Initialization processed in 887 ms
Oct 04, 2013 11:26:14 PM org.apache.catalina.core.StandardService startInternal
INFO: Starting service Catalina
Oct 04, 2013 11:26:14 PM org.apache.catalina.core.StandardEngine startInternal
INFO: Starting Servlet Engine: Apache Tomcat/7.0.42
Oct 04, 2013 11:26:14 PM org.apache.catalina.startup.HostConfig deployDirectory
INFO: Deploying web application directory /home/maxim/develoment/JavaCourse/javaCoursePracticStepan/apache-tomcat-7.0.42/webapps/docs
Oct 04, 2013 11:26:15 PM org.apache.catalina.startup.HostConfig deployDirectory
INFO: Deploying web application directory /home/maxim/develoment/JavaCourse/javaCoursePracticStepan/apache-tomcat-7.0.42/webapps/examples
Oct 04, 2013 11:26:15 PM org.apache.catalina.startup.HostConfig deployDirectory
INFO: Deploying web application directory /home/maxim/develoment/JavaCourse/javaCoursePracticStepan/apache-tomcat-7.0.42/webapps/ROOT
Oct 04, 2013 11:26:15 PM org.apache.catalina.startup.HostConfig deployDirectory
INFO: Deploying web application directory /home/maxim/develoment/JavaCourse/javaCoursePracticStepan/apache-tomcat-7.0.42/webapps/host-manager
Oct 04, 2013 11:26:15 PM org.apache.catalina.startup.HostConfig deployDirectory
INFO: Deploying web application directory /home/maxim/develoment/JavaCourse/javaCoursePracticStepan/apache-tomcat-7.0.42/webapps/manager
Oct 04, 2013 11:26:15 PM org.apache.coyote.AbstractProtocol start
INFO: Starting ProtocolHandler ["http-bio-8080"]
Oct 04, 2013 11:26:16 PM org.apache.coyote.AbstractProtocol start
INFO: Starting ProtocolHandler ["ajp-bio-8009"]
Oct 04, 2013 11:26:16 PM org.apache.catalina.startup.Catalina start
INFO: Server startup in 1134 ms
Oct 04, 2013 11:26:51 PM org.apache.catalina.core.StandardServer await
INFO: A valid shutdown command was received via the shutdown port. Stopping the Server instance.
Oct 04, 2013 11:26:51 PM org.apache.coyote.AbstractProtocol pause
INFO: Pausing ProtocolHandler ["http-bio-8080"]
Oct 04, 2013 11:26:51 PM org.apache.coyote.AbstractProtocol pause
INFO: Pausing ProtocolHandler ["ajp-bio-8009"]
Oct 04, 2013 11:26:51 PM org.apache.catalina.core.StandardService stopInternal
INFO: Stopping service Catalina
Oct 04, 2013 11:26:51 PM org.apache.coyote.AbstractProtocol stop
INFO: Stopping ProtocolHandler ["http-bio-8080"]
Oct 04, 2013 11:26:51 PM org.apache.coyote.AbstractProtocol stop
INFO: Stopping ProtocolHandler ["ajp-bio-8009"]
Oct 04, 2013 11:26:51 PM org.apache.coyote.AbstractProtocol destroy
INFO: Destroying ProtocolHandler ["http-bio-8080"]
Oct 04, 2013 11:26:51 PM org.apache.coyote.AbstractProtocol destroy
INFO: Destroying ProtocolHandler ["ajp-bio-8009"]
Oct 04, 2013 11:27:47 PM org.apache.catalina.core.AprLifecycleListener init
INFO: The APR based Apache Tomcat Native library which allows optimal performance in production environments was not found on the java.library.path: /usr/java/packages/lib/amd64:/usr/lib64:/lib64:/lib:/usr/lib
Oct 04, 2013 11:27:48 PM org.apache.coyote.AbstractProtocol init
INFO: Initializing ProtocolHandler ["http-bio-8080"]
Oct 04, 2013 11:27:48 PM org.apache.coyote.AbstractProtocol init
INFO: Initializing ProtocolHandler ["ajp-bio-8009"]
Oct 04, 2013 11:27:48 PM org.apache.catalina.startup.Catalina load
INFO: Initialization processed in 770 ms
Oct 04, 2013 11:27:48 PM org.apache.catalina.core.StandardService startInternal
INFO: Starting service Catalina
Oct 04, 2013 11:27:48 PM org.apache.catalina.core.StandardEngine startInternal
INFO: Starting Servlet Engine: Apache Tomcat/7.0.42
Oct 04, 2013 11:27:48 PM org.apache.catalina.startup.HostConfig deployDirectory
INFO: Deploying web application directory /home/maxim/develoment/JavaCourse/javaCoursePracticStepan/apache-tomcat-7.0.42/webapps/docs
Oct 04, 2013 11:27:48 PM org.apache.catalina.startup.HostConfig deployDirectory
INFO: Deploying web application directory /home/maxim/develoment/JavaCourse/javaCoursePracticStepan/apache-tomcat-7.0.42/webapps/examples
Oct 04, 2013 11:27:48 PM org.apache.catalina.startup.HostConfig deployDirectory
INFO: Deploying web application directory /home/maxim/develoment/JavaCourse/javaCoursePracticStepan/apache-tomcat-7.0.42/webapps/ROOT
Oct 04, 2013 11:27:48 PM org.apache.catalina.startup.HostConfig deployDirectory
INFO: Deploying web application directory /home/maxim/develoment/JavaCourse/javaCoursePracticStepan/apache-tomcat-7.0.42/webapps/host-manager
Oct 04, 2013 11:27:48 PM org.apache.catalina.startup.HostConfig deployDirectory
INFO: Deploying web application directory /home/maxim/develoment/JavaCourse/javaCoursePracticStepan/apache-tomcat-7.0.42/webapps/manager
Oct 04, 2013 11:27:49 PM org.apache.coyote.AbstractProtocol start
INFO: Starting ProtocolHandler ["http-bio-8080"]
Oct 04, 2013 11:27:49 PM org.apache.coyote.AbstractProtocol start
INFO: Starting ProtocolHandler ["ajp-bio-8009"]
Oct 04, 2013 11:27:49 PM org.apache.catalina.startup.Catalina start
INFO: Server startup in 1017 ms
Oct 04, 2013 11:29:39 PM org.apache.catalina.core.StandardServer await
INFO: A valid shutdown command was received via the shutdown port. Stopping the Server instance.
Oct 04, 2013 11:29:39 PM org.apache.coyote.AbstractProtocol pause
INFO: Pausing ProtocolHandler ["http-bio-8080"]
Oct 04, 2013 11:29:39 PM org.apache.coyote.AbstractProtocol pause
INFO: Pausing ProtocolHandler ["ajp-bio-8009"]
Oct 04, 2013 11:29:39 PM org.apache.catalina.core.StandardService stopInternal
INFO: Stopping service Catalina
Oct 04, 2013 11:29:39 PM org.apache.coyote.AbstractProtocol stop
INFO: Stopping ProtocolHandler ["http-bio-8080"]
Oct 04, 2013 11:29:39 PM org.apache.coyote.AbstractProtocol stop
INFO: Stopping ProtocolHandler ["ajp-bio-8009"]
Oct 04, 2013 11:29:39 PM org.apache.coyote.AbstractProtocol destroy
INFO: Destroying ProtocolHandler ["http-bio-8080"]
Oct 04, 2013 11:29:39 PM org.apache.coyote.AbstractProtocol destroy
INFO: Destroying ProtocolHandler ["ajp-bio-8009"]
Oct 04, 2013 11:29:42 PM org.apache.catalina.core.AprLifecycleListener init
INFO: The APR based Apache Tomcat Native library which allows optimal performance in production environments was not found on the java.library.path: /usr/java/packages/lib/amd64:/usr/lib64:/lib64:/lib:/usr/lib
Oct 04, 2013 11:29:42 PM org.apache.coyote.AbstractProtocol init
INFO: Initializing ProtocolHandler ["http-bio-8080"]
Oct 04, 2013 11:29:42 PM org.apache.coyote.AbstractProtocol init
INFO: Initializing ProtocolHandler ["ajp-bio-8009"]
Oct 04, 2013 11:29:42 PM org.apache.catalina.startup.Catalina load
INFO: Initialization processed in 776 ms
Oct 04, 2013 11:29:42 PM org.apache.catalina.core.StandardService startInternal
INFO: Starting service Catalina
Oct 04, 2013 11:29:42 PM org.apache.catalina.core.StandardEngine startInternal
INFO: Starting Servlet Engine: Apache Tomcat/7.0.42
Oct 04, 2013 11:29:42 PM org.apache.catalina.startup.HostConfig deployDirectory
INFO: Deploying web application directory /home/maxim/develoment/JavaCourse/javaCoursePracticStepan/apache-tomcat-7.0.42/webapps/docs
Oct 04, 2013 11:29:43 PM org.apache.catalina.startup.HostConfig deployDirectory
INFO: Deploying web application directory /home/maxim/develoment/JavaCourse/javaCoursePracticStepan/apache-tomcat-7.0.42/webapps/examples
Oct 04, 2013 11:29:43 PM org.apache.catalina.startup.HostConfig deployDirectory
INFO: Deploying web application directory /home/maxim/develoment/JavaCourse/javaCoursePracticStepan/apache-tomcat-7.0.42/webapps/ROOT
Oct 04, 2013 11:29:43 PM org.apache.catalina.startup.HostConfig deployDirectory
INFO: Deploying web application directory /home/maxim/develoment/JavaCourse/javaCoursePracticStepan/apache-tomcat-7.0.42/webapps/host-manager
Oct 04, 2013 11:29:43 PM org.apache.catalina.startup.HostConfig deployDirectory
INFO: Deploying web application directory /home/maxim/develoment/JavaCourse/javaCoursePracticStepan/apache-tomcat-7.0.42/webapps/manager
Oct 04, 2013 11:29:43 PM org.apache.coyote.AbstractProtocol start
INFO: Starting ProtocolHandler ["http-bio-8080"]
Oct 04, 2013 11:29:43 PM org.apache.coyote.AbstractProtocol start
INFO: Starting ProtocolHandler ["ajp-bio-8009"]
Oct 04, 2013 11:29:43 PM org.apache.catalina.startup.Catalina start
INFO: Server startup in 1144 ms
Oct 05, 2013 12:18:11 AM org.apache.catalina.core.StandardServer await
WARNING: StandardServer.await: Invalid command '' received
Oct 05, 2013 12:24:51 AM org.apache.catalina.core.StandardServer await
WARNING: StandardServer.await: Invalid command '' received
Oct 05, 2013 12:26:47 AM org.apache.catalina.core.StandardServer await
WARNING: StandardServer.await: Invalid command '' received
Oct 05, 2013 12:27:38 AM org.apache.catalina.core.StandardServer await
INFO: A valid shutdown command was received via the shutdown port. Stopping the Server instance.
Oct 05, 2013 12:27:38 AM org.apache.coyote.AbstractProtocol pause
INFO: Pausing ProtocolHandler ["http-bio-8080"]
Oct 05, 2013 12:27:38 AM org.apache.coyote.AbstractProtocol pause
INFO: Pausing ProtocolHandler ["ajp-bio-8009"]
Oct 05, 2013 12:27:38 AM org.apache.catalina.core.StandardService stopInternal
INFO: Stopping service Catalina
Oct 05, 2013 12:27:38 AM org.apache.coyote.AbstractProtocol stop
INFO: Stopping ProtocolHandler ["http-bio-8080"]
Oct 05, 2013 12:27:38 AM org.apache.coyote.AbstractProtocol stop
INFO: Stopping ProtocolHandler ["ajp-bio-8009"]
Oct 05, 2013 12:27:38 AM org.apache.coyote.AbstractProtocol destroy
INFO: Destroying ProtocolHandler ["http-bio-8080"]
Oct 05, 2013 12:27:38 AM org.apache.coyote.AbstractProtocol destroy
INFO: Destroying ProtocolHandler ["ajp-bio-8009"]
