12:39:28,423  INFO main MainHttpd:main:34 - Start httpd
12:40:02,616 DEBUG Client Client:run:36 - Enter: 
12:40:20,904 DEBUG Client Client:run:36 - Enter: 
12:40:25,436 DEBUG Client Client:run:36 - Enter: 
12:40:29,891 DEBUG Client Client:run:36 - Enter: 
12:40:38,834 DEBUG Client Client:run:36 - Enter: 
12:40:43,563 DEBUG Client Client:run:36 - Enter: 
12:40:51,836 DEBUG Client Client:run:36 - Enter: 
12:40:56,846 FATAL Client Client:run:93 - 
java.net.SocketException: Broken pipe
	at java.net.SocketOutputStream.socketWrite0(Native Method)
	at java.net.SocketOutputStream.socketWrite(SocketOutputStream.java:109)
	at java.net.SocketOutputStream.write(SocketOutputStream.java:153)
	at Client.sendDataToClient(Client.java:116)
	at Client.run(Client.java:90)
	at java.lang.Thread.run(Thread.java:724)
12:41:03,637 DEBUG Client Client:run:36 - Enter: 
12:41:06,663 DEBUG Client Client:run:36 - Enter: 
12:41:12,901 DEBUG Client Client:run:36 - Enter: 
12:41:17,907 FATAL Client Client:run:93 - 
java.net.SocketException: Broken pipe
	at java.net.SocketOutputStream.socketWrite0(Native Method)
	at java.net.SocketOutputStream.socketWrite(SocketOutputStream.java:109)
	at java.net.SocketOutputStream.write(SocketOutputStream.java:153)
	at Client.sendDataToClient(Client.java:116)
	at Client.run(Client.java:90)
	at java.lang.Thread.run(Thread.java:724)
12:42:09,284  INFO main MainHttpd:main:34 - Start httpd
12:42:10,772 DEBUG Client Client:run:36 - Enter: 
12:42:13,468 DEBUG Client Client:run:36 - Enter: 
12:42:17,676 DEBUG Client Client:run:36 - Enter: 
12:42:23,812 DEBUG Client Client:run:36 - Enter: 
12:42:33,383 DEBUG Client Client:run:36 - Enter: 
12:42:40,158 DEBUG Client Client:run:36 - Enter: 
12:42:44,949 DEBUG Client Client:run:36 - Enter: 
12:42:50,169 FATAL Client Client:run:93 - 
java.net.SocketException: Broken pipe
	at java.net.SocketOutputStream.socketWrite0(Native Method)
	at java.net.SocketOutputStream.socketWrite(SocketOutputStream.java:109)
	at java.net.SocketOutputStream.write(SocketOutputStream.java:153)
	at Client.sendDataToClient(Client.java:116)
	at Client.run(Client.java:90)
	at java.lang.Thread.run(Thread.java:724)
12:45:04,433 DEBUG Client Client:run:36 - Enter: 
12:45:04,798 DEBUG Client Client:run:36 - Enter: 
12:45:05,111 DEBUG Client Client:run:36 - Enter: 
12:45:06,399 DEBUG Client Client:run:36 - Enter: 
12:45:09,451 DEBUG Client Client:run:36 - Enter: 
12:45:17,609 DEBUG Client Client:run:36 - Enter: 
12:45:22,620 FATAL Client Client:run:93 - 
java.net.SocketException: Broken pipe
	at java.net.SocketOutputStream.socketWrite0(Native Method)
	at java.net.SocketOutputStream.socketWrite(SocketOutputStream.java:109)
	at java.net.SocketOutputStream.write(SocketOutputStream.java:153)
	at Client.sendDataToClient(Client.java:116)
	at Client.run(Client.java:90)
	at java.lang.Thread.run(Thread.java:724)
18:54:27,783  INFO main MainHttpd:main:34 - Start httpd
18:54:43,407 DEBUG Client Client:run:36 - Enter: 
18:54:43,643 DEBUG Client Client:run:36 - Enter: 
18:54:50,930 DEBUG Client Client:run:36 - Enter: 
18:54:51,594 DEBUG Client Client:run:36 - Enter: 
18:54:53,851 DEBUG Client Client:run:36 - Enter: 
18:54:54,041 DEBUG Client Client:run:36 - Enter: 
18:54:56,246 DEBUG Client Client:run:36 - Enter: 
18:54:56,426 DEBUG Client Client:run:36 - Enter: 
18:54:58,525 DEBUG Client Client:run:36 - Enter: 
18:55:02,610 DEBUG Client Client:run:36 - Enter: 
18:55:02,814 DEBUG Client Client:run:36 - Enter: 
18:55:05,446 DEBUG Client Client:run:36 - Enter: 
18:55:06,972 DEBUG Client Client:run:36 - Enter: 
18:55:44,863 DEBUG Client Client:run:36 - Enter: 
18:55:45,045 DEBUG Client Client:run:36 - Enter: 
18:55:47,056 DEBUG Client Client:run:36 - Enter: 
18:55:47,169 DEBUG Client Client:run:36 - Enter: 
18:55:48,985 DEBUG Client Client:run:36 - Enter: 
18:55:49,180 DEBUG Client Client:run:36 - Enter: 
18:55:50,933 DEBUG Client Client:run:36 - Enter: 
18:55:51,118 DEBUG Client Client:run:36 - Enter: 
18:55:53,275 DEBUG Client Client:run:36 - Enter: 
18:55:53,457 DEBUG Client Client:run:36 - Enter: 
18:55:55,376 DEBUG Client Client:run:36 - Enter: 
18:55:56,658 DEBUG Client Client:run:36 - Enter: 
18:55:59,325 DEBUG Client Client:run:36 - Enter: 
18:55:59,513 DEBUG Client Client:run:36 - Enter: 
18:56:02,402 DEBUG Client Client:run:36 - Enter: 
18:56:02,533 DEBUG Client Client:run:36 - Enter: 
